Log file open, 07/01/18 00:21:44
LogWindows: Failed to load 'aqProf.dll' (GetLastError=126)
LogWindows: File 'aqProf.dll' does not exist
LogWindows: Failed to load 'VtuneApi.dll' (GetLastError=126)
LogWindows: File 'VtuneApi.dll' does not exist
LogWindows: Failed to load 'VtuneApi32e.dll' (GetLastError=126)
LogWindows: File 'VtuneApi32e.dll' does not exist
LogInit: Display: Running engine for game: OT_Game
LogPlatformFile: Not using cached read wrapper
LogInit: Display: RandInit(-2059435569) SRandInit(-2059435569).
LogTaskGraph: Started task graph with 5 named threads and 14 total threads with 3 sets of task threads.
LogStats: Stats thread started at 0.186463
LogD3D11RHI: Aftermath initialized
LogPluginManager: Mounting plugin Paper2D
LogPluginManager: Mounting plugin LightPropagationVolume
LogPluginManager: Mounting plugin CodeLiteSourceCodeAccess
LogPluginManager: Mounting plugin GitSourceControl
LogPluginManager: Mounting plugin KDevelopSourceCodeAccess
LogPluginManager: Mounting plugin NullSourceCodeAccess
LogPluginManager: Mounting plugin PerforceSourceControl
LogPluginManager: Mounting plugin SubversionSourceControl
LogPluginManager: Mounting plugin UObjectPlugin
LogPluginManager: Mounting plugin VisualStudioSourceCodeAccess
LogPluginManager: Mounting plugin XCodeSourceCodeAccess
LogPluginManager: Mounting plugin AssetManagerEditor
LogPluginManager: Mounting plugin AudioCapture
LogPluginManager: Mounting plugin FacialAnimation
LogPluginManager: Mounting plugin GameplayTagsEditor
LogPluginManager: Mounting plugin MobileLauncherProfileWizard
LogPluginManager: Mounting plugin PluginBrowser
LogPluginManager: Mounting plugin SpeedTreeImporter
LogPluginManager: Mounting plugin AlembicImporter
LogPluginManager: Mounting plugin CharacterAI
LogPluginManager: Mounting plugin HTML5Networking
LogPluginManager: Mounting plugin AndroidMedia
LogPluginManager: Mounting plugin AvfMedia
LogPluginManager: Mounting plugin MediaPlayerEditor
LogPluginManager: Mounting plugin WmfMedia
LogPluginManager: Mounting plugin TcpMessaging
LogPluginManager: Mounting plugin UdpMessaging
LogPluginManager: Mounting plugin LevelSequenceEditor
LogPluginManager: Mounting plugin MatineeToLevelSequence
LogPluginManager: Mounting plugin OnlineSubsystemGooglePlay
LogPluginManager: Mounting plugin OnlineSubsystemIOS
LogPluginManager: Mounting plugin OnlineSubsystem
LogPluginManager: Mounting plugin OnlineSubsystemNull
LogPluginManager: Mounting plugin OnlineSubsystemUtils
LogPluginManager: Mounting plugin AndroidDeviceProfileSelector
LogPluginManager: Mounting plugin AndroidMoviePlayer
LogPluginManager: Mounting plugin AndroidPermission
LogPluginManager: Mounting plugin AppleMoviePlayer
LogPluginManager: Mounting plugin ArchVisCharacter
LogPluginManager: Mounting plugin CableComponent
LogPluginManager: Mounting plugin CustomMeshComponent
LogPluginManager: Mounting plugin ExampleDeviceProfileSelector
LogPluginManager: Mounting plugin GoogleCloudMessaging
LogPluginManager: Mounting plugin ImmediatePhysics
LogPluginManager: Mounting plugin IOSDeviceProfileSelector
LogPluginManager: Mounting plugin LinuxDeviceProfileSelector
LogPluginManager: Mounting plugin LocationServicesBPLibrary
LogPluginManager: Mounting plugin MobilePatchingUtils
LogPluginManager: Mounting plugin OculusVR
LogPluginManager: Mounting plugin PhysXVehicles
LogPluginManager: Mounting plugin ProceduralMeshComponent
LogPluginManager: Mounting plugin RuntimePhysXCooking
LogPluginManager: Mounting plugin SteamVR
LogPluginManager: Mounting plugin WindowsMoviePlayer
LogInit: Using libcurl 7.47.1
LogInit:  - built for x86_64-pc-win32
LogInit:  - supports SSL with OpenSSL/1.0.2g
LogInit:  - supports HTTP deflate (compression) using libz 1.2.8
LogInit:  - other features:
LogInit:      CURL_VERSION_SSL
LogInit:      CURL_VERSION_LIBZ
LogInit:      CURL_VERSION_IPV6
LogInit:      CURL_VERSION_ASYNCHDNS
LogInit:      CURL_VERSION_LARGEFILE
LogInit:      CURL_VERSION_IDN
LogInit:  CurlRequestOptions (configurable via config and command line):
LogInit:  - bVerifyPeer = false  - Libcurl will NOT verify peer certificate
LogInit:  - bUseHttpProxy = false  - Libcurl will NOT use HTTP proxy
LogInit:  - bDontReuseConnections = false  - Libcurl will reuse connections
LogInit:  - CertBundlePath = nullptr  - Libcurl will use whatever was configured at build time.
LogInit: Build: ++UE4+Release-4.17-CL-3658906
LogInit: Engine Version: 4.17.2-3658906+++UE4+Release-4.17
LogInit: Compatible Engine Version: 4.17.0-3573198+++UE4+Release-4.17
LogInit: Net CL: 3573198
LogDevObjectVersion: Number of dev versions registered: 16
LogDevObjectVersion:   Dev-Blueprints (B0D832E4-1F89-4F0D-ACCF-7EB736FD4AA2): 10
LogDevObjectVersion:   Dev-Build (E1C64328-A22C-4D53-A36C-8E866417BD8C): 0
LogDevObjectVersion:   Dev-Core (375EC13C-06E4-48FB-B500-84F0262A717E): 2
LogDevObjectVersion:   Dev-Editor (E4B068ED-F494-42E9-A231-DA0B2E46BB41): 20
LogDevObjectVersion:   Dev-Framework (CFFC743F-43B0-4480-9391-14DF171D2073): 28
LogDevObjectVersion:   Dev-Mobile (B02B49B5-BB20-44E9-A304-32B752E40360): 0
LogDevObjectVersion:   Dev-Networking (A4E4105C-59A1-49B5-A7C5-40C4547EDFEE): 0
LogDevObjectVersion:   Dev-Online (39C831C9-5AE6-47DC-9A44-9C173E1C8E7C): 0
LogDevObjectVersion:   Dev-Physics (78F01B33-EBEA-4F98-B9B4-84EACCB95AA2): 0
LogDevObjectVersion:   Dev-Platform (6631380F-2D4D-43E0-8009-CF276956A95A): 0
LogDevObjectVersion:   Dev-Rendering (12F88B9F-8875-4AFC-A67C-D90C383ABD29): 19
LogDevObjectVersion:   Dev-Sequencer (7B5AE74C-D270-4C10-A958-57980B212A5A): 4
LogDevObjectVersion:   Dev-VR (D7296918-1DD6-4BDD-9DE2-64A83CC13884): 0
LogDevObjectVersion:   Dev-LoadTimes (C2A15278-BFE7-4AFE-6C17-90FF531DF755): 1
LogDevObjectVersion:   Private-Geometry (6EACA3D4-40EC-4CC1-B786-8BED09428FC5): 1
LogDevObjectVersion:   Dev-AnimPhys (29E575DD-E0A3-4627-9D10-D276232CDCEA): 7
LogInit: Compiled (64-bit): Sep 22 2017 13:47:16
LogInit: Compiled with Visual C++: 19.00.24215.01
LogInit: Build Configuration: Development
LogInit: Branch Name: ++UE4+Release-4.17
LogInit: Command line:  
LogInit: Base directory: C:/Program Files/Epic Games/UE_4.17/Engine/Binaries/Win64/
LogInit: Installed Engine Build: 1
LogInit: Presizing for max 8388607 objects, including 0 objects not considered by GC, pre-allocating 0 bytes for permanent pool.
LogInit: Object subsystem initialized
[2018.06.30-22.21.45:425][  0]LogInit: Selected Device Profile: [Windows]
[2018.06.30-22.21.45:425][  0]LogInit: Applying CVar settings loaded from the selected device profile: [Windows]
[2018.06.30-22.21.45:440][  0]LogInit: Computer: LENOVO-PC
[2018.06.30-22.21.45:440][  0]LogInit: User: Christian
[2018.06.30-22.21.45:440][  0]LogInit: CPU Page size=4096, Cores=4
[2018.06.30-22.21.45:440][  0]LogInit: High frequency timer resolution =3.117798 MHz
[2018.06.30-22.21.45:440][  0]LogMemory: Memory total: Physical=7.9GB (8GB approx)
[2018.06.30-22.21.45:440][  0]LogMemory: Platform Memory Stats for Windows
[2018.06.30-22.21.45:440][  0]LogMemory: Process Physical Memory: 277.25 MB used, 277.25 MB peak
[2018.06.30-22.21.45:440][  0]LogMemory: Process Virtual Memory: 274.18 MB used, 274.18 MB peak
[2018.06.30-22.21.45:440][  0]LogMemory: Physical Memory: 5112.07 MB used,  3011.97 MB free, 8124.04 MB total
[2018.06.30-22.21.45:440][  0]LogMemory: Virtual Memory: 4784.08 MB used,  3011.97 MB free, 134217728.00 MB total
[2018.06.30-22.21.45:658][  0]LogInit: Using OS detected language (fr-FR).
[2018.06.30-22.21.45:658][  0]LogInit: Using OS detected locale (fr-FR).
[2018.06.30-22.21.45:662][  0]LogTextLocalizationManager: No localization for 'fr-FR' exists, so 'en' will be used for the language.
[2018.06.30-22.21.45:663][  0]LogTextLocalizationManager: No localization for 'fr-FR' exists, so 'en' will be used for the locale.
[2018.06.30-22.21.46:448][  0]LogD3D11RHI: D3D11 adapters:
[2018.06.30-22.21.46:491][  0]LogD3D11RHI:    0. 'NVIDIA GeForce GTX 745' (Feature Level 11_0)
[2018.06.30-22.21.46:492][  0]LogD3D11RHI:       2007/0/4062 MB DedicatedVideo/DedicatedSystem/SharedSystem, Outputs:1, VendorId:0x10de
[2018.06.30-22.21.46:494][  0]LogD3D11RHI:    1. 'Microsoft Basic Render Driver' (Feature Level 11_0)
[2018.06.30-22.21.46:494][  0]LogD3D11RHI:       0/0/4062 MB DedicatedVideo/DedicatedSystem/SharedSystem, Outputs:0, VendorId:0x1414
[2018.06.30-22.21.46:494][  0]LogD3D11RHI: Chosen D3D11 Adapter: 0
[2018.06.30-22.21.46:500][  0]LogD3D11RHI: Creating new Direct3DDevice
[2018.06.30-22.21.46:500][  0]LogD3D11RHI:     GPU DeviceId: 0x1382 (for the marketing name, search the web for "GPU Device Id")
[2018.06.30-22.21.46:500][  0]LogWindows: EnumDisplayDevices:
[2018.06.30-22.21.46:500][  0]LogWindows:    0. 'NVIDIA GeForce GTX 745' (P:1 D:1)
[2018.06.30-22.21.46:501][  0]LogWindows:    1. 'NVIDIA GeForce GTX 745' (P:0 D:0)
[2018.06.30-22.21.46:501][  0]LogWindows:    2. 'LMIMIRR' (P:0 D:0)
[2018.06.30-22.21.46:501][  0]LogWindows: DebugString: GetVideoDriverDetailsInvalid PrimaryIsNotTheChoosenAdapter GetVideoDriverDetailsInvalid PrimaryIsNotTheChoosenAdapter GetVideoDriverDetailsInvalid PrimaryIsNotTheChoosenAdapter FoundDriverCount:0 
[2018.06.30-22.21.46:501][  0]LogD3D11RHI:     Adapter Name: NVIDIA GeForce GTX 745
[2018.06.30-22.21.46:501][  0]LogD3D11RHI:   Driver Version: Unknown (internal:Unknown, unified:Unknown)
[2018.06.30-22.21.46:501][  0]LogD3D11RHI:      Driver Date: Unknown
[2018.06.30-22.21.46:501][  0]LogRHI: Texture pool is 1361 MB (70% of 1945 MB)
[2018.06.30-22.21.46:527][  0]LogD3D11RHI: Async texture creation enabled
[2018.06.30-22.21.46:545][  0]LogD3D11RHI: GPU Timing Frequency: 1000.000000 (Debug: 2 2)
[2018.06.30-22.21.46:547][  0]LogShaderCompilers: Guid format shader working directory is -17 characters bigger than the processId version (../../../../../../Users/Christian/Documents/Unreal Projects/OT_Game/Intermediate/Shaders/WorkingDirectory/4440/).
[2018.06.30-22.21.46:547][  0]LogShaderCompilers: Cleaned the shader compiler working directory 'C:/Users/Christian/AppData/Local/Temp/UnrealShaderWorkingDir/3DFDFD254AB8F2AB4933B58E86C7866F/'.
[2018.06.30-22.21.46:547][  0]LogShaderCompilers: Display: Using Local Shader Compiler.
[2018.06.30-22.21.47:564][  0]LogTemp: Display: Loaded TP AllDesktopTargetPlatform
[2018.06.30-22.21.47:633][  0]LogTemp: Display: Loaded TP MacClientTargetPlatform
[2018.06.30-22.21.47:703][  0]LogTemp: Display: Loaded TP MacNoEditorTargetPlatform
[2018.06.30-22.21.47:779][  0]LogTemp: Display: Loaded TP MacServerTargetPlatform
[2018.06.30-22.21.47:851][  0]LogTemp: Display: Loaded TP MacTargetPlatform
[2018.06.30-22.21.47:922][  0]LogTemp: Display: Loaded TP WindowsClientTargetPlatform
[2018.06.30-22.21.47:991][  0]LogTemp: Display: Loaded TP WindowsNoEditorTargetPlatform
[2018.06.30-22.21.48:059][  0]LogTemp: Display: Loaded TP WindowsServerTargetPlatform
[2018.06.30-22.21.48:120][  0]LogTemp: Display: Loaded TP WindowsTargetPlatform
[2018.06.30-22.21.48:188][  0]LogTemp: Display: Loaded TP AndroidTargetPlatform
[2018.06.30-22.21.48:254][  0]LogTemp: Display: Loaded TP Android_ASTCTargetPlatform
[2018.06.30-22.21.48:321][  0]LogTemp: Display: Loaded TP Android_ATCTargetPlatform
[2018.06.30-22.21.48:387][  0]LogTemp: Display: Loaded TP Android_DXTTargetPlatform
[2018.06.30-22.21.48:453][  0]LogTemp: Display: Loaded TP Android_ETC1TargetPlatform
[2018.06.30-22.21.48:520][  0]LogTemp: Display: Loaded TP Android_ETC2TargetPlatform
[2018.06.30-22.21.48:654][  0]LogTemp: Display: Loaded TP Android_MultiTargetPlatform
[2018.06.30-22.21.48:654][  0]LogTemp: Display: Loaded TP Android_PVRTCTargetPlatform
[2018.06.30-22.21.48:709][  0]LogTemp: Display: Loaded TP HTML5TargetPlatform
[2018.06.30-22.21.48:826][  0]LogTemp: Display: Loaded TP IOSTargetPlatform
[2018.06.30-22.21.48:861][  0]LogTemp: Display: Loaded TP TVOSTargetPlatform
[2018.06.30-22.21.48:929][  0]LogTemp: Display: Loaded TP LinuxClientTargetPlatform
[2018.06.30-22.21.48:997][  0]LogTemp: Display: Loaded TP LinuxNoEditorTargetPlatform
[2018.06.30-22.21.49:066][  0]LogTemp: Display: Loaded TP LinuxServerTargetPlatform
[2018.06.30-22.21.49:136][  0]LogTemp: Display: Loaded TP LinuxTargetPlatform
[2018.06.30-22.21.49:136][  0]LogTargetPlatformManager: Display: Building Assets For Windows
[2018.06.30-22.21.49:794][  0]LogDerivedDataCache: Display: Max Cache Size: 512 MB
[2018.06.30-22.21.49:908][  0]LogDerivedDataCache: Loaded boot cache 0.11s 93MB C:/Users/Christian/AppData/Local/UnrealEngine/4.17/DerivedDataCache/Boot.ddc.
[2018.06.30-22.21.49:908][  0]LogDerivedDataCache: Display: Loaded Boot cache: C:/Users/Christian/AppData/Local/UnrealEngine/4.17/DerivedDataCache/Boot.ddc
[2018.06.30-22.21.49:908][  0]LogDerivedDataCache: FDerivedDataBackendGraph:  Pak pak cache file ../../../../../../Users/Christian/Documents/Unreal Projects/OT_Game/DerivedDataCache/DDC.ddp not found, will not use a pak cache.
[2018.06.30-22.21.49:908][  0]LogDerivedDataCache: Unable to find inner node Pak for hierarchical cache Hierarchy.
[2018.06.30-22.21.49:908][  0]LogDerivedDataCache: FDerivedDataBackendGraph:  CompressedPak pak cache file ../../../../../../Users/Christian/Documents/Unreal Projects/OT_Game/DerivedDataCache/Compressed.ddp not found, will not use a pak cache.
[2018.06.30-22.21.49:908][  0]LogDerivedDataCache: Unable to find inner node CompressedPak for hierarchical cache Hierarchy.
[2018.06.30-22.21.49:926][  0]LogDerivedDataCache: Display: Pak cache opened for reading ../../../Engine/DerivedDataCache/Compressed.ddp.
[2018.06.30-22.21.49:939][  0]LogDerivedDataCache: Using Local data cache path C:/Users/Christian/AppData/Local/UnrealEngine/Common/DerivedDataCache: Writable
[2018.06.30-22.21.49:951][  0]LogMaterial: Verifying Global Shaders for PCD3D_SM5
[2018.06.30-22.21.49:951][  0]LogSlate: Using Freetype 2.6.0
[2018.06.30-22.21.49:952][  0]LogSlate: SlateFontCache - WITH_FREETYPE: 1, WITH_HARFBUZZ: 1
[2018.06.30-22.21.49:952][  0]LogSlate: SlateFontCache - WITH_FREETYPE: 1, WITH_HARFBUZZ: 1
[2018.06.30-22.21.50:266][  0]LogAssetRegistry: FAssetRegistry took 0.0268 seconds to start up
[2018.06.30-22.21.50:408][  0]LogInit: Selected Device Profile: [Windows]
[2018.06.30-22.21.50:943][  0]LogSimplygon: Simplygon DLL not present - disabling.
[2018.06.30-22.21.51:002][  0]LogMeshReduction: Using SimplygonSwarm for distributed automatic mesh merging
[2018.06.30-22.21.51:002][  0]LogMeshReduction: Using QuadricMeshReduction for automatic static mesh reduction
[2018.06.30-22.21.51:002][  0]LogMeshReduction: No automatic skeletal mesh reduction module available
[2018.06.30-22.21.51:002][  0]LogMeshReduction: No automatic mesh merging module available
[2018.06.30-22.21.51:002][  0]LogMeshMerging: No automatic mesh merging module available
[2018.06.30-22.21.51:003][  0]LogContentStreaming: Texture pool size is 0.00 MB
[2018.06.30-22.21.51:519][  0]LogNetVersion: OT_Game , NetCL: 3573198, EngineNetVer: 2, GameNetVer: 0 (Checksum: 2452558151)
[2018.06.30-22.21.51:774][  0]LogPackageLocalizationCache: Processed 5 localized package path(s) for 1 prioritized culture(s) in 0.035508 seconds
[2018.06.30-22.21.51:781][  0]LogUObjectArray: 35825 objects as part of root set at end of initial load.
[2018.06.30-22.21.51:781][  0]LogUObjectAllocator: 7529104 out of 0 bytes used by permanent object pool.
[2018.06.30-22.21.51:781][  0]LogUObjectArray: CloseDisregardForGC: 0/0 objects in disregard for GC pool
[2018.06.30-22.21.51:862][  0]LogInit: WinSock: version 1.1 (2.2), MaxSocks=32767, MaxUdp=65467
[2018.06.30-22.21.55:232][  0]LogTcpMessaging: Initializing TcpMessaging bridge
[2018.06.30-22.21.55:285][  0]LogUdpMessaging: Initializing bridge on interface 0.0.0.0:0 to multicast group 230.0.0.1:6666.
[2018.06.30-22.21.56:205][  0]LogMaterial: Uniform references updated for custom material expression Custom.
[2018.06.30-22.21.56:775][  0]SourceControl: Source control is disabled
[2018.06.30-22.21.56:775][  0]SourceControl: Source control is disabled
[2018.06.30-22.21.56:846][  0]SourceControl: Source control is disabled
[2018.06.30-22.21.56:918][  0]SourceControl: Source control is disabled
[2018.06.30-22.21.57:821][  0]LogAndroidPermission: UAndroidPermissionCallbackProxy::GetInstance
[2018.06.30-22.21.58:188][  0]LogOcInput: OculusInput pre-init called
[2018.06.30-22.21.58:548][  0]LogEngine: Initializing Engine...
[2018.06.30-22.21.58:550][  0]LogHMD: Failed to initialize OpenVR with code 110
[2018.06.30-22.21.58:846][  0]LogStats: UGameplayTagsManager::ConstructGameplayTagTree: Construct from data asset -  0.000 s
[2018.06.30-22.21.58:846][  0]LogStats: UGameplayTagsManager::ConstructGameplayTagTree: GameplayTagTreeChangedEvent.Broadcast -  0.000 s
[2018.06.30-22.21.59:031][  0]LogAIModule: Creating AISystem for world Untitled
[2018.06.30-22.21.59:049][  0]LogInit: XAudio2 using 'Haut-parleurs (JBL Charge 2+ Stereo)' : 2 channels at 44.1 kHz using 16 bits per sample (channel mask 0x3)
[2018.06.30-22.21.59:063][  0]LogInit: FAudioDevice initialized.
[2018.06.30-22.21.59:294][  0]LogDerivedDataCache: Saved boot cache 0.23s 93MB C:/Users/Christian/AppData/Local/UnrealEngine/4.17/DerivedDataCache/Boot.ddc.
[2018.06.30-22.21.59:311][  0]LogInit: Texture streaming: Enabled
[2018.06.30-22.21.59:467][  0]LogEngineSessionManager: EngineSessionManager initialized
[2018.06.30-22.21.59:797][  0]LogInit: Transaction tracking system initialized
[2018.06.30-22.22.00:261][  0]BlueprintLog: New page: Editor Load
[2018.06.30-22.22.01:535][  0]LocalizationService: Localization service is disabled
[2018.06.30-22.22.02:545][  0]LogConsoleResponse: Display: 
[2018.06.30-22.22.02:771][  0]LogCook: Display: Max memory allowance for cook 16384mb min free memory 0mb
[2018.06.30-22.22.02:771][  0]LogCook: Display: Mobile HDR setting 1
[2018.06.30-22.22.02:771][  0]LogGameplayTags: Display: UGameplayTagsManager::DoneAddingNativeTags. DelegateIsBound: 0
[2018.06.30-22.22.03:524][  0]LogFileCache: Scanning file cache for directory 'C:/Users/Christian/Documents/Unreal Projects/OT_Game/Content/' took 0.02s
[2018.06.30-22.22.04:279][  0]SourceControl: Source control is disabled
[2018.06.30-22.22.04:279][  0]Cmd: MAP LOAD FILE="../../../../../../Users/Christian/Documents/Unreal Projects/OT_Game/Content/FirstPersonBP/Maps/Map_Menu.umap" TEMPLATE=0 SHOWPROGRESS=1 FEATURELEVEL=3
[2018.06.30-22.22.04:280][  0]LightingResults: New page: Lighting Build
[2018.06.30-22.22.04:339][  0]MapCheck: New page: Map Check
[2018.06.30-22.22.04:339][  0]LightingResults: New page: Lighting Build
[2018.06.30-22.22.04:382][  0]LogAIModule: Creating AISystem for world Map_Menu
[2018.06.30-22.22.04:383][  0]LogEditorServer: Finished looking for orphan Actors (0.000 secs)
[2018.06.30-22.22.04:397][  0]Cmd: MAP CHECKDEP NOCLEARLOG
[2018.06.30-22.22.04:484][  0]MapCheck: Map check complete: 0 Error(s), 0 Warning(s), took 86.898ms to complete.
[2018.06.30-22.22.04:484][  0]LogFileHelpers: Loading map 'Map_Menu' took 0.205
[2018.06.30-22.22.04:671][  0]LogCollectionManager: Loaded 0 collections in 0.002463 seconds
[2018.06.30-22.22.04:777][  0]LogFileCache: Scanning file cache for directory 'C:/Users/Christian/Documents/Unreal Projects/OT_Game/Saved/Collections/' took 0.01s
[2018.06.30-22.22.04:777][  0]LogFileCache: Scanning file cache for directory 'C:/Users/Christian/Documents/Unreal Projects/OT_Game/Content/Developers/Christian/Collections/' took 0.01s
[2018.06.30-22.22.04:777][  0]LogFileCache: Scanning file cache for directory 'C:/Users/Christian/Documents/Unreal Projects/OT_Game/Content/Collections/' took 0.01s
[2018.06.30-22.22.04:777][  0]LogCollectionManager: Rebuilt the GUID cache for 0 collections in 0.000001 seconds
[2018.06.30-22.22.04:786][  0]LogContentBrowser: Native class hierarchy populated in 0.0091 seconds. Added 2386 classes and 500 folders.
[2018.06.30-22.22.04:875][  0]LogContentBrowser: Native class hierarchy updated for 'WidgetCarousel' in 0.0009 seconds. Added 0 classes and 0 folders.
[2018.06.30-22.22.04:941][  0]LogContentBrowser: Native class hierarchy updated for 'AddContentDialog' in 0.0008 seconds. Added 0 classes and 0 folders.
[2018.06.30-22.22.05:001][  0]LogContentBrowser: Native class hierarchy updated for 'SceneOutliner' in 0.0007 seconds. Added 1 classes and 2 folders.
[2018.06.30-22.22.05:067][  0]LogSlate: Took 0.000288 seconds to synchronously load lazily loaded font '../../../Engine/Content/Slate/Fonts/Roboto-Regular.ttf' (155K)
[2018.06.30-22.22.05:070][  0]LogSlate: Took 0.000288 seconds to synchronously load lazily loaded font '../../../Engine/Content/Slate/Fonts/Roboto-Bold.ttf' (160K)
[2018.06.30-22.22.05:076][  0]LogSlate: Took 0.000300 seconds to synchronously load lazily loaded font '../../../Engine/Content/Editor/Slate/Fonts/FontAwesome.ttf' (139K)
[2018.06.30-22.22.05:180][  0]LogRenderer: Reallocating scene render targets to support 384x376 Format 10 NumSamples 1 (Frame:1).
[2018.06.30-22.22.05:389][  0]LogContentBrowser: Native class hierarchy updated for 'HierarchicalLODOutliner' in 0.0008 seconds. Added 1 classes and 2 folders.
[2018.06.30-22.22.05:389][  0]LogLoad: (Engine Initialization) Total time: 22.43 seconds
[2018.06.30-22.22.05:389][  0]LogLoad: (Engine Initialization) Total Blueprint compile time: 0.00 seconds
[2018.06.30-22.22.05:389][  0]LogExternalProfiler: Found external profiler: VSPerf
[2018.06.30-22.22.05:389][  0]LogExternalProfiler: Using external profiler: VSPerf
[2018.06.30-22.22.05:399][  0]LogWindowsTextInputMethodSystem: Display: IME system now deactivated.
[2018.06.30-22.22.05:418][  0]LogContentStreaming: Texture pool size now 1000 MB
[2018.06.30-22.22.05:453][  0]LogSlate: Took 0.000201 seconds to synchronously load lazily loaded font '../../../Engine/Content/Slate/Fonts/Roboto-Light.ttf' (159K)
[2018.06.30-22.22.05:494][  1]LogAssetRegistry: Asset discovery search completed in 15.2491 seconds
[2018.06.30-22.22.05:497][  1]LogCollectionManager: Rebuilt the object cache for 0 collections in 0.000001 seconds (found 0 objects)
[2018.06.30-22.22.05:497][  1]LogCollectionManager: Fixed up redirectors for 0 collections in 0.000058 seconds (updated 0 objects)
[2018.06.30-22.22.06:412][ 87]LogSlate: Took 0.000284 seconds to synchronously load lazily loaded font '../../../Engine/Content/Slate/Fonts/Roboto-Light.ttf' (159K)
[2018.06.30-22.22.42:535][405]LogSlate: Took 0.000229 seconds to synchronously load lazily loaded font '../../../Engine/Content/Slate/Fonts/Roboto-Light.ttf' (159K)
[2018.06.30-22.22.43:416][405]LogSlate: Took 0.000243 seconds to synchronously load lazily loaded font '../../../Engine/Content/Slate/Fonts/Roboto-Regular.ttf' (155K)
[2018.06.30-22.23.09:249][405]LogAIModule: Creating AISystem for world Maison_Voleur_Intérieur
[2018.06.30-22.23.09:302][405]Cmd: MAP LOAD FILE="../../../../../../Users/Christian/Documents/Unreal Projects/OT_Game/Content/FirstPersonBP/Maps/Maison_Voleur_Intérieur.umap" TEMPLATE=0 SHOWPROGRESS=1 FEATURELEVEL=3
[2018.06.30-22.23.09:302][405]LightingResults: New page: Lighting Build
[2018.06.30-22.23.09:303][405]LoadErrors: New page: Loading map: Maison_Voleur_Intérieur.umap
[2018.06.30-22.23.09:303][405]MapCheck: New page: Map Check
[2018.06.30-22.23.09:303][405]LightingResults: New page: Lighting Build
[2018.06.30-22.23.09:408][405]LogEditorServer: Finished looking for orphan Actors (0.000 secs)
[2018.06.30-22.23.09:803][405]Cmd: MAP CHECKDEP NOCLEARLOG
[2018.06.30-22.23.09:948][405]MapCheck: Map check complete: 0 Error(s), 0 Warning(s), took 145.014ms to complete.
[2018.06.30-22.23.09:949][405]LogFileHelpers: Loading map 'Maison_Voleur_Intérieur' took 0.648
[2018.06.30-22.23.16:360][ 43]LogTemp: Repeating last play command: Selected Viewport
[2018.06.30-22.23.16:436][ 43]LogPlayLevel: PlayLevel: No blueprints needed recompiling
[2018.06.30-22.23.16:437][ 43]PIE: New page: PIE session: Maison_Voleur_Intérieur (Jul 1, 2018, 2:23:16 AM)
[2018.06.30-22.23.16:437][ 43]LogPlayLevel: Creating play world package: /Game/FirstPersonBP/Maps/UEDPIE_0_Maison_Voleur_Intérieur
[2018.06.30-22.23.16:445][ 43]LogPlayLevel: PIE: StaticDuplicateObject took: (0.008049s)
[2018.06.30-22.23.16:446][ 43]LogAIModule: Creating AISystem for world Maison_Voleur_Intérieur
[2018.06.30-22.23.16:446][ 43]LogPlayLevel: PIE: World Init took: (0.000909s)
[2018.06.30-22.23.16:446][ 43]LogPlayLevel: PIE: Created PIE world by copying editor world from /Game/FirstPersonBP/Maps/Maison_Voleur_Intérieur.Maison_Voleur_Intérieur to /Game/FirstPersonBP/Maps/UEDPIE_0_Maison_Voleur_Intérieur.Maison_Voleur_Intérieur (0.009304s)
[2018.06.30-22.23.16:468][ 43]LogInit: XAudio2 using 'Haut-parleurs (JBL Charge 2+ Stereo)' : 2 channels at 44.1 kHz using 16 bits per sample (channel mask 0x3)
[2018.06.30-22.23.16:478][ 43]LogInit: FAudioDevice initialized.
[2018.06.30-22.23.16:775][ 43]LogLoad: Game class is 'FirstPersonGameMode_C'
[2018.06.30-22.23.16:780][ 43]LogWorld: Bringing World /Game/FirstPersonBP/Maps/UEDPIE_0_Maison_Voleur_Intérieur.Maison_Voleur_Intérieur up for play (max tick rate 0) at 2018.07.01-00.23.16
[2018.06.30-22.23.16:781][ 43]LogWorld: Bringing up level for play took: 0.004112
[2018.06.30-22.23.16:841][ 43]LogContentBrowser: Native class hierarchy updated for 'MovieSceneCapture' in 0.0007 seconds. Added 11 classes and 0 folders.
[2018.06.30-22.23.16:843][ 43]PIE: Play in editor start time for /Game/FirstPersonBP/Maps/UEDPIE_0_Maison_Voleur_Intérieur -0.501
[2018.06.30-22.26.24:233][ 84]LogAIModule: Creating AISystem for world Map_Menu
[2018.06.30-22.26.24:248][ 84]Cmd: MAP LOAD FILE="../../../../../../Users/Christian/Documents/Unreal Projects/OT_Game/Content/FirstPersonBP/Maps/Map_Menu.umap" TEMPLATE=0 SHOWPROGRESS=1 FEATURELEVEL=3
[2018.06.30-22.26.24:248][ 84]LightingResults: New page: Lighting Build
[2018.06.30-22.26.24:248][ 84]LoadErrors: New page: Loading map: Map_Menu.umap
[2018.06.30-22.26.24:250][ 84]MapCheck: New page: Map Check
[2018.06.30-22.26.24:250][ 84]LightingResults: New page: Lighting Build
[2018.06.30-22.26.24:325][ 84]LogEditorServer: Finished looking for orphan Actors (0.000 secs)
[2018.06.30-22.26.24:358][ 84]Cmd: MAP CHECKDEP NOCLEARLOG
[2018.06.30-22.26.24:523][ 84]MapCheck: Map check complete: 0 Error(s), 0 Warning(s), took 165.016ms to complete.
[2018.06.30-22.26.24:525][ 84]LogFileHelpers: Loading map 'Map_Menu' took 0.278
[2018.06.30-22.26.25:489][191]MapCheck: New page: Map Check
[2018.06.30-22.26.25:511][191]Cmd: MAP REBUILD ALLVISIBLE
[2018.06.30-22.26.25:511][191]LogEditorServer: Rebuildmap Clear paths rebuilt
[2018.06.30-22.26.25:687][191]TextureStreamingBuild: Display: Build Texture Streaming took 0.003 seconds.
[2018.06.30-22.26.25:700][191]LightingResults: New page: Lighting Build - Jul 1, 2018, 2:26:25 AM
[2018.06.30-22.26.25:807][191]LogSwarmInterface: [OpenConnection] Registering TCP channel ...
[2018.06.30-22.26.26:091][191]LogSwarmInterface: [OpenConnection] Connecting to agent ...
[2018.06.30-22.26.26:139][191]LogSwarmInterface: [TryOpenConnection] Testing the Agent
[2018.06.30-22.26.27:279][191]LogSwarmInterface: [TryOpenConnection] Opening Connection to Agent
[2018.06.30-22.26.27:279][191]LogSwarmInterface: [TryOpenConnection] Local Process ID is 4440
[2018.06.30-22.26.30:870][191]LogStaticLightingSystem: Warning: No importance volume found, so the scene bounding box was used.  You can optimize your scene's quality and lighting build times by adding importance volumes.
[2018.06.30-22.26.31:899][191]LogEditorBuildUtils: Build time 0:06
[2018.06.30-22.26.31:922][191]LogEditorViewport: Clicking Background
[2018.06.30-22.26.31:935][191]LogEditorViewport: Clicking Background
[2018.06.30-22.26.34:086][437]LogTemp: Repeating last play command: Selected Viewport
[2018.06.30-22.26.34:101][437]LogBlueprintUserMessages: Early PlayInEditor Detection: Level '/Game/FirstPersonBP/Maps/Map_Menu.Map_Menu:PersistentLevel' has LevelScriptBlueprint '/Game/FirstPersonBP/Maps/Map_Menu.Map_Menu:PersistentLevel.Map_Menu' with GeneratedClass '/Game/FirstPersonBP/Maps/Map_Menu.Map_Menu_C' with ClassGeneratedBy '/Game/FirstPersonBP/Maps/Map_Menu.Map_Menu:PersistentLevel.Map_Menu'
[2018.06.30-22.26.34:101][437]LogPlayLevel: PlayLevel: No blueprints needed recompiling
[2018.06.30-22.26.34:102][437]PIE: New page: PIE session: Map_Menu (Jul 1, 2018, 2:26:34 AM)
[2018.06.30-22.26.34:102][437]LogPlayLevel: Creating play world package: /Game/FirstPersonBP/Maps/UEDPIE_0_Map_Menu
[2018.06.30-22.26.34:103][437]LogPlayLevel: PIE: StaticDuplicateObject took: (0.001033s)
[2018.06.30-22.26.34:103][437]LogAIModule: Creating AISystem for world Map_Menu
[2018.06.30-22.26.34:104][437]LogPlayLevel: PIE: World Init took: (0.000683s)
[2018.06.30-22.26.34:104][437]LogPlayLevel: PIE: Created PIE world by copying editor world from /Game/FirstPersonBP/Maps/Map_Menu.Map_Menu to /Game/FirstPersonBP/Maps/UEDPIE_0_Map_Menu.Map_Menu (0.002065s)
[2018.06.30-22.26.34:124][437]LogInit: XAudio2 using 'Haut-parleurs (JBL Charge 2+ Stereo)' : 2 channels at 44.1 kHz using 16 bits per sample (channel mask 0x3)
[2018.06.30-22.26.34:135][437]LogInit: FAudioDevice initialized.
[2018.06.30-22.26.34:168][437]LogLoad: Game class is 'FirstPersonGameMode_C'
[2018.06.30-22.26.34:170][437]LogWorld: Bringing World /Game/FirstPersonBP/Maps/UEDPIE_0_Map_Menu.Map_Menu up for play (max tick rate 0) at 2018.07.01-00.26.34
[2018.06.30-22.26.34:170][437]LogWorld: Bringing up level for play took: 0.001054
[2018.06.30-22.26.34:173][437]PIE: Play in editor start time for /Game/FirstPersonBP/Maps/UEDPIE_0_Map_Menu 0.829
[2018.06.30-22.26.34:173][437]LogBlueprintUserMessages: Late PlayInEditor Detection: Level '/Game/FirstPersonBP/Maps/Map_Menu.Map_Menu:PersistentLevel' has LevelScriptBlueprint '/Game/FirstPersonBP/Maps/Map_Menu.Map_Menu:PersistentLevel.Map_Menu' with GeneratedClass '/Game/FirstPersonBP/Maps/Map_Menu.Map_Menu_C' with ClassGeneratedBy '/Game/FirstPersonBP/Maps/Map_Menu.Map_Menu:PersistentLevel.Map_Menu'
[2018.06.30-22.26.36:395][702]LogNet: Browse: /Game/FirstPersonBP/Maps/Menu_Chargement
[2018.06.30-22.26.36:395][702]LogLoad: LoadMap: /Game/FirstPersonBP/Maps/Menu_Chargement
[2018.06.30-22.26.36:436][702]Cmd: MEM
[2018.06.30-22.26.36:445][702]LogMemory: Platform Memory Stats for Windows
[2018.06.30-22.26.36:445][702]LogMemory: Process Physical Memory: 1434.59 MB used, 1722.66 MB peak
[2018.06.30-22.26.36:445][702]LogMemory: Process Virtual Memory: 2062.75 MB used, 2200.32 MB peak
[2018.06.30-22.26.36:445][702]LogMemory: Physical Memory: 6156.17 MB used,  1967.87 MB free, 8124.04 MB total
[2018.06.30-22.26.36:445][702]LogMemory: Virtual Memory: 7542.85 MB used,  1967.87 MB free, 134217728.00 MB total
[2018.06.30-22.26.36:445][702]LogMemory: 
[2018.06.30-22.26.36:445][702]Allocator Stats for TBB: (not implemented)
[2018.06.30-22.26.39:320][702]LogAIModule: Creating AISystem for world Menu_Chargement
[2018.06.30-22.26.39:321][702]LogLoad: Game class is 'FirstPersonGameMode_C'
[2018.06.30-22.26.39:323][702]LogWorld: Bringing World /Game/FirstPersonBP/Maps/UEDPIE_0_Menu_Chargement.Menu_Chargement up for play (max tick rate 0) at 2018.07.01-00.26.39
[2018.06.30-22.26.39:324][702]LogWorld: Bringing up level for play took: 0.001155
[2018.06.30-22.26.39:324][702]LogGameMode: FindPlayerStart: PATHS NOT DEFINED or NO PLAYERSTART with positive rating
[2018.06.30-22.26.39:344][702]LogLoad: Took 2.948139 seconds to LoadMap(/Game/FirstPersonBP/Maps/Menu_Chargement)
[2018.06.30-22.26.46:975][605]LogNet: Browse: /Game/FirstPersonBP/Maps/Maison_Voleur
[2018.06.30-22.26.46:975][605]LogLoad: LoadMap: /Game/FirstPersonBP/Maps/Maison_Voleur
[2018.06.30-22.26.46:988][605]Cmd: MEM
[2018.06.30-22.26.46:998][605]LogMemory: Platform Memory Stats for Windows
[2018.06.30-22.26.46:998][605]LogMemory: Process Physical Memory: 1749.61 MB used, 2003.27 MB peak
[2018.06.30-22.26.46:998][605]LogMemory: Process Virtual Memory: 2345.97 MB used, 2929.14 MB peak
[2018.06.30-22.26.46:998][605]LogMemory: Physical Memory: 6401.37 MB used,  1722.67 MB free, 8124.04 MB total
[2018.06.30-22.26.46:998][605]LogMemory: Virtual Memory: 7909.91 MB used,  1722.67 MB free, 134217728.00 MB total
[2018.06.30-22.26.46:998][605]LogMemory: 
[2018.06.30-22.26.46:998][605]Allocator Stats for TBB: (not implemented)
[2018.06.30-22.26.51:414][605]LogAIModule: Creating AISystem for world Maison_Voleur
[2018.06.30-22.26.51:415][605]LogLoad: Game class is 'FirstPersonGameMode_C'
[2018.06.30-22.26.51:424][605]LogWorld: Bringing World /Game/FirstPersonBP/Maps/UEDPIE_0_Maison_Voleur.Maison_Voleur up for play (max tick rate 0) at 2018.07.01-00.26.51
[2018.06.30-22.26.51:441][605]LogWorld: Bringing up level for play took: 0.025593
[2018.06.30-22.26.51:444][605]LogLoad: Took 4.468450 seconds to LoadMap(/Game/FirstPersonBP/Maps/Maison_Voleur)
[2018.06.30-22.26.56:622][179]LogScript: Warning: Accessed None trying to read property CallFunc_GetAnimInstance_ReturnValue
	FirstPersonCharacter_C /Game/FirstPersonBP/Maps/UEDPIE_0_Maison_Voleur.Maison_Voleur:PersistentLevel.FirstPersonCharacter_C_0
	Function /Game/FirstPersonBP/Blueprints/FirstPersonCharacter.FirstPersonCharacter_C:ExecuteUbergraph_FirstPersonCharacter:0053
[2018.06.30-22.26.56:623][179]PIE: Error: Blueprint Runtime Error: Accessed None trying to read property CallFunc_GetAnimInstance_ReturnValue from function: 'ExecuteUbergraph_FirstPersonCharacter' from node: Montage Play in graph: EventGraph in object: FirstPersonCharacter with description: Accessed None trying to read property CallFunc_GetAnimInstance_ReturnValue
[2018.06.30-22.27.05:058][131]LogNet: Browse: /Game/FirstPersonBP/Maps/Menu_Chargement_VoleurMaison
[2018.06.30-22.27.05:061][131]LogLoad: LoadMap: /Game/FirstPersonBP/Maps/Menu_Chargement_VoleurMaison
[2018.06.30-22.27.05:079][131]Cmd: MEM
[2018.06.30-22.27.05:091][131]LogMemory: Platform Memory Stats for Windows
[2018.06.30-22.27.05:091][131]LogMemory: Process Physical Memory: 1948.25 MB used, 2003.27 MB peak
[2018.06.30-22.27.05:091][131]LogMemory: Process Virtual Memory: 2645.43 MB used, 2929.14 MB peak
[2018.06.30-22.27.05:091][131]LogMemory: Physical Memory: 6586.86 MB used,  1537.18 MB free, 8124.04 MB total
[2018.06.30-22.27.05:091][131]LogMemory: Virtual Memory: 8165.35 MB used,  1537.18 MB free, 134217728.00 MB total
[2018.06.30-22.27.05:091][131]LogMemory: 
[2018.06.30-22.27.05:091][131]Allocator Stats for TBB: (not implemented)
[2018.06.30-22.27.05:117][131]LogAIModule: Creating AISystem for world Menu_Chargement_VoleurMaison
[2018.06.30-22.27.05:117][131]LogLoad: Game class is 'FirstPersonGameMode_C'
[2018.06.30-22.27.05:119][131]LogWorld: Bringing World /Game/FirstPersonBP/Maps/UEDPIE_0_Menu_Chargement_VoleurMaison.Menu_Chargement_VoleurMaison up for play (max tick rate 0) at 2018.07.01-00.27.05
[2018.06.30-22.27.05:119][131]LogWorld: Bringing up level for play took: 0.001042
[2018.06.30-22.27.05:119][131]LogGameMode: FindPlayerStart: PATHS NOT DEFINED or NO PLAYERSTART with positive rating
[2018.06.30-22.27.05:122][131]LogLoad: Took 0.060756 seconds to LoadMap(/Game/FirstPersonBP/Maps/Menu_Chargement_VoleurMaison)
[2018.06.30-22.27.13:571][ 81]LogPackageName: SearchForPackageOnDisk took   0.525s to resolve Maison_Voleur_Interieur.umap.
[2018.06.30-22.27.13:750][ 82]LogPackageName: SearchForPackageOnDisk took   0.172s to resolve Maison_Voleur_Interieur.umap.
[2018.06.30-22.27.13:750][ 82]LogNet: Browse: /Game/FirstPersonBP/Maps/Maison_Voleur_Interieur
[2018.06.30-22.27.13:750][ 82]LogLoad: LoadMap: /Game/FirstPersonBP/Maps/Maison_Voleur_Interieur
[2018.06.30-22.27.13:763][ 82]Cmd: MEM
[2018.06.30-22.27.13:773][ 82]LogMemory: Platform Memory Stats for Windows
[2018.06.30-22.27.13:773][ 82]LogMemory: Process Physical Memory: 1934.26 MB used, 2003.27 MB peak
[2018.06.30-22.27.13:773][ 82]LogMemory: Process Virtual Memory: 2642.74 MB used, 2929.14 MB peak
[2018.06.30-22.27.13:773][ 82]LogMemory: Physical Memory: 6571.72 MB used,  1552.32 MB free, 8124.04 MB total
[2018.06.30-22.27.13:773][ 82]LogMemory: Virtual Memory: 8154.16 MB used,  1552.32 MB free, 134217728.00 MB total
[2018.06.30-22.27.13:773][ 82]LogMemory: 
[2018.06.30-22.27.13:773][ 82]Allocator Stats for TBB: (not implemented)
[2018.06.30-22.27.13:785][ 82]LogWindows: Windows GetLastError: L’opération a réussi. (0)
[2018.06.30-22.27.19:356][ 82]LogWindows: Error: === Critical error: ===
[2018.06.30-22.27.19:356][ 82]LogWindows: Error: 
[2018.06.30-22.27.19:356][ 82]LogWindows: Error: Assertion failed: NewWorld [File:D:\Build\++UE4+Release-4.17+Compile\Sync\Engine\Source\Runtime\Engine\Private\UnrealEngine.cpp] [Line: 10239] 
[2018.06.30-22.27.19:356][ 82]LogWindows: Error: 
[2018.06.30-22.27.19:356][ 82]LogWindows: Error: 
[2018.06.30-22.27.19:356][ 82]LogWindows: Error: 
[2018.06.30-22.27.19:356][ 82]LogWindows: Error: KERNELBASE.dll!0x000000009A6DA388
[2018.06.30-22.27.19:356][ 82]LogWindows: Error: UE4Editor-Core.dll!0x0000000059511CE4
[2018.06.30-22.27.19:356][ 82]LogWindows: Error: UE4Editor-Core.dll!0x00000000592FAD5B
[2018.06.30-22.27.19:356][ 82]LogWindows: Error: UE4Editor-Core.dll!0x0000000059290179
[2018.06.30-22.27.19:356][ 82]LogWindows: Error: UE4Editor-Engine.dll!0x00000000556AE2EE
[2018.06.30-22.27.19:356][ 82]LogWindows: Error: UE4Editor-Engine.dll!0x0000000055666AE8
[2018.06.30-22.27.19:356][ 82]LogWindows: Error: UE4Editor-Engine.dll!0x00000000556CD89D
[2018.06.30-22.27.19:356][ 82]LogWindows: Error: UE4Editor-UnrealEd.dll!0x000000005301BF80
[2018.06.30-22.27.19:356][ 82]LogWindows: Error: UE4Editor-UnrealEd.dll!0x00000000538AD646
[2018.06.30-22.27.19:356][ 82]LogWindows: Error: UE4Editor.exe!0x00000000CB2E534A
[2018.06.30-22.27.19:356][ 82]LogWindows: Error: UE4Editor.exe!0x00000000CB2F3970
[2018.06.30-22.27.19:356][ 82]LogWindows: Error: UE4Editor.exe!0x00000000CB2F39EA
[2018.06.30-22.27.19:356][ 82]LogWindows: Error: UE4Editor.exe!0x00000000CB3002D9
[2018.06.30-22.27.19:356][ 82]LogWindows: Error: UE4Editor.exe!0x00000000CB301C47
[2018.06.30-22.27.19:356][ 82]LogWindows: Error: KERNEL32.DLL!0x000000009C903034
[2018.06.30-22.27.19:356][ 82]LogWindows: Error: ntdll.dll!0x000000009D501431
[2018.06.30-22.27.19:356][ 82]LogWindows: Error: ntdll.dll!0x000000009D501431
[2018.06.30-22.27.19:356][ 82]LogWindows: Error: 
[2018.06.30-22.27.19:373][ 82]LogExit: Executing StaticShutdownAfterError
[2018.06.30-22.27.19:450][ 82]LogWindows: FPlatformMisc::RequestExit(1)
[2018.06.30-22.27.19:451][ 82]Log file closed, 07/01/18 00:27:19
