Log file open, 07/01/18 16:09:27
LogWindows: Failed to load 'aqProf.dll' (GetLastError=126)
LogWindows: File 'aqProf.dll' does not exist
LogWindows: Failed to load 'VtuneApi.dll' (GetLastError=126)
LogWindows: File 'VtuneApi.dll' does not exist
LogWindows: Failed to load 'VtuneApi32e.dll' (GetLastError=126)
LogWindows: File 'VtuneApi32e.dll' does not exist
LogInit: Display: Running engine for game: OT_Game
LogPlatformFile: Not using cached read wrapper
LogInit: Display: RandInit(-835047750) SRandInit(-835047750).
LogTaskGraph: Started task graph with 5 named threads and 14 total threads with 3 sets of task threads.
LogStats: Stats thread started at 0.184786
LogD3D11RHI: Aftermath initialized
LogPluginManager: Mounting plugin Paper2D
LogPluginManager: Mounting plugin LightPropagationVolume
LogPluginManager: Mounting plugin CodeLiteSourceCodeAccess
LogPluginManager: Mounting plugin GitSourceControl
LogPluginManager: Mounting plugin KDevelopSourceCodeAccess
LogPluginManager: Mounting plugin NullSourceCodeAccess
LogPluginManager: Mounting plugin PerforceSourceControl
LogPluginManager: Mounting plugin SubversionSourceControl
LogPluginManager: Mounting plugin UObjectPlugin
LogPluginManager: Mounting plugin VisualStudioSourceCodeAccess
LogPluginManager: Mounting plugin XCodeSourceCodeAccess
LogPluginManager: Mounting plugin AssetManagerEditor
LogPluginManager: Mounting plugin AudioCapture
LogPluginManager: Mounting plugin FacialAnimation
LogPluginManager: Mounting plugin GameplayTagsEditor
LogPluginManager: Mounting plugin MobileLauncherProfileWizard
LogPluginManager: Mounting plugin PluginBrowser
LogPluginManager: Mounting plugin SpeedTreeImporter
LogPluginManager: Mounting plugin AlembicImporter
LogPluginManager: Mounting plugin CharacterAI
LogPluginManager: Mounting plugin HTML5Networking
LogPluginManager: Mounting plugin AndroidMedia
LogPluginManager: Mounting plugin AvfMedia
LogPluginManager: Mounting plugin MediaPlayerEditor
LogPluginManager: Mounting plugin WmfMedia
LogPluginManager: Mounting plugin TcpMessaging
LogPluginManager: Mounting plugin UdpMessaging
LogPluginManager: Mounting plugin LevelSequenceEditor
LogPluginManager: Mounting plugin MatineeToLevelSequence
LogPluginManager: Mounting plugin OnlineSubsystemGooglePlay
LogPluginManager: Mounting plugin OnlineSubsystemIOS
LogPluginManager: Mounting plugin OnlineSubsystem
LogPluginManager: Mounting plugin OnlineSubsystemNull
LogPluginManager: Mounting plugin OnlineSubsystemUtils
LogPluginManager: Mounting plugin AndroidDeviceProfileSelector
LogPluginManager: Mounting plugin AndroidMoviePlayer
LogPluginManager: Mounting plugin AndroidPermission
LogPluginManager: Mounting plugin AppleMoviePlayer
LogPluginManager: Mounting plugin ArchVisCharacter
LogPluginManager: Mounting plugin CableComponent
LogPluginManager: Mounting plugin CustomMeshComponent
LogPluginManager: Mounting plugin ExampleDeviceProfileSelector
LogPluginManager: Mounting plugin GoogleCloudMessaging
LogPluginManager: Mounting plugin ImmediatePhysics
LogPluginManager: Mounting plugin IOSDeviceProfileSelector
LogPluginManager: Mounting plugin LinuxDeviceProfileSelector
LogPluginManager: Mounting plugin LocationServicesBPLibrary
LogPluginManager: Mounting plugin MobilePatchingUtils
LogPluginManager: Mounting plugin OculusVR
LogPluginManager: Mounting plugin PhysXVehicles
LogPluginManager: Mounting plugin ProceduralMeshComponent
LogPluginManager: Mounting plugin RuntimePhysXCooking
LogPluginManager: Mounting plugin SteamVR
LogPluginManager: Mounting plugin WindowsMoviePlayer
LogInit: Using libcurl 7.47.1
LogInit:  - built for x86_64-pc-win32
LogInit:  - supports SSL with OpenSSL/1.0.2g
LogInit:  - supports HTTP deflate (compression) using libz 1.2.8
LogInit:  - other features:
LogInit:      CURL_VERSION_SSL
LogInit:      CURL_VERSION_LIBZ
LogInit:      CURL_VERSION_IPV6
LogInit:      CURL_VERSION_ASYNCHDNS
LogInit:      CURL_VERSION_LARGEFILE
LogInit:      CURL_VERSION_IDN
LogInit:  CurlRequestOptions (configurable via config and command line):
LogInit:  - bVerifyPeer = false  - Libcurl will NOT verify peer certificate
LogInit:  - bUseHttpProxy = false  - Libcurl will NOT use HTTP proxy
LogInit:  - bDontReuseConnections = false  - Libcurl will reuse connections
LogInit:  - CertBundlePath = nullptr  - Libcurl will use whatever was configured at build time.
LogInit: Build: ++UE4+Release-4.17-CL-3658906
LogInit: Engine Version: 4.17.2-3658906+++UE4+Release-4.17
LogInit: Compatible Engine Version: 4.17.0-3573198+++UE4+Release-4.17
LogInit: Net CL: 3573198
LogDevObjectVersion: Number of dev versions registered: 16
LogDevObjectVersion:   Dev-Blueprints (B0D832E4-1F89-4F0D-ACCF-7EB736FD4AA2): 10
LogDevObjectVersion:   Dev-Build (E1C64328-A22C-4D53-A36C-8E866417BD8C): 0
LogDevObjectVersion:   Dev-Core (375EC13C-06E4-48FB-B500-84F0262A717E): 2
LogDevObjectVersion:   Dev-Editor (E4B068ED-F494-42E9-A231-DA0B2E46BB41): 20
LogDevObjectVersion:   Dev-Framework (CFFC743F-43B0-4480-9391-14DF171D2073): 28
LogDevObjectVersion:   Dev-Mobile (B02B49B5-BB20-44E9-A304-32B752E40360): 0
LogDevObjectVersion:   Dev-Networking (A4E4105C-59A1-49B5-A7C5-40C4547EDFEE): 0
LogDevObjectVersion:   Dev-Online (39C831C9-5AE6-47DC-9A44-9C173E1C8E7C): 0
LogDevObjectVersion:   Dev-Physics (78F01B33-EBEA-4F98-B9B4-84EACCB95AA2): 0
LogDevObjectVersion:   Dev-Platform (6631380F-2D4D-43E0-8009-CF276956A95A): 0
LogDevObjectVersion:   Dev-Rendering (12F88B9F-8875-4AFC-A67C-D90C383ABD29): 19
LogDevObjectVersion:   Dev-Sequencer (7B5AE74C-D270-4C10-A958-57980B212A5A): 4
LogDevObjectVersion:   Dev-VR (D7296918-1DD6-4BDD-9DE2-64A83CC13884): 0
LogDevObjectVersion:   Dev-LoadTimes (C2A15278-BFE7-4AFE-6C17-90FF531DF755): 1
LogDevObjectVersion:   Private-Geometry (6EACA3D4-40EC-4CC1-B786-8BED09428FC5): 1
LogDevObjectVersion:   Dev-AnimPhys (29E575DD-E0A3-4627-9D10-D276232CDCEA): 7
LogInit: Compiled (64-bit): Sep 22 2017 13:47:16
LogInit: Compiled with Visual C++: 19.00.24215.01
LogInit: Build Configuration: Development
LogInit: Branch Name: ++UE4+Release-4.17
LogInit: Command line:  
LogInit: Base directory: C:/Program Files/Epic Games/UE_4.17/Engine/Binaries/Win64/
LogInit: Installed Engine Build: 1
LogInit: Presizing for max 8388607 objects, including 0 objects not considered by GC, pre-allocating 0 bytes for permanent pool.
LogInit: Object subsystem initialized
[2018.07.01-14.09.28:818][  0]LogInit: Selected Device Profile: [Windows]
[2018.07.01-14.09.28:818][  0]LogInit: Applying CVar settings loaded from the selected device profile: [Windows]
[2018.07.01-14.09.28:889][  0]LogInit: Computer: LENOVO-PC
[2018.07.01-14.09.28:889][  0]LogInit: User: Christian
[2018.07.01-14.09.28:889][  0]LogInit: CPU Page size=4096, Cores=4
[2018.07.01-14.09.28:889][  0]LogInit: High frequency timer resolution =3.117798 MHz
[2018.07.01-14.09.28:889][  0]LogMemory: Memory total: Physical=7.9GB (8GB approx)
[2018.07.01-14.09.28:889][  0]LogMemory: Platform Memory Stats for Windows
[2018.07.01-14.09.28:889][  0]LogMemory: Process Physical Memory: 277.97 MB used, 277.97 MB peak
[2018.07.01-14.09.28:889][  0]LogMemory: Process Virtual Memory: 274.22 MB used, 274.22 MB peak
[2018.07.01-14.09.28:889][  0]LogMemory: Physical Memory: 3548.59 MB used,  4575.45 MB free, 8124.04 MB total
[2018.07.01-14.09.28:889][  0]LogMemory: Virtual Memory: 4784.08 MB used,  4575.45 MB free, 134217728.00 MB total
[2018.07.01-14.09.29:644][  0]LogInit: Using OS detected language (fr-FR).
[2018.07.01-14.09.29:644][  0]LogInit: Using OS detected locale (fr-FR).
[2018.07.01-14.09.29:738][  0]LogTextLocalizationManager: No localization for 'fr-FR' exists, so 'en' will be used for the language.
[2018.07.01-14.09.29:739][  0]LogTextLocalizationManager: No localization for 'fr-FR' exists, so 'en' will be used for the locale.
[2018.07.01-14.09.33:024][  0]LogD3D11RHI: D3D11 adapters:
[2018.07.01-14.09.33:099][  0]LogD3D11RHI:    0. 'NVIDIA GeForce GTX 745' (Feature Level 11_0)
[2018.07.01-14.09.33:099][  0]LogD3D11RHI:       2007/0/4062 MB DedicatedVideo/DedicatedSystem/SharedSystem, Outputs:1, VendorId:0x10de
[2018.07.01-14.09.33:101][  0]LogD3D11RHI:    1. 'Microsoft Basic Render Driver' (Feature Level 11_0)
[2018.07.01-14.09.33:101][  0]LogD3D11RHI:       0/0/4062 MB DedicatedVideo/DedicatedSystem/SharedSystem, Outputs:0, VendorId:0x1414
[2018.07.01-14.09.33:101][  0]LogD3D11RHI: Chosen D3D11 Adapter: 0
[2018.07.01-14.09.33:109][  0]LogD3D11RHI: Creating new Direct3DDevice
[2018.07.01-14.09.33:109][  0]LogD3D11RHI:     GPU DeviceId: 0x1382 (for the marketing name, search the web for "GPU Device Id")
[2018.07.01-14.09.33:109][  0]LogWindows: EnumDisplayDevices:
[2018.07.01-14.09.33:110][  0]LogWindows:    0. 'NVIDIA GeForce GTX 745' (P:1 D:1)
[2018.07.01-14.09.33:110][  0]LogWindows:    1. 'NVIDIA GeForce GTX 745' (P:0 D:0)
[2018.07.01-14.09.33:110][  0]LogWindows:    2. 'LMIMIRR' (P:0 D:0)
[2018.07.01-14.09.33:110][  0]LogWindows: DebugString: GetVideoDriverDetailsInvalid PrimaryIsNotTheChoosenAdapter GetVideoDriverDetailsInvalid PrimaryIsNotTheChoosenAdapter GetVideoDriverDetailsInvalid PrimaryIsNotTheChoosenAdapter FoundDriverCount:0 
[2018.07.01-14.09.33:110][  0]LogD3D11RHI:     Adapter Name: NVIDIA GeForce GTX 745
[2018.07.01-14.09.33:110][  0]LogD3D11RHI:   Driver Version: Unknown (internal:Unknown, unified:Unknown)
[2018.07.01-14.09.33:110][  0]LogD3D11RHI:      Driver Date: Unknown
[2018.07.01-14.09.33:110][  0]LogRHI: Texture pool is 1361 MB (70% of 1945 MB)
[2018.07.01-14.09.33:201][  0]LogD3D11RHI: Async texture creation enabled
[2018.07.01-14.09.33:528][  0]LogD3D11RHI: GPU Timing Frequency: 1000.000000 (Debug: 2 3)
[2018.07.01-14.09.33:617][  0]LogShaderCompilers: Guid format shader working directory is -17 characters bigger than the processId version (../../../../../../Users/Christian/Documents/Unreal Projects/OT_Game/Intermediate/Shaders/WorkingDirectory/7448/).
[2018.07.01-14.09.33:618][  0]LogShaderCompilers: Cleaned the shader compiler working directory 'C:/Users/Christian/AppData/Local/Temp/UnrealShaderWorkingDir/EE7BD37544273B673B41508CA8D965D4/'.
[2018.07.01-14.09.33:633][  0]LogShaderCompilers: Display: Using Local Shader Compiler.
[2018.07.01-14.09.37:339][  0]LogTemp: Display: Loaded TP AllDesktopTargetPlatform
[2018.07.01-14.09.37:499][  0]LogTemp: Display: Loaded TP MacClientTargetPlatform
[2018.07.01-14.09.37:564][  0]LogTemp: Display: Loaded TP MacNoEditorTargetPlatform
[2018.07.01-14.09.37:645][  0]LogTemp: Display: Loaded TP MacServerTargetPlatform
[2018.07.01-14.09.37:723][  0]LogTemp: Display: Loaded TP MacTargetPlatform
[2018.07.01-14.09.37:787][  0]LogTemp: Display: Loaded TP WindowsClientTargetPlatform
[2018.07.01-14.09.37:852][  0]LogTemp: Display: Loaded TP WindowsNoEditorTargetPlatform
[2018.07.01-14.09.37:920][  0]LogTemp: Display: Loaded TP WindowsServerTargetPlatform
[2018.07.01-14.09.37:979][  0]LogTemp: Display: Loaded TP WindowsTargetPlatform
[2018.07.01-14.09.38:053][  0]LogTemp: Display: Loaded TP AndroidTargetPlatform
[2018.07.01-14.09.38:118][  0]LogTemp: Display: Loaded TP Android_ASTCTargetPlatform
[2018.07.01-14.09.38:181][  0]LogTemp: Display: Loaded TP Android_ATCTargetPlatform
[2018.07.01-14.09.38:246][  0]LogTemp: Display: Loaded TP Android_DXTTargetPlatform
[2018.07.01-14.09.38:310][  0]LogTemp: Display: Loaded TP Android_ETC1TargetPlatform
[2018.07.01-14.09.38:373][  0]LogTemp: Display: Loaded TP Android_ETC2TargetPlatform
[2018.07.01-14.09.38:503][  0]LogTemp: Display: Loaded TP Android_MultiTargetPlatform
[2018.07.01-14.09.38:503][  0]LogTemp: Display: Loaded TP Android_PVRTCTargetPlatform
[2018.07.01-14.09.38:556][  0]LogTemp: Display: Loaded TP HTML5TargetPlatform
[2018.07.01-14.09.38:690][  0]LogTemp: Display: Loaded TP IOSTargetPlatform
[2018.07.01-14.09.38:734][  0]LogTemp: Display: Loaded TP TVOSTargetPlatform
[2018.07.01-14.09.38:797][  0]LogTemp: Display: Loaded TP LinuxClientTargetPlatform
[2018.07.01-14.09.38:861][  0]LogTemp: Display: Loaded TP LinuxNoEditorTargetPlatform
[2018.07.01-14.09.38:925][  0]LogTemp: Display: Loaded TP LinuxServerTargetPlatform
[2018.07.01-14.09.39:001][  0]LogTemp: Display: Loaded TP LinuxTargetPlatform
[2018.07.01-14.09.39:001][  0]LogTargetPlatformManager: Display: Building Assets For Windows
[2018.07.01-14.09.40:310][  0]LogDerivedDataCache: Display: Max Cache Size: 512 MB
[2018.07.01-14.09.41:105][  0]LogDerivedDataCache: Loaded boot cache 0.79s 93MB C:/Users/Christian/AppData/Local/UnrealEngine/4.17/DerivedDataCache/Boot.ddc.
[2018.07.01-14.09.41:105][  0]LogDerivedDataCache: Display: Loaded Boot cache: C:/Users/Christian/AppData/Local/UnrealEngine/4.17/DerivedDataCache/Boot.ddc
[2018.07.01-14.09.41:105][  0]LogDerivedDataCache: FDerivedDataBackendGraph:  Pak pak cache file ../../../../../../Users/Christian/Documents/Unreal Projects/OT_Game/DerivedDataCache/DDC.ddp not found, will not use a pak cache.
[2018.07.01-14.09.41:105][  0]LogDerivedDataCache: Unable to find inner node Pak for hierarchical cache Hierarchy.
[2018.07.01-14.09.41:105][  0]LogDerivedDataCache: FDerivedDataBackendGraph:  CompressedPak pak cache file ../../../../../../Users/Christian/Documents/Unreal Projects/OT_Game/DerivedDataCache/Compressed.ddp not found, will not use a pak cache.
[2018.07.01-14.09.41:105][  0]LogDerivedDataCache: Unable to find inner node CompressedPak for hierarchical cache Hierarchy.
[2018.07.01-14.09.41:149][  0]LogDerivedDataCache: Display: Pak cache opened for reading ../../../Engine/DerivedDataCache/Compressed.ddp.
[2018.07.01-14.09.41:163][  0]LogDerivedDataCache: Using Local data cache path C:/Users/Christian/AppData/Local/UnrealEngine/Common/DerivedDataCache: Writable
[2018.07.01-14.09.41:250][  0]LogMaterial: Verifying Global Shaders for PCD3D_SM5
[2018.07.01-14.09.41:291][  0]LogSlate: Using Freetype 2.6.0
[2018.07.01-14.09.41:345][  0]LogSlate: SlateFontCache - WITH_FREETYPE: 1, WITH_HARFBUZZ: 1
[2018.07.01-14.09.41:346][  0]LogSlate: SlateFontCache - WITH_FREETYPE: 1, WITH_HARFBUZZ: 1
[2018.07.01-14.09.47:792][  0]LogAssetRegistry: FAssetRegistry took 0.0340 seconds to start up
[2018.07.01-14.09.49:342][  0]LogInit: Selected Device Profile: [Windows]
[2018.07.01-14.09.52:930][  0]LogContentStreaming: Texture pool size is 0.00 MB
[2018.07.01-14.09.53:979][  0]LogSimplygon: Simplygon DLL not present - disabling.
[2018.07.01-14.09.54:062][  0]LogMeshReduction: Using SimplygonSwarm for distributed automatic mesh merging
[2018.07.01-14.09.54:062][  0]LogMeshReduction: Using QuadricMeshReduction for automatic static mesh reduction
[2018.07.01-14.09.54:062][  0]LogMeshReduction: No automatic skeletal mesh reduction module available
[2018.07.01-14.09.54:062][  0]LogMeshReduction: No automatic mesh merging module available
[2018.07.01-14.09.54:062][  0]LogMeshMerging: No automatic mesh merging module available
[2018.07.01-14.09.56:423][  0]LogNetVersion: OT_Game , NetCL: 3573198, EngineNetVer: 2, GameNetVer: 0 (Checksum: 2452558151)
[2018.07.01-14.09.58:135][  0]LogPackageLocalizationCache: Processed 5 localized package path(s) for 1 prioritized culture(s) in 0.090207 seconds
[2018.07.01-14.09.58:165][  0]LogUObjectArray: 35825 objects as part of root set at end of initial load.
[2018.07.01-14.09.58:165][  0]LogUObjectAllocator: 7529104 out of 0 bytes used by permanent object pool.
[2018.07.01-14.09.58:165][  0]LogUObjectArray: CloseDisregardForGC: 0/0 objects in disregard for GC pool
[2018.07.01-14.09.58:264][  0]LogInit: WinSock: version 1.1 (2.2), MaxSocks=32767, MaxUdp=65467
[2018.07.01-14.10.21:521][  0]LogTcpMessaging: Initializing TcpMessaging bridge
[2018.07.01-14.10.21:588][  0]LogUdpMessaging: Initializing bridge on interface 0.0.0.0:0 to multicast group 230.0.0.1:6666.
[2018.07.01-14.10.23:691][  0]LogMaterial: Uniform references updated for custom material expression Custom.
[2018.07.01-14.10.24:900][  0]SourceControl: Source control is disabled
[2018.07.01-14.10.24:901][  0]SourceControl: Source control is disabled
[2018.07.01-14.10.25:052][  0]SourceControl: Source control is disabled
[2018.07.01-14.10.25:189][  0]SourceControl: Source control is disabled
[2018.07.01-14.10.26:643][  0]LogAndroidPermission: UAndroidPermissionCallbackProxy::GetInstance
[2018.07.01-14.10.27:017][  0]LogOcInput: OculusInput pre-init called
[2018.07.01-14.10.27:901][  0]LogEngine: Initializing Engine...
[2018.07.01-14.10.27:974][  0]LogHMD: Failed to initialize OpenVR with code 110
[2018.07.01-14.10.28:720][  0]LogStats: UGameplayTagsManager::ConstructGameplayTagTree: Construct from data asset -  0.000 s
[2018.07.01-14.10.28:722][  0]LogStats: UGameplayTagsManager::ConstructGameplayTagTree: GameplayTagTreeChangedEvent.Broadcast -  0.000 s
[2018.07.01-14.10.29:401][  0]LogAIModule: Creating AISystem for world Untitled
[2018.07.01-14.10.29:663][  0]LogInit: XAudio2 using 'Haut-parleurs (USB PnP Sound Device)' : 2 channels at 44.1 kHz using 16 bits per sample (channel mask 0x3)
[2018.07.01-14.10.29:828][  0]LogInit: FAudioDevice initialized.
[2018.07.01-14.10.30:000][  0]LogDerivedDataCache: Saved boot cache 0.15s 93MB C:/Users/Christian/AppData/Local/UnrealEngine/4.17/DerivedDataCache/Boot.ddc.
[2018.07.01-14.10.30:011][  0]LogInit: Texture streaming: Enabled
[2018.07.01-14.10.30:624][  0]LogEngineSessionManager: EngineSessionManager initialized
[2018.07.01-14.10.31:384][  0]LogInit: Transaction tracking system initialized
[2018.07.01-14.10.32:099][  0]BlueprintLog: New page: Editor Load
[2018.07.01-14.10.34:679][  0]LocalizationService: Localization service is disabled
[2018.07.01-14.10.37:087][  0]LogConsoleResponse: Display: 
[2018.07.01-14.10.40:295][  0]LogFileCache: Scanning file cache for directory 'C:/Users/Christian/Documents/Unreal Projects/OT_Game/Content/' took 0.04s
[2018.07.01-14.10.40:295][  0]LogCook: Display: Max memory allowance for cook 16384mb min free memory 0mb
[2018.07.01-14.10.40:312][  0]LogCook: Display: Mobile HDR setting 1
[2018.07.01-14.10.40:385][  0]LogGameplayTags: Display: UGameplayTagsManager::DoneAddingNativeTags. DelegateIsBound: 0
[2018.07.01-14.10.44:198][  0]SourceControl: Source control is disabled
[2018.07.01-14.10.44:244][  0]Cmd: MAP LOAD FILE="../../../../../../Users/Christian/Documents/Unreal Projects/OT_Game/Content/FirstPersonBP/Maps/Map_Menu.umap" TEMPLATE=0 SHOWPROGRESS=1 FEATURELEVEL=3
[2018.07.01-14.10.44:255][  0]LightingResults: New page: Lighting Build
[2018.07.01-14.10.44:536][  0]MapCheck: New page: Map Check
[2018.07.01-14.10.44:536][  0]LightingResults: New page: Lighting Build
[2018.07.01-14.10.45:344][  0]LogAIModule: Creating AISystem for world Map_Menu
[2018.07.01-14.10.45:400][  0]LogEditorServer: Finished looking for orphan Actors (0.000 secs)
[2018.07.01-14.10.45:482][  0]Cmd: MAP CHECKDEP NOCLEARLOG
[2018.07.01-14.10.45:580][  0]MapCheck: Map check complete: 0 Error(s), 0 Warning(s), took 97.322ms to complete.
[2018.07.01-14.10.45:580][  0]LogFileHelpers: Loading map 'Map_Menu' took 1.364
[2018.07.01-14.10.46:716][  0]LogCollectionManager: Loaded 0 collections in 0.002967 seconds
[2018.07.01-14.10.46:898][  0]LogFileCache: Scanning file cache for directory 'C:/Users/Christian/Documents/Unreal Projects/OT_Game/Saved/Collections/' took 0.01s
[2018.07.01-14.10.46:898][  0]LogFileCache: Scanning file cache for directory 'C:/Users/Christian/Documents/Unreal Projects/OT_Game/Content/Developers/Christian/Collections/' took 0.01s
[2018.07.01-14.10.46:898][  0]LogFileCache: Scanning file cache for directory 'C:/Users/Christian/Documents/Unreal Projects/OT_Game/Content/Collections/' took 0.01s
[2018.07.01-14.10.46:898][  0]LogCollectionManager: Rebuilt the GUID cache for 0 collections in 0.000001 seconds
[2018.07.01-14.10.46:947][  0]LogContentBrowser: Native class hierarchy populated in 0.0454 seconds. Added 2386 classes and 500 folders.
[2018.07.01-14.10.47:103][  0]LogContentBrowser: Native class hierarchy updated for 'WidgetCarousel' in 0.0007 seconds. Added 0 classes and 0 folders.
[2018.07.01-14.10.48:554][  0]LogContentBrowser: Native class hierarchy updated for 'AddContentDialog' in 0.0024 seconds. Added 0 classes and 0 folders.
[2018.07.01-14.10.48:697][  0]LogContentBrowser: Native class hierarchy updated for 'SceneOutliner' in 0.0008 seconds. Added 1 classes and 2 folders.
[2018.07.01-14.10.49:576][  0]LogSlate: Took 0.016925 seconds to synchronously load lazily loaded font '../../../Engine/Content/Slate/Fonts/Roboto-Regular.ttf' (155K)
[2018.07.01-14.10.49:597][  0]LogSlate: Took 0.015849 seconds to synchronously load lazily loaded font '../../../Engine/Content/Slate/Fonts/Roboto-Bold.ttf' (160K)
[2018.07.01-14.10.49:677][  0]LogSlate: Took 0.014235 seconds to synchronously load lazily loaded font '../../../Engine/Content/Editor/Slate/Fonts/FontAwesome.ttf' (139K)
[2018.07.01-14.10.50:315][  0]LogRenderer: Reallocating scene render targets to support 384x376 Format 10 NumSamples 1 (Frame:1).
[2018.07.01-14.10.51:380][  0]LogContentBrowser: Native class hierarchy updated for 'HierarchicalLODOutliner' in 0.0010 seconds. Added 1 classes and 2 folders.
[2018.07.01-14.10.51:380][  0]LogLoad: (Engine Initialization) Total time: 85.30 seconds
[2018.07.01-14.10.51:380][  0]LogLoad: (Engine Initialization) Total Blueprint compile time: 0.00 seconds
[2018.07.01-14.10.51:394][  0]LogExternalProfiler: Found external profiler: VSPerf
[2018.07.01-14.10.51:394][  0]LogExternalProfiler: Using external profiler: VSPerf
[2018.07.01-14.10.51:497][  0]LogWindowsTextInputMethodSystem: Display: IME system now deactivated.
[2018.07.01-14.10.51:690][  0]LogContentStreaming: Texture pool size now 1000 MB
[2018.07.01-14.10.52:208][  3]LogSlate: Took 0.018041 seconds to synchronously load lazily loaded font '../../../Engine/Content/Slate/Fonts/Roboto-Light.ttf' (159K)
[2018.07.01-14.10.52:260][  5]LogAssetRegistry: Asset discovery search completed in 64.4927 seconds
[2018.07.01-14.10.52:296][  5]LogCollectionManager: Rebuilt the object cache for 0 collections in 0.000001 seconds (found 0 objects)
[2018.07.01-14.10.52:297][  5]LogCollectionManager: Fixed up redirectors for 0 collections in 0.017331 seconds (updated 0 objects)
[2018.07.01-14.11.51:495][ 47]LogHttp: Warning: 000001D334DA7700: request failed, libcurl error: 6 (Couldn't resolve host name)
[2018.07.01-14.11.51:495][ 47]LogHttp: Warning: 000001D334DA7700: libcurl info message cache 0 (Could not resolve host: datarouter.ol.epicgames.com)
[2018.07.01-14.11.51:495][ 47]LogHttp: Warning: 000001D334DA7700: libcurl info message cache 1 (Closing connection 0)
[2018.07.01-14.16.20:097][745]LogTemp: Repeating last play command: Selected Viewport
[2018.07.01-14.16.20:593][745]LogBlueprintUserMessages: Early PlayInEditor Detection: Level '/Game/FirstPersonBP/Maps/Map_Menu.Map_Menu:PersistentLevel' has LevelScriptBlueprint '/Game/FirstPersonBP/Maps/Map_Menu.Map_Menu:PersistentLevel.Map_Menu' with GeneratedClass '/Game/FirstPersonBP/Maps/Map_Menu.Map_Menu_C' with ClassGeneratedBy '/Game/FirstPersonBP/Maps/Map_Menu.Map_Menu:PersistentLevel.Map_Menu'
[2018.07.01-14.16.20:594][745]LogPlayLevel: PlayLevel: No blueprints needed recompiling
[2018.07.01-14.16.20:713][745]PIE: New page: PIE session: Map_Menu (Jul 1, 2018, 6:16:20 PM)
[2018.07.01-14.16.20:714][745]LogPlayLevel: Creating play world package: /Game/FirstPersonBP/Maps/UEDPIE_0_Map_Menu
[2018.07.01-14.16.20:720][745]LogPlayLevel: PIE: StaticDuplicateObject took: (0.005639s)
[2018.07.01-14.16.20:721][745]LogAIModule: Creating AISystem for world Map_Menu
[2018.07.01-14.16.20:722][745]LogPlayLevel: PIE: World Init took: (0.001843s)
[2018.07.01-14.16.20:723][745]LogPlayLevel: PIE: Created PIE world by copying editor world from /Game/FirstPersonBP/Maps/Map_Menu.Map_Menu to /Game/FirstPersonBP/Maps/UEDPIE_0_Map_Menu.Map_Menu (0.009313s)
[2018.07.01-14.16.20:776][745]LogInit: XAudio2 using 'Haut-parleurs (JBL Charge 2+ Stereo)' : 2 channels at 44.1 kHz using 16 bits per sample (channel mask 0x3)
[2018.07.01-14.16.21:253][745]LogInit: FAudioDevice initialized.
[2018.07.01-14.16.21:319][745]LogLoad: Game class is 'FirstPersonGameMode_C'
[2018.07.01-14.16.21:386][745]LogWorld: Bringing World /Game/FirstPersonBP/Maps/UEDPIE_0_Map_Menu.Map_Menu up for play (max tick rate 0) at 2018.07.01-16.16.21
[2018.07.01-14.16.21:399][745]LogWorld: Bringing up level for play took: 0.014839
[2018.07.01-14.16.21:588][745]LogContentBrowser: Native class hierarchy updated for 'MovieSceneCapture' in 0.0010 seconds. Added 11 classes and 0 folders.
[2018.07.01-14.16.21:746][745]PIE: Play in editor start time for /Game/FirstPersonBP/Maps/UEDPIE_0_Map_Menu 2.131
[2018.07.01-14.16.21:746][745]LogBlueprintUserMessages: Late PlayInEditor Detection: Level '/Game/FirstPersonBP/Maps/Map_Menu.Map_Menu:PersistentLevel' has LevelScriptBlueprint '/Game/FirstPersonBP/Maps/Map_Menu.Map_Menu:PersistentLevel.Map_Menu' with GeneratedClass '/Game/FirstPersonBP/Maps/Map_Menu.Map_Menu_C' with ClassGeneratedBy '/Game/FirstPersonBP/Maps/Map_Menu.Map_Menu:PersistentLevel.Map_Menu'
[2018.07.01-14.16.26:426][191]LogBlueprintUserMessages: Early EndPlayMap Detection: Level '/Game/FirstPersonBP/Maps/Map_Menu.Map_Menu:PersistentLevel' has LevelScriptBlueprint '/Game/FirstPersonBP/Maps/Map_Menu.Map_Menu:PersistentLevel.Map_Menu' with GeneratedClass '/Game/FirstPersonBP/Maps/Map_Menu.Map_Menu_C' with ClassGeneratedBy '/Game/FirstPersonBP/Maps/Map_Menu.Map_Menu:PersistentLevel.Map_Menu'
[2018.07.01-14.16.26:524][191]LogBlueprintUserMessages: Late EndPlayMap Detection: Level '/Game/FirstPersonBP/Maps/Map_Menu.Map_Menu:PersistentLevel' has LevelScriptBlueprint '/Game/FirstPersonBP/Maps/Map_Menu.Map_Menu:PersistentLevel.Map_Menu' with GeneratedClass '/Game/FirstPersonBP/Maps/Map_Menu.Map_Menu_C' with ClassGeneratedBy '/Game/FirstPersonBP/Maps/Map_Menu.Map_Menu:PersistentLevel.Map_Menu'
[2018.07.01-14.16.31:915][735]LogTemp: Repeating last play command: Selected Viewport
[2018.07.01-14.16.31:933][735]LogBlueprintUserMessages: Early PlayInEditor Detection: Level '/Game/FirstPersonBP/Maps/Map_Menu.Map_Menu:PersistentLevel' has LevelScriptBlueprint '/Game/FirstPersonBP/Maps/Map_Menu.Map_Menu:PersistentLevel.Map_Menu' with GeneratedClass '/Game/FirstPersonBP/Maps/Map_Menu.Map_Menu_C' with ClassGeneratedBy '/Game/FirstPersonBP/Maps/Map_Menu.Map_Menu:PersistentLevel.Map_Menu'
[2018.07.01-14.16.31:933][735]LogPlayLevel: PlayLevel: No blueprints needed recompiling
[2018.07.01-14.16.31:933][735]PIE: New page: PIE session: Map_Menu (Jul 1, 2018, 6:16:31 PM)
[2018.07.01-14.16.31:933][735]LogPlayLevel: Creating play world package: /Game/FirstPersonBP/Maps/UEDPIE_0_Map_Menu
[2018.07.01-14.16.31:935][735]LogPlayLevel: PIE: StaticDuplicateObject took: (0.001272s)
[2018.07.01-14.16.31:935][735]LogAIModule: Creating AISystem for world Map_Menu
[2018.07.01-14.16.31:936][735]LogPlayLevel: PIE: World Init took: (0.000926s)
[2018.07.01-14.16.31:936][735]LogPlayLevel: PIE: Created PIE world by copying editor world from /Game/FirstPersonBP/Maps/Map_Menu.Map_Menu to /Game/FirstPersonBP/Maps/UEDPIE_0_Map_Menu.Map_Menu (0.002508s)
[2018.07.01-14.16.31:962][735]LogInit: XAudio2 using 'Haut-parleurs (JBL Charge 2+ Stereo)' : 2 channels at 44.1 kHz using 16 bits per sample (channel mask 0x3)
[2018.07.01-14.16.31:981][735]LogInit: FAudioDevice initialized.
[2018.07.01-14.16.32:017][735]LogLoad: Game class is 'FirstPersonGameMode_C'
[2018.07.01-14.16.32:019][735]LogWorld: Bringing World /Game/FirstPersonBP/Maps/UEDPIE_0_Map_Menu.Map_Menu up for play (max tick rate 0) at 2018.07.01-16.16.32
[2018.07.01-14.16.32:019][735]LogWorld: Bringing up level for play took: 0.001221
[2018.07.01-14.16.32:023][735]PIE: Play in editor start time for /Game/FirstPersonBP/Maps/UEDPIE_0_Map_Menu 0.408
[2018.07.01-14.16.32:023][735]LogBlueprintUserMessages: Late PlayInEditor Detection: Level '/Game/FirstPersonBP/Maps/Map_Menu.Map_Menu:PersistentLevel' has LevelScriptBlueprint '/Game/FirstPersonBP/Maps/Map_Menu.Map_Menu:PersistentLevel.Map_Menu' with GeneratedClass '/Game/FirstPersonBP/Maps/Map_Menu.Map_Menu_C' with ClassGeneratedBy '/Game/FirstPersonBP/Maps/Map_Menu.Map_Menu:PersistentLevel.Map_Menu'
[2018.07.01-14.16.35:333][ 68]LogBlueprintUserMessages: Early EndPlayMap Detection: Level '/Game/FirstPersonBP/Maps/Map_Menu.Map_Menu:PersistentLevel' has LevelScriptBlueprint '/Game/FirstPersonBP/Maps/Map_Menu.Map_Menu:PersistentLevel.Map_Menu' with GeneratedClass '/Game/FirstPersonBP/Maps/Map_Menu.Map_Menu_C' with ClassGeneratedBy '/Game/FirstPersonBP/Maps/Map_Menu.Map_Menu:PersistentLevel.Map_Menu'
[2018.07.01-14.16.35:365][ 68]LogBlueprintUserMessages: Late EndPlayMap Detection: Level '/Game/FirstPersonBP/Maps/Map_Menu.Map_Menu:PersistentLevel' has LevelScriptBlueprint '/Game/FirstPersonBP/Maps/Map_Menu.Map_Menu:PersistentLevel.Map_Menu' with GeneratedClass '/Game/FirstPersonBP/Maps/Map_Menu.Map_Menu_C' with ClassGeneratedBy '/Game/FirstPersonBP/Maps/Map_Menu.Map_Menu:PersistentLevel.Map_Menu'
[2018.07.01-14.16.43:136][631]LogSlate: Took 0.000235 seconds to synchronously load lazily loaded font '../../../Engine/Content/Slate/Fonts/Roboto-Light.ttf' (159K)
[2018.07.01-14.16.43:819][631]LogSlate: Took 0.000338 seconds to synchronously load lazily loaded font '../../../Engine/Content/Slate/Fonts/Roboto-Regular.ttf' (155K)
[2018.07.01-14.16.44:359][631]LogContentBrowser: Native class hierarchy updated for 'BlueprintGraph' in 0.0012 seconds. Added 113 classes and 0 folders.
[2018.07.01-14.16.46:371][631]LogSlate: Took 0.014256 seconds to synchronously load lazily loaded font '../../../Engine/Content/Editor/Slate/Fonts/Roboto-BoldCondensed.ttf' (158K)
[2018.07.01-14.16.47:118][632]LogSlate: Took 0.029288 seconds to synchronously load lazily loaded font '../../../Engine/Content/Editor/Slate/Fonts/Roboto-Italic.ttf' (157K)
[2018.07.01-14.16.51:037][999]LogTemp: Repeating last play command: Selected Viewport
[2018.07.01-14.16.51:064][999]LogBlueprintUserMessages: Early PlayInEditor Detection: Level '/Game/FirstPersonBP/Maps/Map_Menu.Map_Menu:PersistentLevel' has LevelScriptBlueprint '/Game/FirstPersonBP/Maps/Map_Menu.Map_Menu:PersistentLevel.Map_Menu' with GeneratedClass '/Game/FirstPersonBP/Maps/Map_Menu.Map_Menu_C' with ClassGeneratedBy '/Game/FirstPersonBP/Maps/Map_Menu.Map_Menu:PersistentLevel.Map_Menu'
[2018.07.01-14.16.51:064][999]LogPlayLevel: PlayLevel: No blueprints needed recompiling
[2018.07.01-14.16.51:064][999]PIE: New page: PIE session: Map_Menu (Jul 1, 2018, 6:16:51 PM)
[2018.07.01-14.16.51:064][999]LogPlayLevel: Creating play world package: /Game/FirstPersonBP/Maps/UEDPIE_0_Map_Menu
[2018.07.01-14.16.51:066][999]LogPlayLevel: PIE: StaticDuplicateObject took: (0.001337s)
[2018.07.01-14.16.51:067][999]LogAIModule: Creating AISystem for world Map_Menu
[2018.07.01-14.16.51:067][999]LogPlayLevel: PIE: World Init took: (0.001047s)
[2018.07.01-14.16.51:067][999]LogPlayLevel: PIE: Created PIE world by copying editor world from /Game/FirstPersonBP/Maps/Map_Menu.Map_Menu to /Game/FirstPersonBP/Maps/UEDPIE_0_Map_Menu.Map_Menu (0.002700s)
[2018.07.01-14.16.51:102][999]LogInit: XAudio2 using 'Haut-parleurs (JBL Charge 2+ Stereo)' : 2 channels at 44.1 kHz using 16 bits per sample (channel mask 0x3)
[2018.07.01-14.16.51:127][999]LogInit: FAudioDevice initialized.
[2018.07.01-14.16.51:175][999]LogLoad: Game class is 'FirstPersonGameMode_C'
[2018.07.01-14.16.51:176][999]LogWorld: Bringing World /Game/FirstPersonBP/Maps/UEDPIE_0_Map_Menu.Map_Menu up for play (max tick rate 0) at 2018.07.01-16.16.51
[2018.07.01-14.16.51:177][999]LogWorld: Bringing up level for play took: 0.001446
[2018.07.01-14.16.51:177][999]LogGameMode: FindPlayerStart: PATHS NOT DEFINED or NO PLAYERSTART with positive rating
[2018.07.01-14.16.51:197][999]PIE: Play in editor start time for /Game/FirstPersonBP/Maps/UEDPIE_0_Map_Menu -0.417
[2018.07.01-14.16.51:199][999]LogBlueprintUserMessages: Late PlayInEditor Detection: Level '/Game/FirstPersonBP/Maps/Map_Menu.Map_Menu:PersistentLevel' has LevelScriptBlueprint '/Game/FirstPersonBP/Maps/Map_Menu.Map_Menu:PersistentLevel.Map_Menu' with GeneratedClass '/Game/FirstPersonBP/Maps/Map_Menu.Map_Menu_C' with ClassGeneratedBy '/Game/FirstPersonBP/Maps/Map_Menu.Map_Menu:PersistentLevel.Map_Menu'
[2018.07.01-14.16.51:226][999]LogRenderer: Reallocating scene render targets to support 1292x756 Format 10 NumSamples 1 (Frame:1).
[2018.07.01-14.17.00:373][755]LogBlueprintUserMessages: Early EndPlayMap Detection: Level '/Game/FirstPersonBP/Maps/Map_Menu.Map_Menu:PersistentLevel' has LevelScriptBlueprint '/Game/FirstPersonBP/Maps/Map_Menu.Map_Menu:PersistentLevel.Map_Menu' with GeneratedClass '/Game/FirstPersonBP/Maps/Map_Menu.Map_Menu_C' with ClassGeneratedBy '/Game/FirstPersonBP/Maps/Map_Menu.Map_Menu:PersistentLevel.Map_Menu'
[2018.07.01-14.17.00:434][755]LogBlueprintUserMessages: Late EndPlayMap Detection: Level '/Game/FirstPersonBP/Maps/Map_Menu.Map_Menu:PersistentLevel' has LevelScriptBlueprint '/Game/FirstPersonBP/Maps/Map_Menu.Map_Menu:PersistentLevel.Map_Menu' with GeneratedClass '/Game/FirstPersonBP/Maps/Map_Menu.Map_Menu_C' with ClassGeneratedBy '/Game/FirstPersonBP/Maps/Map_Menu.Map_Menu:PersistentLevel.Map_Menu'
[2018.07.01-14.17.14:747][287]LogTemp: Repeating last play command: Selected Viewport
[2018.07.01-14.17.14:771][287]LogBlueprintUserMessages: Early PlayInEditor Detection: Level '/Game/FirstPersonBP/Maps/Map_Menu.Map_Menu:PersistentLevel' has LevelScriptBlueprint '/Game/FirstPersonBP/Maps/Map_Menu.Map_Menu:PersistentLevel.Map_Menu' with GeneratedClass '/Game/FirstPersonBP/Maps/Map_Menu.Map_Menu_C' with ClassGeneratedBy '/Game/FirstPersonBP/Maps/Map_Menu.Map_Menu:PersistentLevel.Map_Menu'
[2018.07.01-14.17.14:771][287]LogPlayLevel: PlayLevel: No blueprints needed recompiling
[2018.07.01-14.17.14:771][287]PIE: New page: PIE session: Map_Menu (Jul 1, 2018, 6:17:14 PM)
[2018.07.01-14.17.14:771][287]LogPlayLevel: Creating play world package: /Game/FirstPersonBP/Maps/UEDPIE_0_Map_Menu
[2018.07.01-14.17.14:772][287]LogPlayLevel: PIE: StaticDuplicateObject took: (0.001182s)
[2018.07.01-14.17.14:773][287]LogAIModule: Creating AISystem for world Map_Menu
[2018.07.01-14.17.14:773][287]LogPlayLevel: PIE: World Init took: (0.000783s)
[2018.07.01-14.17.14:773][287]LogPlayLevel: PIE: Created PIE world by copying editor world from /Game/FirstPersonBP/Maps/Map_Menu.Map_Menu to /Game/FirstPersonBP/Maps/UEDPIE_0_Map_Menu.Map_Menu (0.002220s)
[2018.07.01-14.17.14:802][287]LogInit: XAudio2 using 'Haut-parleurs (JBL Charge 2+ Stereo)' : 2 channels at 44.1 kHz using 16 bits per sample (channel mask 0x3)
[2018.07.01-14.17.14:818][287]LogInit: FAudioDevice initialized.
[2018.07.01-14.17.14:865][287]LogLoad: Game class is 'FirstPersonGameMode_C'
[2018.07.01-14.17.14:867][287]LogWorld: Bringing World /Game/FirstPersonBP/Maps/UEDPIE_0_Map_Menu.Map_Menu up for play (max tick rate 0) at 2018.07.01-16.17.14
[2018.07.01-14.17.14:867][287]LogWorld: Bringing up level for play took: 0.001323
[2018.07.01-14.17.14:868][287]LogGameMode: FindPlayerStart: PATHS NOT DEFINED or NO PLAYERSTART with positive rating
[2018.07.01-14.17.14:878][287]PIE: Play in editor start time for /Game/FirstPersonBP/Maps/UEDPIE_0_Map_Menu -0.737
[2018.07.01-14.17.14:878][287]LogBlueprintUserMessages: Late PlayInEditor Detection: Level '/Game/FirstPersonBP/Maps/Map_Menu.Map_Menu:PersistentLevel' has LevelScriptBlueprint '/Game/FirstPersonBP/Maps/Map_Menu.Map_Menu:PersistentLevel.Map_Menu' with GeneratedClass '/Game/FirstPersonBP/Maps/Map_Menu.Map_Menu_C' with ClassGeneratedBy '/Game/FirstPersonBP/Maps/Map_Menu.Map_Menu:PersistentLevel.Map_Menu'
[2018.07.01-14.17.29:073][700]LogNet: Browse: /Game/FirstPersonBP/Maps/Menu_Chargement
[2018.07.01-14.17.29:074][700]LogLoad: LoadMap: /Game/FirstPersonBP/Maps/Menu_Chargement
[2018.07.01-14.17.29:097][700]Cmd: MEM
[2018.07.01-14.17.29:155][700]LogMemory: Platform Memory Stats for Windows
[2018.07.01-14.17.29:155][700]LogMemory: Process Physical Memory: 1173.29 MB used, 1210.77 MB peak
[2018.07.01-14.17.29:155][700]LogMemory: Process Virtual Memory: 1727.05 MB used, 1849.28 MB peak
[2018.07.01-14.17.29:155][700]LogMemory: Physical Memory: 4791.47 MB used,  3332.57 MB free, 8124.04 MB total
[2018.07.01-14.17.29:156][700]LogMemory: Virtual Memory: 6810.62 MB used,  3332.57 MB free, 134217728.00 MB total
[2018.07.01-14.17.29:156][700]LogMemory: 
[2018.07.01-14.17.29:156][700]Allocator Stats for TBB: (not implemented)
[2018.07.01-14.17.30:673][700]LogAIModule: Creating AISystem for world Menu_Chargement
[2018.07.01-14.17.30:674][700]LogLoad: Game class is 'FirstPersonGameMode_C'
[2018.07.01-14.17.30:677][700]LogWorld: Bringing World /Game/FirstPersonBP/Maps/UEDPIE_0_Menu_Chargement.Menu_Chargement up for play (max tick rate 0) at 2018.07.01-16.17.30
[2018.07.01-14.17.30:677][700]LogWorld: Bringing up level for play took: 0.001849
[2018.07.01-14.17.30:677][700]LogGameMode: FindPlayerStart: PATHS NOT DEFINED or NO PLAYERSTART with positive rating
[2018.07.01-14.17.30:680][700]LogLevel: Warning: Failed to find streaming level object associated with 'Maison_Voleur'
[2018.07.01-14.17.30:683][700]LogLoad: Took 1.609339 seconds to LoadMap(/Game/FirstPersonBP/Maps/Menu_Chargement)
[2018.07.01-14.18.00:330][142]LogNet: Browse: /Game/FirstPersonBP/Maps/Maison_Voleur
[2018.07.01-14.18.00:331][142]LogLoad: LoadMap: /Game/FirstPersonBP/Maps/Maison_Voleur
[2018.07.01-14.18.00:352][142]Cmd: MEM
[2018.07.01-14.18.00:371][142]LogMemory: Platform Memory Stats for Windows
[2018.07.01-14.18.00:371][142]LogMemory: Process Physical Memory: 1367.26 MB used, 1472.29 MB peak
[2018.07.01-14.18.00:371][142]LogMemory: Process Virtual Memory: 1885.98 MB used, 2091.04 MB peak
[2018.07.01-14.18.00:371][142]LogMemory: Physical Memory: 4769.61 MB used,  3354.43 MB free, 8124.04 MB total
[2018.07.01-14.18.00:371][142]LogMemory: Virtual Memory: 6983.00 MB used,  3354.43 MB free, 134217728.00 MB total
[2018.07.01-14.18.00:371][142]LogMemory: 
[2018.07.01-14.18.00:371][142]Allocator Stats for TBB: (not implemented)
[2018.07.01-14.18.25:446][142]LogAIModule: Creating AISystem for world Maison_Voleur
[2018.07.01-14.18.25:447][142]LogLoad: Game class is 'FirstPersonGameMode_C'
[2018.07.01-14.18.25:530][142]LogWorld: Bringing World /Game/FirstPersonBP/Maps/UEDPIE_0_Maison_Voleur.Maison_Voleur up for play (max tick rate 0) at 2018.07.01-16.18.25
[2018.07.01-14.18.25:553][142]LogWorld: Bringing up level for play took: 0.103294
[2018.07.01-14.18.25:579][142]LogLoad: Took 25.248424 seconds to LoadMap(/Game/FirstPersonBP/Maps/Maison_Voleur)
[2018.07.01-14.18.27:570][288]LogScript: Warning: Accessed None trying to read property CallFunc_GetAnimInstance_ReturnValue
	FirstPersonCharacter_C /Game/FirstPersonBP/Maps/UEDPIE_0_Maison_Voleur.Maison_Voleur:PersistentLevel.FirstPersonCharacter_C_0
	Function /Game/FirstPersonBP/Blueprints/FirstPersonCharacter.FirstPersonCharacter_C:ExecuteUbergraph_FirstPersonCharacter:0053
[2018.07.01-14.18.27:571][288]PIE: Error: Blueprint Runtime Error: Accessed None trying to read property CallFunc_GetAnimInstance_ReturnValue from function: 'ExecuteUbergraph_FirstPersonCharacter' from node: Montage Play in graph: EventGraph in object: FirstPersonCharacter with description: Accessed None trying to read property CallFunc_GetAnimInstance_ReturnValue
[2018.07.01-14.18.44:458][396]LogNet: Browse: /Game/FirstPersonBP/Maps/Menu_Chargement_VoleurMaison
[2018.07.01-14.18.44:469][396]LogLoad: LoadMap: /Game/FirstPersonBP/Maps/Menu_Chargement_VoleurMaison
[2018.07.01-14.18.44:497][396]Cmd: MEM
[2018.07.01-14.18.44:516][396]LogMemory: Platform Memory Stats for Windows
[2018.07.01-14.18.44:516][396]LogMemory: Process Physical Memory: 1593.47 MB used, 1629.44 MB peak
[2018.07.01-14.18.44:516][396]LogMemory: Process Virtual Memory: 2224.86 MB used, 2317.63 MB peak
[2018.07.01-14.18.44:516][396]LogMemory: Physical Memory: 5000.81 MB used,  3123.23 MB free, 8124.04 MB total
[2018.07.01-14.18.44:516][396]LogMemory: Virtual Memory: 7298.12 MB used,  3123.23 MB free, 134217728.00 MB total
[2018.07.01-14.18.44:516][396]LogMemory: 
[2018.07.01-14.18.44:516][396]Allocator Stats for TBB: (not implemented)
[2018.07.01-14.18.44:559][396]LogAIModule: Creating AISystem for world Menu_Chargement_VoleurMaison
[2018.07.01-14.18.44:560][396]LogLoad: Game class is 'FirstPersonGameMode_C'
[2018.07.01-14.18.44:562][396]LogWorld: Bringing World /Game/FirstPersonBP/Maps/UEDPIE_0_Menu_Chargement_VoleurMaison.Menu_Chargement_VoleurMaison up for play (max tick rate 0) at 2018.07.01-16.18.44
[2018.07.01-14.18.44:562][396]LogWorld: Bringing up level for play took: 0.001264
[2018.07.01-14.18.44:562][396]LogGameMode: FindPlayerStart: PATHS NOT DEFINED or NO PLAYERSTART with positive rating
[2018.07.01-14.18.44:563][396]LogLevel: Warning: Failed to find streaming level object associated with 'Maison_Voleur_Intérieur'
[2018.07.01-14.18.44:564][396]LogLoad: Took 0.094271 seconds to LoadMap(/Game/FirstPersonBP/Maps/Menu_Chargement_VoleurMaison)
[2018.07.01-14.19.14:474][969]LogNet: Browse: /Game/FirstPersonBP/Maps/Maison_Voleur_Intérieur
[2018.07.01-14.19.14:474][969]LogLoad: LoadMap: /Game/FirstPersonBP/Maps/Maison_Voleur_Intérieur
[2018.07.01-14.19.14:495][969]Cmd: MEM
[2018.07.01-14.19.14:513][969]LogMemory: Platform Memory Stats for Windows
[2018.07.01-14.19.14:513][969]LogMemory: Process Physical Memory: 1588.16 MB used, 1629.44 MB peak
[2018.07.01-14.19.14:513][969]LogMemory: Process Virtual Memory: 2229.90 MB used, 2317.63 MB peak
[2018.07.01-14.19.14:513][969]LogMemory: Physical Memory: 4999.66 MB used,  3124.38 MB free, 8124.04 MB total
[2018.07.01-14.19.14:513][969]LogMemory: Virtual Memory: 7315.50 MB used,  3124.38 MB free, 134217728.00 MB total
[2018.07.01-14.19.14:513][969]LogMemory: 
[2018.07.01-14.19.14:513][969]Allocator Stats for TBB: (not implemented)
[2018.07.01-14.19.54:059][969]LogStats: FPlatformStackWalk::StackWalkAndDump -  0.642 s
[2018.07.01-14.19.54:059][969]LogOutputDevice: Error: === Handled ensure: ===
[2018.07.01-14.19.54:059][969]LogOutputDevice: Error: 
[2018.07.01-14.19.54:059][969]LogOutputDevice: Error: Ensure condition failed: IsObjectValidForDatabase(AssetObject) [File:D:\Build\++UE4+Release-4.17+Compile\Sync\Engine\Source\Editor\BlueprintGraph\Private\BlueprintActionDatabase.cpp] [Line: 1315]
[2018.07.01-14.19.54:059][969]LogOutputDevice: Error: 
[2018.07.01-14.19.54:059][969]LogOutputDevice: Error: Stack: 
[2018.07.01-14.19.54:059][969]LogOutputDevice: Error: UE4Editor-Core.dll!0x000000004EBF3E36
[2018.07.01-14.19.54:059][969]LogOutputDevice: Error: UE4Editor-Core.dll!0x000000004E97C2D2
[2018.07.01-14.19.54:059][969]LogOutputDevice: Error: UE4Editor-Core.dll!0x000000004E994746
[2018.07.01-14.19.54:059][969]LogOutputDevice: Error: UE4Editor-BlueprintGraph.dll!0x0000000062B2D5D9
[2018.07.01-14.19.54:059][969]LogOutputDevice: Error: UE4Editor-BlueprintGraph.dll!0x0000000062AFC90D
[2018.07.01-14.19.54:059][969]LogOutputDevice: Error: UE4Editor-CoreUObject.dll!0x0000000069850F67
[2018.07.01-14.19.54:059][969]LogOutputDevice: Error: UE4Editor-CoreUObject.dll!0x0000000069B5B666
[2018.07.01-14.19.54:059][969]LogOutputDevice: Error: UE4Editor-CoreUObject.dll!0x0000000069B71766
[2018.07.01-14.19.54:059][969]LogOutputDevice: Error: UE4Editor-CoreUObject.dll!0x0000000069B70CB2
[2018.07.01-14.19.54:059][969]LogOutputDevice: Error: UE4Editor-Engine.dll!0x000000004C46E10B
[2018.07.01-14.19.54:059][969]LogOutputDevice: Error: UE4Editor-Engine.dll!0x000000004C426AE8
[2018.07.01-14.19.54:059][969]LogOutputDevice: Error: UE4Editor-Engine.dll!0x000000004C48D89D
[2018.07.01-14.19.54:059][969]LogOutputDevice: Error: UE4Editor-UnrealEd.dll!0x0000000049DDBF80
[2018.07.01-14.19.54:059][969]LogOutputDevice: Error: UE4Editor-UnrealEd.dll!0x000000004A66D646
[2018.07.01-14.19.54:059][969]LogOutputDevice: Error: UE4Editor.exe!0x00000000A773534A
[2018.07.01-14.19.54:059][969]LogOutputDevice: Error: UE4Editor.exe!0x00000000A7743970
[2018.07.01-14.19.54:059][969]LogOutputDevice: Error: UE4Editor.exe!0x00000000A77439EA
[2018.07.01-14.19.54:059][969]LogOutputDevice: Error: UE4Editor.exe!0x00000000A77502D9
[2018.07.01-14.19.54:059][969]LogOutputDevice: Error: UE4Editor.exe!0x00000000A7751C47
[2018.07.01-14.19.54:059][969]LogOutputDevice: Error: KERNEL32.DLL!0x000000009C903034
[2018.07.01-14.19.54:059][969]LogOutputDevice: Error: ntdll.dll!0x000000009D501431
[2018.07.01-14.19.54:059][969]LogOutputDevice: Error: 
[2018.07.01-14.19.54:064][969]LogStats:                SubmitErrorReport -  0.000 s
[2018.07.01-14.19.58:100][969]LogStats:                    SendNewReport -  4.036 s
[2018.07.01-14.19.58:100][969]LogStats:             FDebug::EnsureFailed -  4.683 s
[2018.07.01-14.20.08:264][969]LogAIModule: Creating AISystem for world Maison_Voleur_Intérieur
[2018.07.01-14.20.08:265][969]LogLoad: Game class is 'FirstPersonGameMode_C'
[2018.07.01-14.20.08:284][969]LogWorld: Bringing World /Game/FirstPersonBP/Maps/UEDPIE_0_Maison_Voleur_Intérieur.Maison_Voleur_Intérieur up for play (max tick rate 0) at 2018.07.01-16.20.08
[2018.07.01-14.20.08:284][969]LogWorld: Bringing up level for play took: 0.017634
[2018.07.01-14.20.08:287][969]LogLoad: Took 53.812524 seconds to LoadMap(/Game/FirstPersonBP/Maps/Maison_Voleur_Intérieur)
[2018.07.01-14.21.06:027][471]LogAudio: Warning: Current Audio Device with ID {0.0.0.00000000}.{652187ea-9762-41fd-80d8-d4466042baba} was removed. Shutting down audio device.
[2018.07.01-14.21.06:027][471]LogAudio: Warning: Current Audio Device with ID {0.0.0.00000000}.{652187ea-9762-41fd-80d8-d4466042baba} was removed. Shutting down audio device.
[2018.07.01-14.21.13:809][912]LogBlueprintUserMessages: Early EndPlayMap Detection: Level '/Game/FirstPersonBP/Maps/Map_Menu.Map_Menu:PersistentLevel' has LevelScriptBlueprint '/Game/FirstPersonBP/Maps/Map_Menu.Map_Menu:PersistentLevel.Map_Menu' with GeneratedClass '/Game/FirstPersonBP/Maps/Map_Menu.Map_Menu_C' with ClassGeneratedBy '/Game/FirstPersonBP/Maps/Map_Menu.Map_Menu:PersistentLevel.Map_Menu'
[2018.07.01-14.21.13:860][912]LogBlueprintUserMessages: Late EndPlayMap Detection: Level '/Game/FirstPersonBP/Maps/Map_Menu.Map_Menu:PersistentLevel' has LevelScriptBlueprint '/Game/FirstPersonBP/Maps/Map_Menu.Map_Menu:PersistentLevel.Map_Menu' with GeneratedClass '/Game/FirstPersonBP/Maps/Map_Menu.Map_Menu_C' with ClassGeneratedBy '/Game/FirstPersonBP/Maps/Map_Menu.Map_Menu:PersistentLevel.Map_Menu'
[2018.07.01-14.23.18:605][801]Cmd: QUIT_EDITOR
[2018.07.01-14.23.18:962][801]LogWindowsTextInputMethodSystem: Display: IME system now deactivated.
[2018.07.01-14.23.18:978][801]LogExit: Preparing to exit.
[2018.07.01-14.23.19:334][801]LogDirectoryWatcher: A directory notification for 'C:/Users/Christian/Documents/Unreal Projects/OT_Game/Content/' was aborted.
[2018.07.01-14.23.19:412][801]LogExit: Editor shut down
[2018.07.01-14.23.19:417][801]LogExit: Transaction tracking system shut down
[2018.07.01-14.23.19:694][801]LogDirectoryWatcher: A directory notification for '../../../Engine/Content/' was aborted.
[2018.07.01-14.23.19:694][801]LogDirectoryWatcher: A directory notification for '../../../../../../Users/Christian/Documents/Unreal Projects/OT_Game/Content/' was aborted.
[2018.07.01-14.23.19:694][801]LogDirectoryWatcher: A directory notification for '../../../Engine/Plugins/2D/Paper2D/Content/' was aborted.
[2018.07.01-14.23.19:694][801]LogDirectoryWatcher: A directory notification for '../../../Engine/Plugins/Runtime/Oculus/OculusVR/Content/' was aborted.
[2018.07.01-14.23.19:694][801]LogDirectoryWatcher: A directory notification for '../../../Engine/Plugins/Runtime/Steam/SteamVR/Content/' was aborted.
[2018.07.01-14.23.20:200][801]LogExit: Object subsystem successfully closed.
[2018.07.01-14.23.20:296][801]LogD3D11RHI: Shutdown
[2018.07.01-14.23.20:297][801]LogD3D11RHI: CleanupD3DDevice
[2018.07.01-14.23.20:387][801]LogD3D11RHI: ~FD3D11DynamicRHI
[2018.07.01-14.23.20:633][801]LogModuleManager: Shutting down and abandoning module BlueprintGraph (536)
[2018.07.01-14.23.20:633][801]LogModuleManager: Shutting down and abandoning module BlueprintProfiler (534)
[2018.07.01-14.23.20:648][801]LogModuleManager: Shutting down and abandoning module MovieSceneCapture (532)
[2018.07.01-14.23.20:648][801]LogModuleManager: Shutting down and abandoning module HierarchicalLODOutliner (530)
[2018.07.01-14.23.20:648][801]LogModuleManager: Shutting down and abandoning module SceneOutliner (528)
[2018.07.01-14.23.20:649][801]LogModuleManager: Shutting down and abandoning module AddContentDialog (526)
[2018.07.01-14.23.20:650][801]LogDirectoryWatcher: A directory notification for 'C:/Program Files/Epic Games/UE_4.17/FeaturePacks/' was aborted.
[2018.07.01-14.23.20:651][801]LogModuleManager: Shutting down and abandoning module WidgetCarousel (525)
[2018.07.01-14.23.20:651][801]LogModuleManager: Shutting down and abandoning module EditorWidgets (522)
[2018.07.01-14.23.20:651][801]LogModuleManager: Shutting down and abandoning module CollectionManager (520)
[2018.07.01-14.23.20:652][801]LogDirectoryWatcher: A directory notification for 'C:/Users/Christian/Documents/Unreal Projects/OT_Game/Content/Collections/' was aborted.
[2018.07.01-14.23.20:652][801]LogDirectoryWatcher: A directory notification for 'C:/Users/Christian/Documents/Unreal Projects/OT_Game/Content/Developers/Christian/Collections/' was aborted.
[2018.07.01-14.23.20:652][801]LogDirectoryWatcher: A directory notification for 'C:/Users/Christian/Documents/Unreal Projects/OT_Game/Saved/Collections/' was aborted.
[2018.07.01-14.23.20:652][801]LogModuleManager: Shutting down and abandoning module StatsViewer (518)
[2018.07.01-14.23.20:662][801]LogModuleManager: Shutting down and abandoning module FoliageEdit (516)
[2018.07.01-14.23.20:662][801]LogModuleManager: Shutting down and abandoning module LandscapeEditor (514)
[2018.07.01-14.23.20:664][801]LogModuleManager: Shutting down and abandoning module MeshPaintMode (512)
[2018.07.01-14.23.20:664][801]LogModuleManager: Shutting down and abandoning module SceneDepthPickerMode (510)
[2018.07.01-14.23.20:664][801]LogModuleManager: Shutting down and abandoning module ActorPickerMode (508)
[2018.07.01-14.23.20:664][801]LogModuleManager: Shutting down and abandoning module GeometryMode (506)
[2018.07.01-14.23.20:664][801]LogModuleManager: Shutting down and abandoning module TextureAlignMode (504)
[2018.07.01-14.23.20:664][801]LogModuleManager: Shutting down and abandoning module BspMode (502)
[2018.07.01-14.23.20:665][801]LogModuleManager: Shutting down and abandoning module PIEPreviewDeviceProfileSelector (500)
[2018.07.01-14.23.20:665][801]LogModuleManager: Shutting down and abandoning module HardwareSurvey (498)
[2018.07.01-14.23.20:665][801]LogModuleManager: Shutting down and abandoning module SequenceRecorderSections (496)
[2018.07.01-14.23.20:665][801]LogModuleManager: Shutting down and abandoning module AutomationWorker (494)
[2018.07.01-14.23.20:665][801]LogModuleManager: Shutting down and abandoning module MatineeToLevelSequence (492)
[2018.07.01-14.23.20:666][801]LogModuleManager: Shutting down and abandoning module LevelSequenceEditor (490)
[2018.07.01-14.23.20:678][801]LogModuleManager: Shutting down and abandoning module PlacementMode (489)
[2018.07.01-14.23.20:678][801]LogModuleManager: Shutting down and abandoning module WmfMediaFactory (486)
[2018.07.01-14.23.20:678][801]LogModuleManager: Shutting down and abandoning module WmfMediaEditor (484)
[2018.07.01-14.23.20:678][801]LogModuleManager: Shutting down and abandoning module AvfMediaFactory (482)
[2018.07.01-14.23.20:678][801]LogModuleManager: Shutting down and abandoning module AvfMediaEditor (480)
[2018.07.01-14.23.20:678][801]LogModuleManager: Shutting down and abandoning module AndroidMediaFactory (478)
[2018.07.01-14.23.20:678][801]LogModuleManager: Shutting down and abandoning module Media (477)
[2018.07.01-14.23.20:678][801]LogModuleManager: Shutting down and abandoning module AndroidMediaEditor (474)
[2018.07.01-14.23.20:678][801]LogModuleManager: Shutting down and abandoning module CharacterAI (472)
[2018.07.01-14.23.20:678][801]LogModuleManager: Shutting down and abandoning module AudioCapture (470)
[2018.07.01-14.23.20:678][801]LogModuleManager: Shutting down and abandoning module SequenceRecorder (469)
[2018.07.01-14.23.20:679][801]LogModuleManager: Shutting down and abandoning module SmartSnapping (466)
[2018.07.01-14.23.20:679][801]LogModuleManager: Shutting down and abandoning module SessionServices (464)
[2018.07.01-14.23.20:679][801]LogModuleManager: Shutting down and abandoning module ViewportSnapping (462)
[2018.07.01-14.23.20:679][801]LogModuleManager: Shutting down and abandoning module ViewportInteraction (460)
[2018.07.01-14.23.20:679][801]LogModuleManager: Shutting down and abandoning module ClothPainter (458)
[2018.07.01-14.23.20:682][801]LogModuleManager: Shutting down and abandoning module LogVisualizer (456)
[2018.07.01-14.23.20:690][801]LogModuleManager: Shutting down and abandoning module IntroTutorials (454)
[2018.07.01-14.23.20:692][801]LogModuleManager: Shutting down and abandoning module GameProjectGeneration (453)
[2018.07.01-14.23.20:699][801]LogModuleManager: Shutting down and abandoning module IOSPlatformEditor (450)
[2018.07.01-14.23.20:700][801]LogModuleManager: Shutting down and abandoning module HTML5PlatformEditor (448)
[2018.07.01-14.23.20:700][801]LogModuleManager: Shutting down and abandoning module AndroidPlatformEditor (446)
[2018.07.01-14.23.20:700][801]LogModuleManager: Shutting down and abandoning module AndroidDeviceDetection (445)
[2018.07.01-14.23.21:110][801]LogModuleManager: Shutting down and abandoning module WindowsPlatformEditor (442)
[2018.07.01-14.23.21:110][801]LogModuleManager: Shutting down and abandoning module IOSRuntimeSettings (440)
[2018.07.01-14.23.21:110][801]LogModuleManager: Shutting down and abandoning module AndroidRuntimeSettings (438)
[2018.07.01-14.23.21:110][801]LogModuleManager: Shutting down and abandoning module InputBindingEditor (436)
[2018.07.01-14.23.21:128][801]LogModuleManager: Shutting down and abandoning module MergeActors (434)
[2018.07.01-14.23.21:130][801]LogModuleManager: Shutting down and abandoning module SizeMap (432)
[2018.07.01-14.23.21:130][801]LogModuleManager: Shutting down and abandoning module TreeMap (430)
[2018.07.01-14.23.21:131][801]LogModuleManager: Shutting down and abandoning module ReferenceViewer (428)
[2018.07.01-14.23.21:131][801]LogModuleManager: Shutting down and abandoning module LocalizationDashboard (426)
[2018.07.01-14.23.21:143][801]LogModuleManager: Shutting down and abandoning module LocalizationService (425)
[2018.07.01-14.23.21:143][801]LogModuleManager: Shutting down and abandoning module HardwareTargeting (422)
[2018.07.01-14.23.21:143][801]LogModuleManager: Shutting down and abandoning module DeviceProfileEditor (420)
[2018.07.01-14.23.21:144][801]LogModuleManager: Shutting down and abandoning module UndoHistory (418)
[2018.07.01-14.23.21:144][801]LogModuleManager: Shutting down and abandoning module XmlParser (416)
[2018.07.01-14.23.21:145][801]LogModuleManager: Shutting down and abandoning module Blutility (414)
[2018.07.01-14.23.21:145][801]LogModuleManager: Shutting down and abandoning module ProjectSettingsViewer (412)
[2018.07.01-14.23.21:145][801]LogModuleManager: Shutting down and abandoning module ProjectTargetPlatformEditor (411)
[2018.07.01-14.23.21:145][801]LogModuleManager: Shutting down and abandoning module EditorSettingsViewer (408)
[2018.07.01-14.23.21:145][801]LogModuleManager: Shutting down and abandoning module SettingsEditor (406)
[2018.07.01-14.23.21:147][801]LogModuleManager: Shutting down and abandoning module ProjectLauncher (404)
[2018.07.01-14.23.21:151][801]LogModuleManager: Shutting down and abandoning module SessionFrontend (402)
[2018.07.01-14.23.21:151][801]LogModuleManager: Shutting down and abandoning module ProfilerClient (400)
[2018.07.01-14.23.21:167][801]LogModuleManager: Shutting down and abandoning module DeviceManager (398)
[2018.07.01-14.23.21:178][801]LogModuleManager: Shutting down and abandoning module TargetDeviceServices (397)
[2018.07.01-14.23.21:244][801]LogModuleManager: Shutting down and abandoning module AutomationController (394)
[2018.07.01-14.23.21:245][801]LogModuleManager: Shutting down and abandoning module AutomationWindow (392)
[2018.07.01-14.23.21:251][801]LogModuleManager: Shutting down and abandoning module Layers (390)
[2018.07.01-14.23.21:259][801]LogModuleManager: Shutting down and abandoning module ComponentVisualizers (388)
[2018.07.01-14.23.21:259][801]LogModuleManager: Shutting down and abandoning module DetailCustomizations (386)
[2018.07.01-14.23.21:264][801]LogModuleManager: Shutting down and abandoning module PackagesDialog (384)
[2018.07.01-14.23.21:265][801]LogModuleManager: Shutting down and abandoning module Persona (382)
[2018.07.01-14.23.21:283][801]LogModuleManager: Shutting down and abandoning module AdvancedPreviewScene (381)
[2018.07.01-14.23.21:283][801]LogModuleManager: Shutting down and abandoning module AnimGraph (379)
[2018.07.01-14.23.21:284][801]LogModuleManager: Shutting down and abandoning module Kismet (376)
[2018.07.01-14.23.21:290][801]LogModuleManager: Shutting down and abandoning module ClassViewer (374)
[2018.07.01-14.23.21:290][801]LogModuleManager: Shutting down and abandoning module Toolbox (372)
[2018.07.01-14.23.21:290][801]LogModuleManager: Shutting down and abandoning module ModuleUI (370)
[2018.07.01-14.23.21:299][801]LogModuleManager: Shutting down and abandoning module MovieSceneTools (368)
[2018.07.01-14.23.21:300][801]LogModuleManager: Shutting down and abandoning module OutputLog (366)
[2018.07.01-14.23.21:301][801]LogModuleManager: Shutting down and abandoning module GammaUI (364)
[2018.07.01-14.23.21:302][801]LogModuleManager: Shutting down and abandoning module Documentation (362)
[2018.07.01-14.23.21:302][801]LogModuleManager: Shutting down and abandoning module MovieSceneTracks (360)
[2018.07.01-14.23.21:302][801]LogModuleManager: Shutting down and abandoning module MovieScene (358)
[2018.07.01-14.23.21:302][801]LogModuleManager: Shutting down and abandoning module Niagara (356)
[2018.07.01-14.23.21:302][801]LogModuleManager: Shutting down and abandoning module NiagaraEditor (355)
[2018.07.01-14.23.21:323][801]LogModuleManager: Shutting down and abandoning module StreamingPauseRendering (352)
[2018.07.01-14.23.21:324][801]LogModuleManager: Shutting down and abandoning module LauncherPlatform (350)
[2018.07.01-14.23.21:324][801]LogModuleManager: Shutting down and abandoning module AnalyticsET (348)
[2018.07.01-14.23.21:324][801]LogModuleManager: Shutting down and abandoning module PortalServices (346)
[2018.07.01-14.23.21:324][801]LogModuleManager: Shutting down and abandoning module PortalRpc (344)
[2018.07.01-14.23.21:324][801]LogModuleManager: Shutting down and abandoning module MessagingRpc (342)
[2018.07.01-14.23.21:324][801]LogModuleManager: Shutting down and abandoning module AIModule (340)
[2018.07.01-14.23.21:324][801]LogModuleManager: Shutting down and abandoning module GameplayDebugger (339)
[2018.07.01-14.23.21:324][801]LogModuleManager: Shutting down and abandoning module AITestSuite (337)
[2018.07.01-14.23.21:324][801]LogModuleManager: Shutting down and abandoning module ProfilerService (334)
[2018.07.01-14.23.21:492][801]LogModuleManager: Shutting down and abandoning module TaskGraph (332)
[2018.07.01-14.23.21:494][801]LogModuleManager: Shutting down and abandoning module SteamVRController (330)
[2018.07.01-14.23.21:494][801]LogModuleManager: Shutting down and abandoning module ProceduralMeshComponentEditor (328)
[2018.07.01-14.23.21:494][801]LogModuleManager: Shutting down and abandoning module ProceduralMeshComponent (326)
[2018.07.01-14.23.21:494][801]LogModuleManager: Shutting down and abandoning module OculusInput (324)
[2018.07.01-14.23.21:494][801]LogModuleManager: Shutting down and abandoning module MobilePatchingUtils (322)
[2018.07.01-14.23.21:494][801]LogModuleManager: Shutting down and abandoning module CustomMeshComponent (320)
[2018.07.01-14.23.21:494][801]LogModuleManager: Shutting down and abandoning module CableComponent (318)
[2018.07.01-14.23.21:495][801]LogModuleManager: Shutting down and abandoning module ArchVisCharacter (316)
[2018.07.01-14.23.21:495][801]LogModuleManager: Shutting down and abandoning module AndroidPermission (314)
[2018.07.01-14.23.21:495][801]LogModuleManager: Shutting down and abandoning module MediaPlayerEditor (310)
[2018.07.01-14.23.21:527][801]LogModuleManager: Shutting down and abandoning module HTML5Networking (308)
[2018.07.01-14.23.21:527][801]LogModuleManager: Shutting down and abandoning module AlembicImporter (306)
[2018.07.01-14.23.21:534][801]LogModuleManager: Shutting down and abandoning module AlembicLibrary (305)
[2018.07.01-14.23.21:534][801]LogModuleManager: Shutting down and abandoning module GeometryCache (304)
[2018.07.01-14.23.21:534][801]LogModuleManager: Shutting down and abandoning module GeometryCacheEd (303)
[2018.07.01-14.23.21:534][801]LogModuleManager: Shutting down and abandoning module SpeedTreeImporter (298)
[2018.07.01-14.23.21:534][801]LogModuleManager: Shutting down and abandoning module PluginBrowser (296)
[2018.07.01-14.23.21:542][801]LogModuleManager: Shutting down and abandoning module MobileLauncherProfileWizard (294)
[2018.07.01-14.23.21:543][801]LogModuleManager: Shutting down and abandoning module VisualStudioSourceCodeAccess (292)
[2018.07.01-14.23.21:543][801]LogModuleManager: Shutting down and abandoning module DesktopPlatform (291)
[2018.07.01-14.23.21:543][801]LogModuleManager: Shutting down and abandoning module UObjectPlugin (288)
[2018.07.01-14.23.21:543][801]LogModuleManager: Shutting down and abandoning module SubversionSourceControl (286)
[2018.07.01-14.23.21:544][801]LogModuleManager: Shutting down and abandoning module PerforceSourceControl (284)
[2018.07.01-14.23.21:554][801]LogModuleManager: Shutting down and abandoning module GitSourceControl (282)
[2018.07.01-14.23.21:556][801]LogModuleManager: Shutting down and abandoning module SourceControl (281)
[2018.07.01-14.23.21:557][801]LogModuleManager: Shutting down and abandoning module LightPropagationVolumeEditor (278)
[2018.07.01-14.23.21:557][801]LogModuleManager: Shutting down and abandoning module PaperTiledImporter (276)
[2018.07.01-14.23.21:557][801]LogModuleManager: Shutting down and abandoning module PaperSpriteSheetImporter (274)
[2018.07.01-14.23.21:557][801]LogModuleManager: Shutting down and abandoning module Paper2DEditor (272)
[2018.07.01-14.23.21:559][801]LogModuleManager: Shutting down and abandoning module MeshPaint (271)
[2018.07.01-14.23.21:559][801]LogModuleManager: Shutting down and abandoning module LevelEditor (269)
[2018.07.01-14.23.21:561][801]LogModuleManager: Shutting down and abandoning module PixelInspectorModule (268)
[2018.07.01-14.23.21:561][801]LogModuleManager: Shutting down and abandoning module MainFrame (266)
[2018.07.01-14.23.21:562][801]LogModuleManager: Shutting down and abandoning module HotReload (265)
[2018.07.01-14.23.21:562][801]LogModuleManager: Shutting down and abandoning module RuntimePhysXCooking (260)
[2018.07.01-14.23.21:562][801]LogModuleManager: Shutting down and abandoning module PhysXVehiclesEditor (258)
[2018.07.01-14.23.21:563][801]LogModuleManager: Shutting down and abandoning module PhysXVehicles (256)
[2018.07.01-14.23.21:563][801]LogModuleManager: Shutting down and abandoning module OculusEditor (254)
[2018.07.01-14.23.21:563][801]LogModuleManager: Shutting down and abandoning module LocationServicesBPLibrary (252)
[2018.07.01-14.23.21:563][801]LogModuleManager: Shutting down and abandoning module ImmediatePhysicsEditor (250)
[2018.07.01-14.23.21:563][801]LogModuleManager: Shutting down and abandoning module ImmediatePhysics (248)
[2018.07.01-14.23.21:563][801]LogModuleManager: Shutting down and abandoning module UdpMessaging (246)
[2018.07.01-14.23.21:664][801]LogModuleManager: Shutting down and abandoning module TcpMessaging (244)
[2018.07.01-14.23.21:765][801]LogModuleManager: Shutting down and abandoning module GameplayTagsEditor (242)
[2018.07.01-14.23.21:790][801]LogModuleManager: Shutting down and abandoning module FacialAnimationEditor (240)
[2018.07.01-14.23.21:790][801]LogModuleManager: Shutting down and abandoning module FacialAnimation (238)
[2018.07.01-14.23.21:790][801]LogModuleManager: Shutting down and abandoning module AssetManagerEditor (236)
[2018.07.01-14.23.21:792][801]LogModuleManager: Shutting down and abandoning module GraphEditor (235)
[2018.07.01-14.23.21:792][801]LogModuleManager: Shutting down and abandoning module ContentBrowser (233)
[2018.07.01-14.23.21:793][801]LogModuleManager: Shutting down and abandoning module LightPropagationVolumeRuntime (230)
[2018.07.01-14.23.21:793][801]LogModuleManager: Shutting down and abandoning module Paper2D (228)
[2018.07.01-14.23.21:794][801]LogModuleManager: Shutting down and abandoning module WindowsMoviePlayer (226)
[2018.07.01-14.23.21:794][801]LogModuleManager: Shutting down and abandoning module WmfMedia (224)
[2018.07.01-14.23.21:797][801]LogModuleManager: Shutting down and abandoning module PacketHandler (222)
[2018.07.01-14.23.21:798][801]LogModuleManager: Shutting down and abandoning module ClothingSystemEditor (220)
[2018.07.01-14.23.21:798][801]LogModuleManager: Shutting down and abandoning module ClothingSystemRuntime (218)
[2018.07.01-14.23.21:812][801]LogModuleManager: Shutting down and abandoning module Overlay (216)
[2018.07.01-14.23.21:812][801]LogModuleManager: Shutting down and abandoning module OverlayEditor (215)
[2018.07.01-14.23.21:812][801]LogModuleManager: Shutting down and abandoning module MediaAssets (212)
[2018.07.01-14.23.21:812][801]LogModuleManager: Shutting down and abandoning module VREditor (210)
[2018.07.01-14.23.21:813][801]LogModuleManager: Shutting down and abandoning module StringTableEditor (208)
[2018.07.01-14.23.21:814][801]LogModuleManager: Shutting down and abandoning module GameplayTasksEditor (206)
[2018.07.01-14.23.21:814][801]LogModuleManager: Shutting down and abandoning module BehaviorTreeEditor (204)
[2018.07.01-14.23.21:838][801]LogModuleManager: Shutting down and abandoning module FunctionalTesting (202)
[2018.07.01-14.23.21:838][801]LogModuleManager: Shutting down and abandoning module CollisionAnalyzer (200)
[2018.07.01-14.23.21:839][801]LogModuleManager: Shutting down and abandoning module WorkspaceMenuStructure (199)
[2018.07.01-14.23.21:840][801]LogModuleManager: Shutting down and abandoning module UMG (196)
[2018.07.01-14.23.21:840][801]LogModuleManager: Shutting down and abandoning module UMGEditor (195)
[2018.07.01-14.23.21:842][801]LogModuleManager: Shutting down and abandoning module Sequencer (194)
[2018.07.01-14.23.21:843][801]LogModuleManager: Shutting down and abandoning module MessageLog (191)
[2018.07.01-14.23.21:843][801]LogModuleManager: Shutting down and abandoning module SlateReflector (186)
[2018.07.01-14.23.21:862][801]LogModuleManager: Shutting down and abandoning module Slate (184)
[2018.07.01-14.23.21:862][801]LogModuleManager: Shutting down and abandoning module EditorStyle (182)
[2018.07.01-14.23.21:865][801]LogModuleManager: Shutting down and abandoning module MRMesh (180)
[2018.07.01-14.23.21:865][801]LogModuleManager: Shutting down and abandoning module SourceCodeAccess (178)
[2018.07.01-14.23.21:865][801]LogModuleManager: Shutting down and abandoning module HeadMountedDisplay (176)
[2018.07.01-14.23.21:865][801]LogModuleManager: Shutting down and abandoning module XAudio2 (174)
[2018.07.01-14.23.21:865][801]LogModuleManager: Shutting down and abandoning module Networking (172)
[2018.07.01-14.23.21:865][801]LogModuleManager: Shutting down and abandoning module Core (168)
[2018.07.01-14.23.21:865][801]LogModuleManager: Shutting down and abandoning module KismetCompiler (164)
[2018.07.01-14.23.21:865][801]LogModuleManager: Shutting down and abandoning module LevelSequence (162)
[2018.07.01-14.23.21:865][801]LogModuleManager: Shutting down and abandoning module MeshUtilities (160)
[2018.07.01-14.23.21:867][801]LogModuleManager: Shutting down and abandoning module MeshMergeUtilities (159)
[2018.07.01-14.23.21:869][801]LogModuleManager: Shutting down and abandoning module MeshReductionInterface (158)
[2018.07.01-14.23.21:869][801]LogModuleManager: Shutting down and abandoning module SimplygonSwarm (157)
[2018.07.01-14.23.21:879][801]LogModuleManager: Shutting down and abandoning module SimplygonMeshReduction (155)
[2018.07.01-14.23.21:879][801]LogModuleManager: Shutting down and abandoning module QuadricMeshReduction (153)
[2018.07.01-14.23.21:880][801]LogModuleManager: Shutting down and abandoning module MaterialBaking (149)
[2018.07.01-14.23.21:880][801]LogModuleManager: Shutting down and abandoning module DirectoryWatcher (146)
[2018.07.01-14.23.21:881][801]LogModuleManager: Shutting down and abandoning module DerivedDataCache (144)
[2018.07.01-14.23.21:905][801]LogDerivedDataCache: Shutdown
[2018.07.01-14.23.21:906][801]LogModuleManager: Shutting down and abandoning module TargetPlatform (142)
[2018.07.01-14.23.21:906][801]LogModuleManager: Shutting down and abandoning module VulkanShaderFormat (141)
[2018.07.01-14.23.21:907][801]LogModuleManager: Shutting down and abandoning module ShaderFormatVectorVM (139)
[2018.07.01-14.23.21:907][801]LogModuleManager: Shutting down and abandoning module ShaderFormatOpenGL (137)
[2018.07.01-14.23.21:908][801]LogModuleManager: Shutting down and abandoning module ShaderFormatD3D (135)
[2018.07.01-14.23.21:908][801]LogModuleManager: Shutting down and abandoning module MetalShaderFormat (133)
[2018.07.01-14.23.21:912][801]LogModuleManager: Shutting down and abandoning module TextureFormatUncompressed (131)
[2018.07.01-14.23.21:913][801]LogModuleManager: Shutting down and abandoning module TextureFormatPVR (129)
[2018.07.01-14.23.21:913][801]LogModuleManager: Shutting down and abandoning module TextureFormatDXT (127)
[2018.07.01-14.23.21:913][801]LogModuleManager: Shutting down and abandoning module TextureFormatIntelISPCTexComp (125)
[2018.07.01-14.23.21:920][801]LogModuleManager: Shutting down and abandoning module TextureFormatASTC (123)
[2018.07.01-14.23.21:920][801]LogModuleManager: Shutting down and abandoning module ImageWrapper (122)
[2018.07.01-14.23.21:920][801]LogModuleManager: Shutting down and abandoning module TextureFormatAndroid (119)
[2018.07.01-14.23.21:920][801]LogModuleManager: Shutting down and abandoning module AudioFormatOpus (117)
[2018.07.01-14.23.21:920][801]LogModuleManager: Shutting down and abandoning module AudioFormatOgg (115)
[2018.07.01-14.23.21:920][801]LogModuleManager: Shutting down and abandoning module AudioFormatADPCM (113)
[2018.07.01-14.23.21:920][801]LogModuleManager: Shutting down and abandoning module LinuxTargetPlatform (111)
[2018.07.01-14.23.21:920][801]LogModuleManager: Shutting down and abandoning module LinuxServerTargetPlatform (109)
[2018.07.01-14.23.21:920][801]LogModuleManager: Shutting down and abandoning module LinuxNoEditorTargetPlatform (107)
[2018.07.01-14.23.21:920][801]LogModuleManager: Shutting down and abandoning module LinuxClientTargetPlatform (105)
[2018.07.01-14.23.21:920][801]LogModuleManager: Shutting down and abandoning module TVOSTargetPlatform (103)
[2018.07.01-14.23.21:920][801]LogModuleManager: Shutting down and abandoning module Messaging (101)
[2018.07.01-14.23.21:920][801]LogModuleManager: Shutting down and abandoning module IOSTargetPlatform (99)
[2018.07.01-14.23.21:920][801]LogModuleManager: Shutting down and abandoning module HTML5TargetPlatform (97)
[2018.07.01-14.23.21:920][801]LogModuleManager: Shutting down and abandoning module Android_PVRTCTargetPlatform (95)
[2018.07.01-14.23.21:920][801]LogModuleManager: Shutting down and abandoning module Android_MultiTargetPlatform (93)
[2018.07.01-14.23.21:920][801]LogModuleManager: Shutting down and abandoning module Android_ETC2TargetPlatform (91)
[2018.07.01-14.23.21:920][801]LogModuleManager: Shutting down and abandoning module Android_ETC1TargetPlatform (89)
[2018.07.01-14.23.21:920][801]LogModuleManager: Shutting down and abandoning module Android_DXTTargetPlatform (87)
[2018.07.01-14.23.21:920][801]LogModuleManager: Shutting down and abandoning module Android_ATCTargetPlatform (85)
[2018.07.01-14.23.21:920][801]LogModuleManager: Shutting down and abandoning module Android_ASTCTargetPlatform (83)
[2018.07.01-14.23.21:920][801]LogModuleManager: Shutting down and abandoning module AndroidTargetPlatform (81)
[2018.07.01-14.23.21:920][801]LogModuleManager: Shutting down and abandoning module WindowsTargetPlatform (79)
[2018.07.01-14.23.21:920][801]LogModuleManager: Shutting down and abandoning module WindowsServerTargetPlatform (77)
[2018.07.01-14.23.21:920][801]LogModuleManager: Shutting down and abandoning module WindowsNoEditorTargetPlatform (75)
[2018.07.01-14.23.21:920][801]LogModuleManager: Shutting down and abandoning module WindowsClientTargetPlatform (73)
[2018.07.01-14.23.21:920][801]LogModuleManager: Shutting down and abandoning module MacTargetPlatform (71)
[2018.07.01-14.23.21:920][801]LogModuleManager: Shutting down and abandoning module MacServerTargetPlatform (69)
[2018.07.01-14.23.21:920][801]LogModuleManager: Shutting down and abandoning module MacNoEditorTargetPlatform (67)
[2018.07.01-14.23.21:920][801]LogModuleManager: Shutting down and abandoning module MacClientTargetPlatform (65)
[2018.07.01-14.23.21:920][801]LogModuleManager: Shutting down and abandoning module AllDesktopTargetPlatform (63)
[2018.07.01-14.23.21:920][801]LogModuleManager: Shutting down and abandoning module InputCore (60)
[2018.07.01-14.23.21:920][801]LogModuleManager: Shutting down and abandoning module Settings (58)
[2018.07.01-14.23.21:920][801]LogModuleManager: Shutting down and abandoning module PhysXCooking (56)
[2018.07.01-14.23.21:920][801]LogModuleManager: Shutting down and abandoning module SteamVR (54)
[2018.07.01-14.23.21:920][801]LogModuleManager: Shutting down and abandoning module OculusHMD (52)
[2018.07.01-14.23.21:921][801]LogModuleManager: Shutting down and abandoning module ExampleDeviceProfileSelector (50)
[2018.07.01-14.23.21:921][801]LogModuleManager: Shutting down and abandoning module OnlineBlueprintSupport (48)
[2018.07.01-14.23.21:921][801]LogModuleManager: Shutting down and abandoning module OnlineSubsystem (44)
[2018.07.01-14.23.21:921][801]LogOnline: Display: Unloading online subsystem: NULL
[2018.07.01-14.23.21:929][801]LogModuleManager: Shutting down and abandoning module XMPP (43)
[2018.07.01-14.23.21:944][801]LogModuleManager: Shutting down and abandoning module HTTP (41)
[2018.07.01-14.23.21:944][801]LogHttp: Display: Http module shutting down, but needs to wait on 1 outstanding Http requests:
[2018.07.01-14.23.21:945][801]LogHttp: Display: 	verb=[POST] url=[https://datarouter.ol.epicgames.com/datarouter/api/v1/public/data?SessionID=%7BE8D15E40-4F1C-0147-824B-78B5AA00F45C%7D&AppID=UEEditor.Rocket.Release&AppVersion=4.17.2-3658906%2B%2B%2BUE4%2BRelease-4.17&UserID=bb82afc44070a11c70b05285674ea781%7C9dfe31981c974b5d9cf78833bf150792%7Cc14af8fa-2582-4105-82f9-ab8c7ce3cf88&AppEnvironment=datacollector-binary&UploadType=eteventstream] status=Processing
[2018.07.01-14.23.21:978][801]LogModuleManager: Shutting down and abandoning module SSL (40)
[2018.07.01-14.23.21:980][801]LogModuleManager: Shutting down and abandoning module AnimationModifiers (36)
[2018.07.01-14.23.21:981][801]LogModuleManager: Shutting down and abandoning module PropertyEditor (35)
[2018.07.01-14.23.21:981][801]LogModuleManager: Shutting down and abandoning module AudioEditor (32)
[2018.07.01-14.23.21:983][801]LogModuleManager: Shutting down and abandoning module TextureCompressor (30)
[2018.07.01-14.23.21:984][801]LogModuleManager: Shutting down and abandoning module ShaderCore (28)
[2018.07.01-14.23.21:984][801]LogModuleManager: Shutting down and abandoning module Landscape (26)
[2018.07.01-14.23.21:984][801]LogModuleManager: Shutting down and abandoning module SlateRHIRenderer (24)
[2018.07.01-14.23.21:986][801]LogModuleManager: Shutting down and abandoning module OpenGLDrv (22)
[2018.07.01-14.23.21:996][801]LogModuleManager: Shutting down and abandoning module D3D11RHI (20)
[2018.07.01-14.23.21:996][801]LogModuleManager: Shutting down and abandoning module AnimGraphRuntime (18)
[2018.07.01-14.23.21:997][801]LogModuleManager: Shutting down and abandoning module Renderer (16)
[2018.07.01-14.23.21:997][801]LogModuleManager: Shutting down and abandoning module Engine (14)
[2018.07.01-14.23.21:997][801]LogModuleManager: Shutting down and abandoning module CoreUObject (12)
[2018.07.01-14.23.21:997][801]LogModuleManager: Shutting down and abandoning module NetworkFile (10)
[2018.07.01-14.23.21:997][801]LogModuleManager: Shutting down and abandoning module CookedIterativeFile (8)
[2018.07.01-14.23.21:997][801]LogModuleManager: Shutting down and abandoning module StreamingFile (6)
[2018.07.01-14.23.21:998][801]LogModuleManager: Shutting down and abandoning module SandboxFile (4)
[2018.07.01-14.23.21:998][801]LogModuleManager: Shutting down and abandoning module PakFile (2)
[2018.07.01-14.23.22:005][801]LogExit: Exiting.
[2018.07.01-14.23.22:018][801]Log file closed, 07/01/18 16:23:22
