Log file open, 07/01/18 00:02:13
LogWindows: Failed to load 'aqProf.dll' (GetLastError=126)
LogWindows: File 'aqProf.dll' does not exist
LogWindows: Failed to load 'VtuneApi.dll' (GetLastError=126)
LogWindows: File 'VtuneApi.dll' does not exist
LogWindows: Failed to load 'VtuneApi32e.dll' (GetLastError=126)
LogWindows: File 'VtuneApi32e.dll' does not exist
LogInit: Display: Running engine for game: OT_Game
LogPlatformFile: Not using cached read wrapper
LogInit: Display: RandInit(-1416415326) SRandInit(-1416415326).
LogTaskGraph: Started task graph with 5 named threads and 14 total threads with 3 sets of task threads.
LogStats: Stats thread started at 0.192330
LogD3D11RHI: Aftermath initialized
LogPluginManager: Mounting plugin Paper2D
LogPluginManager: Mounting plugin LightPropagationVolume
LogPluginManager: Mounting plugin CodeLiteSourceCodeAccess
LogPluginManager: Mounting plugin GitSourceControl
LogPluginManager: Mounting plugin KDevelopSourceCodeAccess
LogPluginManager: Mounting plugin NullSourceCodeAccess
LogPluginManager: Mounting plugin PerforceSourceControl
LogPluginManager: Mounting plugin SubversionSourceControl
LogPluginManager: Mounting plugin UObjectPlugin
LogPluginManager: Mounting plugin VisualStudioSourceCodeAccess
LogPluginManager: Mounting plugin XCodeSourceCodeAccess
LogPluginManager: Mounting plugin AssetManagerEditor
LogPluginManager: Mounting plugin AudioCapture
LogPluginManager: Mounting plugin FacialAnimation
LogPluginManager: Mounting plugin GameplayTagsEditor
LogPluginManager: Mounting plugin MobileLauncherProfileWizard
LogPluginManager: Mounting plugin PluginBrowser
LogPluginManager: Mounting plugin SpeedTreeImporter
LogPluginManager: Mounting plugin AlembicImporter
LogPluginManager: Mounting plugin CharacterAI
LogPluginManager: Mounting plugin HTML5Networking
LogPluginManager: Mounting plugin AndroidMedia
LogPluginManager: Mounting plugin AvfMedia
LogPluginManager: Mounting plugin MediaPlayerEditor
LogPluginManager: Mounting plugin WmfMedia
LogPluginManager: Mounting plugin TcpMessaging
LogPluginManager: Mounting plugin UdpMessaging
LogPluginManager: Mounting plugin LevelSequenceEditor
LogPluginManager: Mounting plugin MatineeToLevelSequence
LogPluginManager: Mounting plugin OnlineSubsystemGooglePlay
LogPluginManager: Mounting plugin OnlineSubsystemIOS
LogPluginManager: Mounting plugin OnlineSubsystem
LogPluginManager: Mounting plugin OnlineSubsystemNull
LogPluginManager: Mounting plugin OnlineSubsystemUtils
LogPluginManager: Mounting plugin AndroidDeviceProfileSelector
LogPluginManager: Mounting plugin AndroidMoviePlayer
LogPluginManager: Mounting plugin AndroidPermission
LogPluginManager: Mounting plugin AppleMoviePlayer
LogPluginManager: Mounting plugin ArchVisCharacter
LogPluginManager: Mounting plugin CableComponent
LogPluginManager: Mounting plugin CustomMeshComponent
LogPluginManager: Mounting plugin ExampleDeviceProfileSelector
LogPluginManager: Mounting plugin GoogleCloudMessaging
LogPluginManager: Mounting plugin ImmediatePhysics
LogPluginManager: Mounting plugin IOSDeviceProfileSelector
LogPluginManager: Mounting plugin LinuxDeviceProfileSelector
LogPluginManager: Mounting plugin LocationServicesBPLibrary
LogPluginManager: Mounting plugin MobilePatchingUtils
LogPluginManager: Mounting plugin OculusVR
LogPluginManager: Mounting plugin PhysXVehicles
LogPluginManager: Mounting plugin ProceduralMeshComponent
LogPluginManager: Mounting plugin RuntimePhysXCooking
LogPluginManager: Mounting plugin SteamVR
LogPluginManager: Mounting plugin WindowsMoviePlayer
LogInit: Using libcurl 7.47.1
LogInit:  - built for x86_64-pc-win32
LogInit:  - supports SSL with OpenSSL/1.0.2g
LogInit:  - supports HTTP deflate (compression) using libz 1.2.8
LogInit:  - other features:
LogInit:      CURL_VERSION_SSL
LogInit:      CURL_VERSION_LIBZ
LogInit:      CURL_VERSION_IPV6
LogInit:      CURL_VERSION_ASYNCHDNS
LogInit:      CURL_VERSION_LARGEFILE
LogInit:      CURL_VERSION_IDN
LogInit:  CurlRequestOptions (configurable via config and command line):
LogInit:  - bVerifyPeer = false  - Libcurl will NOT verify peer certificate
LogInit:  - bUseHttpProxy = false  - Libcurl will NOT use HTTP proxy
LogInit:  - bDontReuseConnections = false  - Libcurl will reuse connections
LogInit:  - CertBundlePath = nullptr  - Libcurl will use whatever was configured at build time.
LogInit: Build: ++UE4+Release-4.17-CL-3658906
LogInit: Engine Version: 4.17.2-3658906+++UE4+Release-4.17
LogInit: Compatible Engine Version: 4.17.0-3573198+++UE4+Release-4.17
LogInit: Net CL: 3573198
LogDevObjectVersion: Number of dev versions registered: 16
LogDevObjectVersion:   Dev-Blueprints (B0D832E4-1F89-4F0D-ACCF-7EB736FD4AA2): 10
LogDevObjectVersion:   Dev-Build (E1C64328-A22C-4D53-A36C-8E866417BD8C): 0
LogDevObjectVersion:   Dev-Core (375EC13C-06E4-48FB-B500-84F0262A717E): 2
LogDevObjectVersion:   Dev-Editor (E4B068ED-F494-42E9-A231-DA0B2E46BB41): 20
LogDevObjectVersion:   Dev-Framework (CFFC743F-43B0-4480-9391-14DF171D2073): 28
LogDevObjectVersion:   Dev-Mobile (B02B49B5-BB20-44E9-A304-32B752E40360): 0
LogDevObjectVersion:   Dev-Networking (A4E4105C-59A1-49B5-A7C5-40C4547EDFEE): 0
LogDevObjectVersion:   Dev-Online (39C831C9-5AE6-47DC-9A44-9C173E1C8E7C): 0
LogDevObjectVersion:   Dev-Physics (78F01B33-EBEA-4F98-B9B4-84EACCB95AA2): 0
LogDevObjectVersion:   Dev-Platform (6631380F-2D4D-43E0-8009-CF276956A95A): 0
LogDevObjectVersion:   Dev-Rendering (12F88B9F-8875-4AFC-A67C-D90C383ABD29): 19
LogDevObjectVersion:   Dev-Sequencer (7B5AE74C-D270-4C10-A958-57980B212A5A): 4
LogDevObjectVersion:   Dev-VR (D7296918-1DD6-4BDD-9DE2-64A83CC13884): 0
LogDevObjectVersion:   Dev-LoadTimes (C2A15278-BFE7-4AFE-6C17-90FF531DF755): 1
LogDevObjectVersion:   Private-Geometry (6EACA3D4-40EC-4CC1-B786-8BED09428FC5): 1
LogDevObjectVersion:   Dev-AnimPhys (29E575DD-E0A3-4627-9D10-D276232CDCEA): 7
LogInit: Compiled (64-bit): Sep 22 2017 13:47:16
LogInit: Compiled with Visual C++: 19.00.24215.01
LogInit: Build Configuration: Development
LogInit: Branch Name: ++UE4+Release-4.17
LogInit: Command line:  
LogInit: Base directory: C:/Program Files/Epic Games/UE_4.17/Engine/Binaries/Win64/
LogInit: Installed Engine Build: 1
LogInit: Presizing for max 8388607 objects, including 0 objects not considered by GC, pre-allocating 0 bytes for permanent pool.
LogInit: Object subsystem initialized
[2018.06.30-22.02.20:417][  0]LogInit: Selected Device Profile: [Windows]
[2018.06.30-22.02.20:417][  0]LogInit: Applying CVar settings loaded from the selected device profile: [Windows]
[2018.06.30-22.02.20:613][  0]LogInit: Computer: LENOVO-PC
[2018.06.30-22.02.20:614][  0]LogInit: User: Christian
[2018.06.30-22.02.20:614][  0]LogInit: CPU Page size=4096, Cores=4
[2018.06.30-22.02.20:614][  0]LogInit: High frequency timer resolution =3.117798 MHz
[2018.06.30-22.02.20:615][  0]LogMemory: Memory total: Physical=7.9GB (8GB approx)
[2018.06.30-22.02.20:615][  0]LogMemory: Platform Memory Stats for Windows
[2018.06.30-22.02.20:615][  0]LogMemory: Process Physical Memory: 278.21 MB used, 278.21 MB peak
[2018.06.30-22.02.20:615][  0]LogMemory: Process Virtual Memory: 274.09 MB used, 274.09 MB peak
[2018.06.30-22.02.20:615][  0]LogMemory: Physical Memory: 3530.52 MB used,  4593.53 MB free, 8124.04 MB total
[2018.06.30-22.02.20:615][  0]LogMemory: Virtual Memory: 4784.08 MB used,  4593.53 MB free, 134217728.00 MB total
[2018.06.30-22.02.22:751][  0]LogInit: Using OS detected language (fr-FR).
[2018.06.30-22.02.22:752][  0]LogInit: Using OS detected locale (fr-FR).
[2018.06.30-22.02.23:187][  0]LogTextLocalizationManager: No localization for 'fr-FR' exists, so 'en' will be used for the language.
[2018.06.30-22.02.23:190][  0]LogTextLocalizationManager: No localization for 'fr-FR' exists, so 'en' will be used for the locale.
[2018.06.30-22.02.32:697][  0]LogD3D11RHI: D3D11 adapters:
[2018.06.30-22.02.32:795][  0]LogD3D11RHI:    0. 'NVIDIA GeForce GTX 745' (Feature Level 11_0)
[2018.06.30-22.02.32:795][  0]LogD3D11RHI:       2007/0/4062 MB DedicatedVideo/DedicatedSystem/SharedSystem, Outputs:1, VendorId:0x10de
[2018.06.30-22.02.32:798][  0]LogD3D11RHI:    1. 'Microsoft Basic Render Driver' (Feature Level 11_0)
[2018.06.30-22.02.32:798][  0]LogD3D11RHI:       0/0/4062 MB DedicatedVideo/DedicatedSystem/SharedSystem, Outputs:0, VendorId:0x1414
[2018.06.30-22.02.32:798][  0]LogD3D11RHI: Chosen D3D11 Adapter: 0
[2018.06.30-22.02.32:848][  0]LogD3D11RHI: Creating new Direct3DDevice
[2018.06.30-22.02.32:849][  0]LogD3D11RHI:     GPU DeviceId: 0x1382 (for the marketing name, search the web for "GPU Device Id")
[2018.06.30-22.02.32:849][  0]LogWindows: EnumDisplayDevices:
[2018.06.30-22.02.32:849][  0]LogWindows:    0. 'NVIDIA GeForce GTX 745' (P:1 D:1)
[2018.06.30-22.02.32:850][  0]LogWindows:    1. 'NVIDIA GeForce GTX 745' (P:0 D:0)
[2018.06.30-22.02.32:850][  0]LogWindows:    2. 'LMIMIRR' (P:0 D:0)
[2018.06.30-22.02.32:850][  0]LogWindows: DebugString: GetVideoDriverDetailsInvalid PrimaryIsNotTheChoosenAdapter GetVideoDriverDetailsInvalid PrimaryIsNotTheChoosenAdapter GetVideoDriverDetailsInvalid PrimaryIsNotTheChoosenAdapter FoundDriverCount:0 
[2018.06.30-22.02.32:850][  0]LogD3D11RHI:     Adapter Name: NVIDIA GeForce GTX 745
[2018.06.30-22.02.32:850][  0]LogD3D11RHI:   Driver Version: Unknown (internal:Unknown, unified:Unknown)
[2018.06.30-22.02.32:850][  0]LogD3D11RHI:      Driver Date: Unknown
[2018.06.30-22.02.32:850][  0]LogRHI: Texture pool is 1361 MB (70% of 1945 MB)
[2018.06.30-22.02.33:061][  0]LogD3D11RHI: Async texture creation enabled
[2018.06.30-22.02.33:872][  0]LogD3D11RHI: GPU Timing Frequency: 1000.000000 (Debug: 2 4)
[2018.06.30-22.02.34:076][  0]LogShaderCompilers: Guid format shader working directory is -18 characters bigger than the processId version (../../../../../../Users/Christian/Documents/Unreal Projects/OT_Game/Intermediate/Shaders/WorkingDirectory/11768/).
[2018.06.30-22.02.34:077][  0]LogShaderCompilers: Cleaned the shader compiler working directory 'C:/Users/Christian/AppData/Local/Temp/UnrealShaderWorkingDir/168CB7A84A02EC2007ED5C93ABE2FF95/'.
[2018.06.30-22.02.34:100][  0]LogShaderCompilers: Display: Using Local Shader Compiler.
[2018.06.30-22.02.40:372][  0]LogTemp: Display: Loaded TP AllDesktopTargetPlatform
[2018.06.30-22.02.40:440][  0]LogTemp: Display: Loaded TP MacClientTargetPlatform
[2018.06.30-22.02.40:595][  0]LogTemp: Display: Loaded TP MacNoEditorTargetPlatform
[2018.06.30-22.02.40:664][  0]LogTemp: Display: Loaded TP MacServerTargetPlatform
[2018.06.30-22.02.40:757][  0]LogTemp: Display: Loaded TP MacTargetPlatform
[2018.06.30-22.02.40:850][  0]LogTemp: Display: Loaded TP WindowsClientTargetPlatform
[2018.06.30-22.02.40:932][  0]LogTemp: Display: Loaded TP WindowsNoEditorTargetPlatform
[2018.06.30-22.02.41:030][  0]LogTemp: Display: Loaded TP WindowsServerTargetPlatform
[2018.06.30-22.02.41:101][  0]LogTemp: Display: Loaded TP WindowsTargetPlatform
[2018.06.30-22.02.41:286][  0]LogTemp: Display: Loaded TP AndroidTargetPlatform
[2018.06.30-22.02.41:404][  0]LogTemp: Display: Loaded TP Android_ASTCTargetPlatform
[2018.06.30-22.02.41:555][  0]LogTemp: Display: Loaded TP Android_ATCTargetPlatform
[2018.06.30-22.02.41:634][  0]LogTemp: Display: Loaded TP Android_DXTTargetPlatform
[2018.06.30-22.02.41:750][  0]LogTemp: Display: Loaded TP Android_ETC1TargetPlatform
[2018.06.30-22.02.41:885][  0]LogTemp: Display: Loaded TP Android_ETC2TargetPlatform
[2018.06.30-22.02.42:242][  0]LogTemp: Display: Loaded TP Android_MultiTargetPlatform
[2018.06.30-22.02.42:242][  0]LogTemp: Display: Loaded TP Android_PVRTCTargetPlatform
[2018.06.30-22.02.42:379][  0]LogTemp: Display: Loaded TP HTML5TargetPlatform
[2018.06.30-22.02.42:698][  0]LogTemp: Display: Loaded TP IOSTargetPlatform
[2018.06.30-22.02.42:743][  0]LogTemp: Display: Loaded TP TVOSTargetPlatform
[2018.06.30-22.02.42:843][  0]LogTemp: Display: Loaded TP LinuxClientTargetPlatform
[2018.06.30-22.02.42:951][  0]LogTemp: Display: Loaded TP LinuxNoEditorTargetPlatform
[2018.06.30-22.02.43:082][  0]LogTemp: Display: Loaded TP LinuxServerTargetPlatform
[2018.06.30-22.02.43:224][  0]LogTemp: Display: Loaded TP LinuxTargetPlatform
[2018.06.30-22.02.43:224][  0]LogTargetPlatformManager: Display: Building Assets For Windows
[2018.06.30-22.02.46:633][  0]LogDerivedDataCache: Display: Max Cache Size: 512 MB
[2018.06.30-22.02.52:358][  0]LogDerivedDataCache: Loaded boot cache 5.68s 93MB C:/Users/Christian/AppData/Local/UnrealEngine/4.17/DerivedDataCache/Boot.ddc.
[2018.06.30-22.02.52:358][  0]LogDerivedDataCache: Display: Loaded Boot cache: C:/Users/Christian/AppData/Local/UnrealEngine/4.17/DerivedDataCache/Boot.ddc
[2018.06.30-22.02.52:358][  0]LogDerivedDataCache: FDerivedDataBackendGraph:  Pak pak cache file ../../../../../../Users/Christian/Documents/Unreal Projects/OT_Game/DerivedDataCache/DDC.ddp not found, will not use a pak cache.
[2018.06.30-22.02.52:358][  0]LogDerivedDataCache: Unable to find inner node Pak for hierarchical cache Hierarchy.
[2018.06.30-22.02.52:358][  0]LogDerivedDataCache: FDerivedDataBackendGraph:  CompressedPak pak cache file ../../../../../../Users/Christian/Documents/Unreal Projects/OT_Game/DerivedDataCache/Compressed.ddp not found, will not use a pak cache.
[2018.06.30-22.02.52:358][  0]LogDerivedDataCache: Unable to find inner node CompressedPak for hierarchical cache Hierarchy.
[2018.06.30-22.02.52:486][  0]LogDerivedDataCache: Display: Pak cache opened for reading ../../../Engine/DerivedDataCache/Compressed.ddp.
[2018.06.30-22.02.52:500][  0]LogDerivedDataCache: Using Local data cache path C:/Users/Christian/AppData/Local/UnrealEngine/Common/DerivedDataCache: Writable
[2018.06.30-22.02.52:618][  0]LogMaterial: Verifying Global Shaders for PCD3D_SM5
[2018.06.30-22.02.52:776][  0]LogSlate: Using Freetype 2.6.0
[2018.06.30-22.02.52:917][  0]LogSlate: SlateFontCache - WITH_FREETYPE: 1, WITH_HARFBUZZ: 1
[2018.06.30-22.02.52:921][  0]LogSlate: SlateFontCache - WITH_FREETYPE: 1, WITH_HARFBUZZ: 1
[2018.06.30-22.02.58:670][  0]LogAssetRegistry: FAssetRegistry took 0.0616 seconds to start up
[2018.06.30-22.03.00:047][  0]LogInit: Selected Device Profile: [Windows]
[2018.06.30-22.03.02:368][  0]LogContentStreaming: Texture pool size is 0.00 MB
[2018.06.30-22.03.03:280][  0]LogSimplygon: Simplygon DLL not present - disabling.
[2018.06.30-22.03.03:379][  0]LogMeshReduction: Using SimplygonSwarm for distributed automatic mesh merging
[2018.06.30-22.03.03:380][  0]LogMeshReduction: Using QuadricMeshReduction for automatic static mesh reduction
[2018.06.30-22.03.03:380][  0]LogMeshReduction: No automatic skeletal mesh reduction module available
[2018.06.30-22.03.03:380][  0]LogMeshReduction: No automatic mesh merging module available
[2018.06.30-22.03.03:380][  0]LogMeshMerging: No automatic mesh merging module available
[2018.06.30-22.03.05:600][  0]LogNetVersion: OT_Game , NetCL: 3573198, EngineNetVer: 2, GameNetVer: 0 (Checksum: 2452558151)
[2018.06.30-22.03.06:851][  0]LogPackageLocalizationCache: Processed 5 localized package path(s) for 1 prioritized culture(s) in 0.046024 seconds
[2018.06.30-22.03.06:866][  0]LogUObjectArray: 35825 objects as part of root set at end of initial load.
[2018.06.30-22.03.06:866][  0]LogUObjectAllocator: 7529104 out of 0 bytes used by permanent object pool.
[2018.06.30-22.03.06:866][  0]LogUObjectArray: CloseDisregardForGC: 0/0 objects in disregard for GC pool
[2018.06.30-22.03.07:021][  0]LogInit: WinSock: version 1.1 (2.2), MaxSocks=32767, MaxUdp=65467
[2018.06.30-22.03.16:912][  0]LogTcpMessaging: Initializing TcpMessaging bridge
[2018.06.30-22.03.16:968][  0]LogUdpMessaging: Initializing bridge on interface 0.0.0.0:0 to multicast group 230.0.0.1:6666.
[2018.06.30-22.03.18:379][  0]LogMaterial: Uniform references updated for custom material expression Custom.
[2018.06.30-22.03.19:058][  0]SourceControl: Source control is disabled
[2018.06.30-22.03.19:059][  0]SourceControl: Source control is disabled
[2018.06.30-22.03.19:186][  0]SourceControl: Source control is disabled
[2018.06.30-22.03.19:269][  0]SourceControl: Source control is disabled
[2018.06.30-22.03.20:433][  0]LogAndroidPermission: UAndroidPermissionCallbackProxy::GetInstance
[2018.06.30-22.03.20:879][  0]LogOcInput: OculusInput pre-init called
[2018.06.30-22.03.21:336][  0]LogEngine: Initializing Engine...
[2018.06.30-22.03.21:341][  0]LogHMD: Failed to initialize OpenVR with code 110
[2018.06.30-22.03.21:680][  0]LogStats: UGameplayTagsManager::ConstructGameplayTagTree: Construct from data asset -  0.000 s
[2018.06.30-22.03.21:681][  0]LogStats: UGameplayTagsManager::ConstructGameplayTagTree: GameplayTagTreeChangedEvent.Broadcast -  0.000 s
[2018.06.30-22.03.21:974][  0]LogAIModule: Creating AISystem for world Untitled
[2018.06.30-22.03.22:090][  0]LogInit: XAudio2 using 'Haut-parleurs (USB PnP Sound Device)' : 2 channels at 44.1 kHz using 16 bits per sample (channel mask 0x3)
[2018.06.30-22.03.22:112][  0]LogInit: FAudioDevice initialized.
[2018.06.30-22.03.22:459][  0]LogDerivedDataCache: Saved boot cache 0.35s 93MB C:/Users/Christian/AppData/Local/UnrealEngine/4.17/DerivedDataCache/Boot.ddc.
[2018.06.30-22.03.22:515][  0]LogInit: Texture streaming: Enabled
[2018.06.30-22.03.22:767][  0]LogEngineSessionManager: EngineSessionManager initialized
[2018.06.30-22.03.23:441][  0]LogInit: Transaction tracking system initialized
[2018.06.30-22.03.24:229][  0]BlueprintLog: New page: Editor Load
[2018.06.30-22.03.25:983][  0]LocalizationService: Localization service is disabled
[2018.06.30-22.03.27:822][  0]LogConsoleResponse: Display: 
[2018.06.30-22.03.28:186][  0]LogCook: Display: Max memory allowance for cook 16384mb min free memory 0mb
[2018.06.30-22.03.28:186][  0]LogCook: Display: Mobile HDR setting 1
[2018.06.30-22.03.28:190][  0]LogGameplayTags: Display: UGameplayTagsManager::DoneAddingNativeTags. DelegateIsBound: 0
[2018.06.30-22.03.29:129][  0]LogFileCache: Scanning file cache for directory 'C:/Users/Christian/Documents/Unreal Projects/OT_Game/Content/' took 0.02s
[2018.06.30-22.03.30:026][  0]SourceControl: Source control is disabled
[2018.06.30-22.03.30:047][  0]Cmd: MAP LOAD FILE="../../../../../../Users/Christian/Documents/Unreal Projects/OT_Game/Content/FirstPersonBP/Maps/Map_Menu.umap" TEMPLATE=0 SHOWPROGRESS=1 FEATURELEVEL=3
[2018.06.30-22.03.30:050][  0]LightingResults: New page: Lighting Build
[2018.06.30-22.03.30:155][  0]MapCheck: New page: Map Check
[2018.06.30-22.03.30:155][  0]LightingResults: New page: Lighting Build
[2018.06.30-22.03.30:493][  0]LogAIModule: Creating AISystem for world Map_Menu
[2018.06.30-22.03.30:511][  0]LogEditorServer: Finished looking for orphan Actors (0.000 secs)
[2018.06.30-22.03.30:536][  0]Cmd: MAP CHECKDEP NOCLEARLOG
[2018.06.30-22.03.30:641][  0]MapCheck: Map check complete: 0 Error(s), 0 Warning(s), took 104.797ms to complete.
[2018.06.30-22.03.30:641][  0]LogFileHelpers: Loading map 'Map_Menu' took 0.603
[2018.06.30-22.03.31:038][  0]LogCollectionManager: Loaded 0 collections in 0.002596 seconds
[2018.06.30-22.03.31:205][  0]LogFileCache: Scanning file cache for directory 'C:/Users/Christian/Documents/Unreal Projects/OT_Game/Saved/Collections/' took 0.01s
[2018.06.30-22.03.31:205][  0]LogFileCache: Scanning file cache for directory 'C:/Users/Christian/Documents/Unreal Projects/OT_Game/Content/Developers/Christian/Collections/' took 0.01s
[2018.06.30-22.03.31:205][  0]LogFileCache: Scanning file cache for directory 'C:/Users/Christian/Documents/Unreal Projects/OT_Game/Content/Collections/' took 0.01s
[2018.06.30-22.03.31:205][  0]LogCollectionManager: Rebuilt the GUID cache for 0 collections in 0.000001 seconds
[2018.06.30-22.03.31:217][  0]LogContentBrowser: Native class hierarchy populated in 0.0099 seconds. Added 2386 classes and 500 folders.
[2018.06.30-22.03.31:311][  0]LogContentBrowser: Native class hierarchy updated for 'WidgetCarousel' in 0.0012 seconds. Added 0 classes and 0 folders.
[2018.06.30-22.03.31:885][  0]LogContentBrowser: Native class hierarchy updated for 'AddContentDialog' in 0.0012 seconds. Added 0 classes and 0 folders.
[2018.06.30-22.03.32:002][  0]LogContentBrowser: Native class hierarchy updated for 'SceneOutliner' in 0.0008 seconds. Added 1 classes and 2 folders.
[2018.06.30-22.03.32:365][  0]LogSlate: Took 0.001838 seconds to synchronously load lazily loaded font '../../../Engine/Content/Slate/Fonts/Roboto-Regular.ttf' (155K)
[2018.06.30-22.03.32:371][  0]LogSlate: Took 0.002343 seconds to synchronously load lazily loaded font '../../../Engine/Content/Slate/Fonts/Roboto-Bold.ttf' (160K)
[2018.06.30-22.03.32:381][  0]LogSlate: Took 0.002040 seconds to synchronously load lazily loaded font '../../../Engine/Content/Editor/Slate/Fonts/FontAwesome.ttf' (139K)
[2018.06.30-22.03.32:513][  0]LogRenderer: Reallocating scene render targets to support 384x376 Format 10 NumSamples 1 (Frame:1).
[2018.06.30-22.03.32:881][  0]LogContentBrowser: Native class hierarchy updated for 'HierarchicalLODOutliner' in 0.0007 seconds. Added 1 classes and 2 folders.
[2018.06.30-22.03.32:881][  0]LogLoad: (Engine Initialization) Total time: 81.24 seconds
[2018.06.30-22.03.32:881][  0]LogLoad: (Engine Initialization) Total Blueprint compile time: 0.00 seconds
[2018.06.30-22.03.32:883][  0]LogExternalProfiler: Found external profiler: VSPerf
[2018.06.30-22.03.32:883][  0]LogExternalProfiler: Using external profiler: VSPerf
[2018.06.30-22.03.33:254][  0]LogContentStreaming: Texture pool size now 1000 MB
[2018.06.30-22.03.33:361][  0]LogSlate: Took 0.002829 seconds to synchronously load lazily loaded font '../../../Engine/Content/Slate/Fonts/Roboto-Light.ttf' (159K)
[2018.06.30-22.03.34:239][  3]LogAssetRegistry: Asset discovery search completed in 35.6025 seconds
[2018.06.30-22.03.34:243][  3]LogCollectionManager: Rebuilt the object cache for 0 collections in 0.000001 seconds (found 0 objects)
[2018.06.30-22.03.34:243][  3]LogCollectionManager: Fixed up redirectors for 0 collections in 0.000083 seconds (updated 0 objects)
[2018.06.30-22.03.34:257][  3]LogSlate: Took 0.000452 seconds to synchronously load lazily loaded font '../../../Engine/Content/Slate/Fonts/Roboto-Light.ttf' (159K)
[2018.06.30-22.06.50:323][840]LogTemp: Repeating last play command: Selected Viewport
[2018.06.30-22.06.57:717][840]LogBlueprintUserMessages: Early PlayInEditor Detection: Level '/Game/FirstPersonBP/Maps/Map_Menu.Map_Menu:PersistentLevel' has LevelScriptBlueprint '/Game/FirstPersonBP/Maps/Map_Menu.Map_Menu:PersistentLevel.Map_Menu' with GeneratedClass '/Game/FirstPersonBP/Maps/Map_Menu.Map_Menu_C' with ClassGeneratedBy '/Game/FirstPersonBP/Maps/Map_Menu.Map_Menu:PersistentLevel.Map_Menu'
[2018.06.30-22.06.57:717][840]LogPlayLevel: PlayLevel: No blueprints needed recompiling
[2018.06.30-22.06.57:744][840]PIE: New page: PIE session: Map_Menu (Jul 1, 2018, 2:06:57 AM)
[2018.06.30-22.06.57:744][840]LogPlayLevel: Creating play world package: /Game/FirstPersonBP/Maps/UEDPIE_0_Map_Menu
[2018.06.30-22.06.57:753][840]LogPlayLevel: PIE: StaticDuplicateObject took: (0.008468s)
[2018.06.30-22.06.57:753][840]LogAIModule: Creating AISystem for world Map_Menu
[2018.06.30-22.06.57:754][840]LogPlayLevel: PIE: World Init took: (0.000852s)
[2018.06.30-22.06.57:754][840]LogPlayLevel: PIE: Created PIE world by copying editor world from /Game/FirstPersonBP/Maps/Map_Menu.Map_Menu to /Game/FirstPersonBP/Maps/UEDPIE_0_Map_Menu.Map_Menu (0.009572s)
[2018.06.30-22.06.57:770][840]LogInit: XAudio2 using 'Haut-parleurs (USB PnP Sound Device)' : 2 channels at 44.1 kHz using 16 bits per sample (channel mask 0x3)
[2018.06.30-22.06.57:780][840]LogInit: FAudioDevice initialized.
[2018.06.30-22.06.58:420][840]LogLoad: Game class is 'FirstPersonGameMode_C'
[2018.06.30-22.06.58:490][840]LogWorld: Bringing World /Game/FirstPersonBP/Maps/UEDPIE_0_Map_Menu.Map_Menu up for play (max tick rate 0) at 2018.07.01-00.06.58
[2018.06.30-22.06.58:492][840]LogWorld: Bringing up level for play took: 0.002655
[2018.06.30-22.06.58:603][840]LogContentBrowser: Native class hierarchy updated for 'MovieSceneCapture' in 0.0008 seconds. Added 11 classes and 0 folders.
[2018.06.30-22.06.58:710][840]PIE: Play in editor start time for /Game/FirstPersonBP/Maps/UEDPIE_0_Map_Menu 1.365
[2018.06.30-22.06.58:710][840]LogBlueprintUserMessages: Late PlayInEditor Detection: Level '/Game/FirstPersonBP/Maps/Map_Menu.Map_Menu:PersistentLevel' has LevelScriptBlueprint '/Game/FirstPersonBP/Maps/Map_Menu.Map_Menu:PersistentLevel.Map_Menu' with GeneratedClass '/Game/FirstPersonBP/Maps/Map_Menu.Map_Menu_C' with ClassGeneratedBy '/Game/FirstPersonBP/Maps/Map_Menu.Map_Menu:PersistentLevel.Map_Menu'
[2018.06.30-22.07.08:578][  4]LogBlueprintUserMessages: Early EndPlayMap Detection: Level '/Game/FirstPersonBP/Maps/Map_Menu.Map_Menu:PersistentLevel' has LevelScriptBlueprint '/Game/FirstPersonBP/Maps/Map_Menu.Map_Menu:PersistentLevel.Map_Menu' with GeneratedClass '/Game/FirstPersonBP/Maps/Map_Menu.Map_Menu_C' with ClassGeneratedBy '/Game/FirstPersonBP/Maps/Map_Menu.Map_Menu:PersistentLevel.Map_Menu'
[2018.06.30-22.07.08:627][  4]LogBlueprintUserMessages: Late EndPlayMap Detection: Level '/Game/FirstPersonBP/Maps/Map_Menu.Map_Menu:PersistentLevel' has LevelScriptBlueprint '/Game/FirstPersonBP/Maps/Map_Menu.Map_Menu:PersistentLevel.Map_Menu' with GeneratedClass '/Game/FirstPersonBP/Maps/Map_Menu.Map_Menu_C' with ClassGeneratedBy '/Game/FirstPersonBP/Maps/Map_Menu.Map_Menu:PersistentLevel.Map_Menu'
[2018.06.30-22.11.02:651][278]LogTemp: Repeating last play command: Selected Viewport
[2018.06.30-22.11.02:667][278]LogBlueprintUserMessages: Early PlayInEditor Detection: Level '/Game/FirstPersonBP/Maps/Map_Menu.Map_Menu:PersistentLevel' has LevelScriptBlueprint '/Game/FirstPersonBP/Maps/Map_Menu.Map_Menu:PersistentLevel.Map_Menu' with GeneratedClass '/Game/FirstPersonBP/Maps/Map_Menu.Map_Menu_C' with ClassGeneratedBy '/Game/FirstPersonBP/Maps/Map_Menu.Map_Menu:PersistentLevel.Map_Menu'
[2018.06.30-22.11.02:667][278]LogPlayLevel: PlayLevel: No blueprints needed recompiling
[2018.06.30-22.11.02:667][278]PIE: New page: PIE session: Map_Menu (Jul 1, 2018, 2:11:02 AM)
[2018.06.30-22.11.02:667][278]LogPlayLevel: Creating play world package: /Game/FirstPersonBP/Maps/UEDPIE_0_Map_Menu
[2018.06.30-22.11.02:668][278]LogPlayLevel: PIE: StaticDuplicateObject took: (0.001100s)
[2018.06.30-22.11.02:669][278]LogAIModule: Creating AISystem for world Map_Menu
[2018.06.30-22.11.02:669][278]LogPlayLevel: PIE: World Init took: (0.000760s)
[2018.06.30-22.11.02:669][278]LogPlayLevel: PIE: Created PIE world by copying editor world from /Game/FirstPersonBP/Maps/Map_Menu.Map_Menu to /Game/FirstPersonBP/Maps/UEDPIE_0_Map_Menu.Map_Menu (0.002110s)
[2018.06.30-22.11.02:689][278]LogInit: XAudio2 using 'Haut-parleurs (JBL Charge 2+ Stereo)' : 2 channels at 44.1 kHz using 16 bits per sample (channel mask 0x3)
[2018.06.30-22.11.02:705][278]LogInit: FAudioDevice initialized.
[2018.06.30-22.11.02:735][278]LogLoad: Game class is 'FirstPersonGameMode_C'
[2018.06.30-22.11.02:738][278]LogWorld: Bringing World /Game/FirstPersonBP/Maps/UEDPIE_0_Map_Menu.Map_Menu up for play (max tick rate 0) at 2018.07.01-00.11.02
[2018.06.30-22.11.02:738][278]LogWorld: Bringing up level for play took: 0.001602
[2018.06.30-22.11.02:744][278]PIE: Play in editor start time for /Game/FirstPersonBP/Maps/UEDPIE_0_Map_Menu -0.601
[2018.06.30-22.11.02:745][278]LogBlueprintUserMessages: Late PlayInEditor Detection: Level '/Game/FirstPersonBP/Maps/Map_Menu.Map_Menu:PersistentLevel' has LevelScriptBlueprint '/Game/FirstPersonBP/Maps/Map_Menu.Map_Menu:PersistentLevel.Map_Menu' with GeneratedClass '/Game/FirstPersonBP/Maps/Map_Menu.Map_Menu_C' with ClassGeneratedBy '/Game/FirstPersonBP/Maps/Map_Menu.Map_Menu:PersistentLevel.Map_Menu'
[2018.06.30-22.11.10:377][181]LogBlueprintUserMessages: Early EndPlayMap Detection: Level '/Game/FirstPersonBP/Maps/Map_Menu.Map_Menu:PersistentLevel' has LevelScriptBlueprint '/Game/FirstPersonBP/Maps/Map_Menu.Map_Menu:PersistentLevel.Map_Menu' with GeneratedClass '/Game/FirstPersonBP/Maps/Map_Menu.Map_Menu_C' with ClassGeneratedBy '/Game/FirstPersonBP/Maps/Map_Menu.Map_Menu:PersistentLevel.Map_Menu'
[2018.06.30-22.11.10:410][181]LogBlueprintUserMessages: Late EndPlayMap Detection: Level '/Game/FirstPersonBP/Maps/Map_Menu.Map_Menu:PersistentLevel' has LevelScriptBlueprint '/Game/FirstPersonBP/Maps/Map_Menu.Map_Menu:PersistentLevel.Map_Menu' with GeneratedClass '/Game/FirstPersonBP/Maps/Map_Menu.Map_Menu_C' with ClassGeneratedBy '/Game/FirstPersonBP/Maps/Map_Menu.Map_Menu:PersistentLevel.Map_Menu'
[2018.06.30-22.11.15:940][480]LogTemp: Repeating last play command: Selected Viewport
[2018.06.30-22.11.15:955][480]LogBlueprintUserMessages: Early PlayInEditor Detection: Level '/Game/FirstPersonBP/Maps/Map_Menu.Map_Menu:PersistentLevel' has LevelScriptBlueprint '/Game/FirstPersonBP/Maps/Map_Menu.Map_Menu:PersistentLevel.Map_Menu' with GeneratedClass '/Game/FirstPersonBP/Maps/Map_Menu.Map_Menu_C' with ClassGeneratedBy '/Game/FirstPersonBP/Maps/Map_Menu.Map_Menu:PersistentLevel.Map_Menu'
[2018.06.30-22.11.15:955][480]LogPlayLevel: PlayLevel: No blueprints needed recompiling
[2018.06.30-22.11.15:956][480]PIE: New page: PIE session: Map_Menu (Jul 1, 2018, 2:11:15 AM)
[2018.06.30-22.11.15:956][480]LogPlayLevel: Creating play world package: /Game/FirstPersonBP/Maps/UEDPIE_0_Map_Menu
[2018.06.30-22.11.15:957][480]LogPlayLevel: PIE: StaticDuplicateObject took: (0.000992s)
[2018.06.30-22.11.15:958][480]LogAIModule: Creating AISystem for world Map_Menu
[2018.06.30-22.11.15:958][480]LogPlayLevel: PIE: World Init took: (0.000768s)
[2018.06.30-22.11.15:958][480]LogPlayLevel: PIE: Created PIE world by copying editor world from /Game/FirstPersonBP/Maps/Map_Menu.Map_Menu to /Game/FirstPersonBP/Maps/UEDPIE_0_Map_Menu.Map_Menu (0.002116s)
[2018.06.30-22.11.15:978][480]LogInit: XAudio2 using 'Haut-parleurs (JBL Charge 2+ Stereo)' : 2 channels at 44.1 kHz using 16 bits per sample (channel mask 0x3)
[2018.06.30-22.11.15:992][480]LogInit: FAudioDevice initialized.
[2018.06.30-22.11.16:022][480]LogLoad: Game class is 'FirstPersonGameMode_C'
[2018.06.30-22.11.16:024][480]LogWorld: Bringing World /Game/FirstPersonBP/Maps/UEDPIE_0_Map_Menu.Map_Menu up for play (max tick rate 0) at 2018.07.01-00.11.16
[2018.06.30-22.11.16:024][480]LogWorld: Bringing up level for play took: 0.000908
[2018.06.30-22.11.16:027][480]PIE: Play in editor start time for /Game/FirstPersonBP/Maps/UEDPIE_0_Map_Menu 0.682
[2018.06.30-22.11.16:027][480]LogBlueprintUserMessages: Late PlayInEditor Detection: Level '/Game/FirstPersonBP/Maps/Map_Menu.Map_Menu:PersistentLevel' has LevelScriptBlueprint '/Game/FirstPersonBP/Maps/Map_Menu.Map_Menu:PersistentLevel.Map_Menu' with GeneratedClass '/Game/FirstPersonBP/Maps/Map_Menu.Map_Menu_C' with ClassGeneratedBy '/Game/FirstPersonBP/Maps/Map_Menu.Map_Menu:PersistentLevel.Map_Menu'
[2018.06.30-22.11.21:345][117]LogBlueprintUserMessages: Early EndPlayMap Detection: Level '/Game/FirstPersonBP/Maps/Map_Menu.Map_Menu:PersistentLevel' has LevelScriptBlueprint '/Game/FirstPersonBP/Maps/Map_Menu.Map_Menu:PersistentLevel.Map_Menu' with GeneratedClass '/Game/FirstPersonBP/Maps/Map_Menu.Map_Menu_C' with ClassGeneratedBy '/Game/FirstPersonBP/Maps/Map_Menu.Map_Menu:PersistentLevel.Map_Menu'
[2018.06.30-22.11.21:379][117]LogBlueprintUserMessages: Late EndPlayMap Detection: Level '/Game/FirstPersonBP/Maps/Map_Menu.Map_Menu:PersistentLevel' has LevelScriptBlueprint '/Game/FirstPersonBP/Maps/Map_Menu.Map_Menu:PersistentLevel.Map_Menu' with GeneratedClass '/Game/FirstPersonBP/Maps/Map_Menu.Map_Menu_C' with ClassGeneratedBy '/Game/FirstPersonBP/Maps/Map_Menu.Map_Menu:PersistentLevel.Map_Menu'
[2018.06.30-22.11.39:966][291]LogSlate: Took 0.000202 seconds to synchronously load lazily loaded font '../../../Engine/Content/Slate/Fonts/Roboto-Light.ttf' (159K)
[2018.06.30-22.11.40:589][291]LogContentBrowser: Native class hierarchy updated for 'BlueprintGraph' in 0.0012 seconds. Added 113 classes and 0 folders.
[2018.06.30-22.11.41:288][291]LogSlate: Took 0.000200 seconds to synchronously load lazily loaded font '../../../Engine/Content/Slate/Fonts/Roboto-Regular.ttf' (155K)
[2018.06.30-22.11.41:399][291]LogSlate: Took 0.002327 seconds to synchronously load lazily loaded font '../../../Engine/Content/Editor/Slate/Fonts/Roboto-BoldCondensed.ttf' (158K)
[2018.06.30-22.11.41:672][292]LogSlate: Took 0.002144 seconds to synchronously load lazily loaded font '../../../Engine/Content/Editor/Slate/Fonts/Roboto-Italic.ttf' (157K)
[2018.06.30-22.11.43:483][497]LogTemp: Repeating last play command: Selected Viewport
[2018.06.30-22.11.43:506][497]LogBlueprintUserMessages: Early PlayInEditor Detection: Level '/Game/FirstPersonBP/Maps/Map_Menu.Map_Menu:PersistentLevel' has LevelScriptBlueprint '/Game/FirstPersonBP/Maps/Map_Menu.Map_Menu:PersistentLevel.Map_Menu' with GeneratedClass '/Game/FirstPersonBP/Maps/Map_Menu.Map_Menu_C' with ClassGeneratedBy '/Game/FirstPersonBP/Maps/Map_Menu.Map_Menu:PersistentLevel.Map_Menu'
[2018.06.30-22.11.43:506][497]LogPlayLevel: PlayLevel: No blueprints needed recompiling
[2018.06.30-22.11.43:506][497]PIE: New page: PIE session: Map_Menu (Jul 1, 2018, 2:11:43 AM)
[2018.06.30-22.11.43:506][497]LogPlayLevel: Creating play world package: /Game/FirstPersonBP/Maps/UEDPIE_0_Map_Menu
[2018.06.30-22.11.43:507][497]LogPlayLevel: PIE: StaticDuplicateObject took: (0.000932s)
[2018.06.30-22.11.43:508][497]LogAIModule: Creating AISystem for world Map_Menu
[2018.06.30-22.11.43:508][497]LogPlayLevel: PIE: World Init took: (0.000723s)
[2018.06.30-22.11.43:508][497]LogPlayLevel: PIE: Created PIE world by copying editor world from /Game/FirstPersonBP/Maps/Map_Menu.Map_Menu to /Game/FirstPersonBP/Maps/UEDPIE_0_Map_Menu.Map_Menu (0.001893s)
[2018.06.30-22.11.43:539][497]LogInit: XAudio2 using 'Haut-parleurs (JBL Charge 2+ Stereo)' : 2 channels at 44.1 kHz using 16 bits per sample (channel mask 0x3)
[2018.06.30-22.11.44:250][497]LogInit: FAudioDevice initialized.
[2018.06.30-22.11.44:322][497]LogLoad: Game class is 'FirstPersonGameMode_C'
[2018.06.30-22.11.44:324][497]LogWorld: Bringing World /Game/FirstPersonBP/Maps/UEDPIE_0_Map_Menu.Map_Menu up for play (max tick rate 0) at 2018.07.01-00.11.44
[2018.06.30-22.11.44:324][497]LogWorld: Bringing up level for play took: 0.001171
[2018.06.30-22.11.44:324][497]LogGameMode: FindPlayerStart: PATHS NOT DEFINED or NO PLAYERSTART with positive rating
[2018.06.30-22.11.44:333][497]PIE: Play in editor start time for /Game/FirstPersonBP/Maps/UEDPIE_0_Map_Menu 0.988
[2018.06.30-22.11.44:334][497]LogBlueprintUserMessages: Late PlayInEditor Detection: Level '/Game/FirstPersonBP/Maps/Map_Menu.Map_Menu:PersistentLevel' has LevelScriptBlueprint '/Game/FirstPersonBP/Maps/Map_Menu.Map_Menu:PersistentLevel.Map_Menu' with GeneratedClass '/Game/FirstPersonBP/Maps/Map_Menu.Map_Menu_C' with ClassGeneratedBy '/Game/FirstPersonBP/Maps/Map_Menu.Map_Menu:PersistentLevel.Map_Menu'
[2018.06.30-22.11.44:352][497]LogRenderer: Reallocating scene render targets to support 1292x756 Format 10 NumSamples 1 (Frame:1).
[2018.06.30-22.11.48:044][849]LogBlueprintUserMessages: Early EndPlayMap Detection: Level '/Game/FirstPersonBP/Maps/Map_Menu.Map_Menu:PersistentLevel' has LevelScriptBlueprint '/Game/FirstPersonBP/Maps/Map_Menu.Map_Menu:PersistentLevel.Map_Menu' with GeneratedClass '/Game/FirstPersonBP/Maps/Map_Menu.Map_Menu_C' with ClassGeneratedBy '/Game/FirstPersonBP/Maps/Map_Menu.Map_Menu:PersistentLevel.Map_Menu'
[2018.06.30-22.11.48:093][849]LogBlueprintUserMessages: Late EndPlayMap Detection: Level '/Game/FirstPersonBP/Maps/Map_Menu.Map_Menu:PersistentLevel' has LevelScriptBlueprint '/Game/FirstPersonBP/Maps/Map_Menu.Map_Menu:PersistentLevel.Map_Menu' with GeneratedClass '/Game/FirstPersonBP/Maps/Map_Menu.Map_Menu_C' with ClassGeneratedBy '/Game/FirstPersonBP/Maps/Map_Menu.Map_Menu:PersistentLevel.Map_Menu'
[2018.06.30-22.12.33:868][549]LogTemp: Repeating last play command: Selected Viewport
[2018.06.30-22.12.33:890][549]LogBlueprintUserMessages: Early PlayInEditor Detection: Level '/Game/FirstPersonBP/Maps/Map_Menu.Map_Menu:PersistentLevel' has LevelScriptBlueprint '/Game/FirstPersonBP/Maps/Map_Menu.Map_Menu:PersistentLevel.Map_Menu' with GeneratedClass '/Game/FirstPersonBP/Maps/Map_Menu.Map_Menu_C' with ClassGeneratedBy '/Game/FirstPersonBP/Maps/Map_Menu.Map_Menu:PersistentLevel.Map_Menu'
[2018.06.30-22.12.33:890][549]BlueprintLog: New page: Pre-Play auto-recompile
[2018.06.30-22.12.33:892][549]LogPlayLevel: [PlayLevel] Compiling Map_Menu before play...
[2018.06.30-22.12.33:903][549]LogPlayLevel: [PlayLevel]   Compiling Menu_Principal as a dependent...
[2018.06.30-22.12.34:034][549]LogPlayLevel: PlayLevel: Blueprint regeneration took 144 ms (2 blueprints)
[2018.06.30-22.12.34:034][549]PIE: New page: PIE session: Map_Menu (Jul 1, 2018, 2:12:34 AM)
[2018.06.30-22.12.34:034][549]LogPlayLevel: Creating play world package: /Game/FirstPersonBP/Maps/UEDPIE_0_Map_Menu
[2018.06.30-22.12.34:035][549]LogPlayLevel: PIE: StaticDuplicateObject took: (0.001136s)
[2018.06.30-22.12.34:036][549]LogAIModule: Creating AISystem for world Map_Menu
[2018.06.30-22.12.34:036][549]LogPlayLevel: PIE: World Init took: (0.000787s)
[2018.06.30-22.12.34:036][549]LogPlayLevel: PIE: Created PIE world by copying editor world from /Game/FirstPersonBP/Maps/Map_Menu.Map_Menu to /Game/FirstPersonBP/Maps/UEDPIE_0_Map_Menu.Map_Menu (0.002260s)
[2018.06.30-22.12.34:066][549]LogInit: XAudio2 using 'Haut-parleurs (JBL Charge 2+ Stereo)' : 2 channels at 44.1 kHz using 16 bits per sample (channel mask 0x3)
[2018.06.30-22.12.34:310][549]LogInit: FAudioDevice initialized.
[2018.06.30-22.12.34:347][549]LogLoad: Game class is 'FirstPersonGameMode_C'
[2018.06.30-22.12.34:348][549]LogWorld: Bringing World /Game/FirstPersonBP/Maps/UEDPIE_0_Map_Menu.Map_Menu up for play (max tick rate 0) at 2018.07.01-00.12.34
[2018.06.30-22.12.34:348][549]LogWorld: Bringing up level for play took: 0.000965
[2018.06.30-22.12.34:349][549]LogGameMode: FindPlayerStart: PATHS NOT DEFINED or NO PLAYERSTART with positive rating
[2018.06.30-22.12.34:353][549]PIE: Play in editor start time for /Game/FirstPersonBP/Maps/UEDPIE_0_Map_Menu 1.008
[2018.06.30-22.12.34:353][549]LogBlueprintUserMessages: Late PlayInEditor Detection: Level '/Game/FirstPersonBP/Maps/Map_Menu.Map_Menu:PersistentLevel' has LevelScriptBlueprint '/Game/FirstPersonBP/Maps/Map_Menu.Map_Menu:PersistentLevel.Map_Menu' with GeneratedClass '/Game/FirstPersonBP/Maps/Map_Menu.Map_Menu_C' with ClassGeneratedBy '/Game/FirstPersonBP/Maps/Map_Menu.Map_Menu:PersistentLevel.Map_Menu'
[2018.06.30-22.12.35:547][644]LogBlueprintUserMessages: Early EndPlayMap Detection: Level '/Game/FirstPersonBP/Maps/Map_Menu.Map_Menu:PersistentLevel' has LevelScriptBlueprint '/Game/FirstPersonBP/Maps/Map_Menu.Map_Menu:PersistentLevel.Map_Menu' with GeneratedClass '/Game/FirstPersonBP/Maps/Map_Menu.Map_Menu_C' with ClassGeneratedBy '/Game/FirstPersonBP/Maps/Map_Menu.Map_Menu:PersistentLevel.Map_Menu'
[2018.06.30-22.12.35:593][644]LogBlueprintUserMessages: Late EndPlayMap Detection: Level '/Game/FirstPersonBP/Maps/Map_Menu.Map_Menu:PersistentLevel' has LevelScriptBlueprint '/Game/FirstPersonBP/Maps/Map_Menu.Map_Menu:PersistentLevel.Map_Menu' with GeneratedClass '/Game/FirstPersonBP/Maps/Map_Menu.Map_Menu_C' with ClassGeneratedBy '/Game/FirstPersonBP/Maps/Map_Menu.Map_Menu:PersistentLevel.Map_Menu'
[2018.06.30-22.12.37:237][826]LogTemp: Repeating last play command: Selected Viewport
[2018.06.30-22.12.37:256][826]LogBlueprintUserMessages: Early PlayInEditor Detection: Level '/Game/FirstPersonBP/Maps/Map_Menu.Map_Menu:PersistentLevel' has LevelScriptBlueprint '/Game/FirstPersonBP/Maps/Map_Menu.Map_Menu:PersistentLevel.Map_Menu' with GeneratedClass '/Game/FirstPersonBP/Maps/Map_Menu.Map_Menu_C' with ClassGeneratedBy '/Game/FirstPersonBP/Maps/Map_Menu.Map_Menu:PersistentLevel.Map_Menu'
[2018.06.30-22.12.37:256][826]LogPlayLevel: PlayLevel: No blueprints needed recompiling
[2018.06.30-22.12.37:256][826]PIE: New page: PIE session: Map_Menu (Jul 1, 2018, 2:12:37 AM)
[2018.06.30-22.12.37:256][826]LogPlayLevel: Creating play world package: /Game/FirstPersonBP/Maps/UEDPIE_0_Map_Menu
[2018.06.30-22.12.37:258][826]LogPlayLevel: PIE: StaticDuplicateObject took: (0.001083s)
[2018.06.30-22.12.37:258][826]LogAIModule: Creating AISystem for world Map_Menu
[2018.06.30-22.12.37:259][826]LogPlayLevel: PIE: World Init took: (0.000883s)
[2018.06.30-22.12.37:259][826]LogPlayLevel: PIE: Created PIE world by copying editor world from /Game/FirstPersonBP/Maps/Map_Menu.Map_Menu to /Game/FirstPersonBP/Maps/UEDPIE_0_Map_Menu.Map_Menu (0.002268s)
[2018.06.30-22.12.37:287][826]LogInit: XAudio2 using 'Haut-parleurs (JBL Charge 2+ Stereo)' : 2 channels at 44.1 kHz using 16 bits per sample (channel mask 0x3)
[2018.06.30-22.12.37:301][826]LogInit: FAudioDevice initialized.
[2018.06.30-22.12.37:337][826]LogLoad: Game class is 'FirstPersonGameMode_C'
[2018.06.30-22.12.37:338][826]LogWorld: Bringing World /Game/FirstPersonBP/Maps/UEDPIE_0_Map_Menu.Map_Menu up for play (max tick rate 0) at 2018.07.01-00.12.37
[2018.06.30-22.12.37:339][826]LogWorld: Bringing up level for play took: 0.000912
[2018.06.30-22.12.37:339][826]LogGameMode: FindPlayerStart: PATHS NOT DEFINED or NO PLAYERSTART with positive rating
[2018.06.30-22.12.37:343][826]PIE: Play in editor start time for /Game/FirstPersonBP/Maps/UEDPIE_0_Map_Menu -0.001
[2018.06.30-22.12.37:344][826]LogBlueprintUserMessages: Late PlayInEditor Detection: Level '/Game/FirstPersonBP/Maps/Map_Menu.Map_Menu:PersistentLevel' has LevelScriptBlueprint '/Game/FirstPersonBP/Maps/Map_Menu.Map_Menu:PersistentLevel.Map_Menu' with GeneratedClass '/Game/FirstPersonBP/Maps/Map_Menu.Map_Menu_C' with ClassGeneratedBy '/Game/FirstPersonBP/Maps/Map_Menu.Map_Menu:PersistentLevel.Map_Menu'
[2018.06.30-22.12.40:107][ 83]LogBlueprintUserMessages: Early EndPlayMap Detection: Level '/Game/FirstPersonBP/Maps/Map_Menu.Map_Menu:PersistentLevel' has LevelScriptBlueprint '/Game/FirstPersonBP/Maps/Map_Menu.Map_Menu:PersistentLevel.Map_Menu' with GeneratedClass '/Game/FirstPersonBP/Maps/Map_Menu.Map_Menu_C' with ClassGeneratedBy '/Game/FirstPersonBP/Maps/Map_Menu.Map_Menu:PersistentLevel.Map_Menu'
[2018.06.30-22.12.40:153][ 83]LogBlueprintUserMessages: Late EndPlayMap Detection: Level '/Game/FirstPersonBP/Maps/Map_Menu.Map_Menu:PersistentLevel' has LevelScriptBlueprint '/Game/FirstPersonBP/Maps/Map_Menu.Map_Menu:PersistentLevel.Map_Menu' with GeneratedClass '/Game/FirstPersonBP/Maps/Map_Menu.Map_Menu_C' with ClassGeneratedBy '/Game/FirstPersonBP/Maps/Map_Menu.Map_Menu:PersistentLevel.Map_Menu'
[2018.06.30-22.12.43:442][468]BlueprintLog: New page: Compile Menu_Principal
[2018.06.30-22.12.44:244][553]Cmd: OBJ SAVEPACKAGE PACKAGE="/Game/Widgets/Menu_Principal" FILE="../../../../../../Users/Christian/Documents/Unreal Projects/OT_Game/Content/Widgets/Menu_Principal.uasset" SILENT=true
[2018.06.30-22.12.44:292][553]LogSavePackage: Save=24.70ms
[2018.06.30-22.12.44:292][553]LogSavePackage: Moving '../../../../../../Users/Christian/Documents/Unreal Projects/OT_Game/Saved/Menu_PrincipalE88AEDF74C4A35191574AEACA05B5766.tmp' to '../../../../../../Users/Christian/Documents/Unreal Projects/OT_Game/Content/Widgets/Menu_Principal.uasset'
[2018.06.30-22.12.44:298][553]LogSavePackage: Display: Finished SavePackage ../../../../../../Users/Christian/Documents/Unreal Projects/OT_Game/Content/Widgets/Menu_Principal.uasset
[2018.06.30-22.18.33:147][366]LogTemp: Repeating last play command: Selected Viewport
[2018.06.30-22.18.33:171][366]LogBlueprintUserMessages: Early PlayInEditor Detection: Level '/Game/FirstPersonBP/Maps/Map_Menu.Map_Menu:PersistentLevel' has LevelScriptBlueprint '/Game/FirstPersonBP/Maps/Map_Menu.Map_Menu:PersistentLevel.Map_Menu' with GeneratedClass '/Game/FirstPersonBP/Maps/Map_Menu.Map_Menu_C' with ClassGeneratedBy '/Game/FirstPersonBP/Maps/Map_Menu.Map_Menu:PersistentLevel.Map_Menu'
[2018.06.30-22.18.33:171][366]LogPlayLevel: PlayLevel: No blueprints needed recompiling
[2018.06.30-22.18.33:171][366]PIE: New page: PIE session: Map_Menu (Jul 1, 2018, 2:18:33 AM)
[2018.06.30-22.18.33:171][366]LogPlayLevel: Creating play world package: /Game/FirstPersonBP/Maps/UEDPIE_0_Map_Menu
[2018.06.30-22.18.33:172][366]LogPlayLevel: PIE: StaticDuplicateObject took: (0.001085s)
[2018.06.30-22.18.33:173][366]LogAIModule: Creating AISystem for world Map_Menu
[2018.06.30-22.18.33:173][366]LogPlayLevel: PIE: World Init took: (0.000826s)
[2018.06.30-22.18.33:173][366]LogPlayLevel: PIE: Created PIE world by copying editor world from /Game/FirstPersonBP/Maps/Map_Menu.Map_Menu to /Game/FirstPersonBP/Maps/UEDPIE_0_Map_Menu.Map_Menu (0.002144s)
[2018.06.30-22.18.33:205][366]LogInit: XAudio2 using 'Haut-parleurs (JBL Charge 2+ Stereo)' : 2 channels at 44.1 kHz using 16 bits per sample (channel mask 0x3)
[2018.06.30-22.18.33:750][366]LogInit: FAudioDevice initialized.
[2018.06.30-22.18.33:820][366]LogLoad: Game class is 'FirstPersonGameMode_C'
[2018.06.30-22.18.33:822][366]LogWorld: Bringing World /Game/FirstPersonBP/Maps/UEDPIE_0_Map_Menu.Map_Menu up for play (max tick rate 0) at 2018.07.01-00.18.33
[2018.06.30-22.18.33:822][366]LogWorld: Bringing up level for play took: 0.001262
[2018.06.30-22.18.33:822][366]LogGameMode: FindPlayerStart: PATHS NOT DEFINED or NO PLAYERSTART with positive rating
[2018.06.30-22.18.33:831][366]PIE: Play in editor start time for /Game/FirstPersonBP/Maps/UEDPIE_0_Map_Menu 0.486
[2018.06.30-22.18.33:831][366]LogBlueprintUserMessages: Late PlayInEditor Detection: Level '/Game/FirstPersonBP/Maps/Map_Menu.Map_Menu:PersistentLevel' has LevelScriptBlueprint '/Game/FirstPersonBP/Maps/Map_Menu.Map_Menu:PersistentLevel.Map_Menu' with GeneratedClass '/Game/FirstPersonBP/Maps/Map_Menu.Map_Menu_C' with ClassGeneratedBy '/Game/FirstPersonBP/Maps/Map_Menu.Map_Menu:PersistentLevel.Map_Menu'
[2018.06.30-22.19.00:836][466]LogBlueprintUserMessages: Early EndPlayMap Detection: Level '/Game/FirstPersonBP/Maps/Map_Menu.Map_Menu:PersistentLevel' has LevelScriptBlueprint '/Game/FirstPersonBP/Maps/Map_Menu.Map_Menu:PersistentLevel.Map_Menu' with GeneratedClass '/Game/FirstPersonBP/Maps/Map_Menu.Map_Menu_C' with ClassGeneratedBy '/Game/FirstPersonBP/Maps/Map_Menu.Map_Menu:PersistentLevel.Map_Menu'
[2018.06.30-22.19.00:888][466]LogBlueprintUserMessages: Late EndPlayMap Detection: Level '/Game/FirstPersonBP/Maps/Map_Menu.Map_Menu:PersistentLevel' has LevelScriptBlueprint '/Game/FirstPersonBP/Maps/Map_Menu.Map_Menu:PersistentLevel.Map_Menu' with GeneratedClass '/Game/FirstPersonBP/Maps/Map_Menu.Map_Menu_C' with ClassGeneratedBy '/Game/FirstPersonBP/Maps/Map_Menu.Map_Menu:PersistentLevel.Map_Menu'
[2018.06.30-22.19.03:055][712]LogTemp: Repeating last play command: Selected Viewport
[2018.06.30-22.19.03:074][712]LogBlueprintUserMessages: Early PlayInEditor Detection: Level '/Game/FirstPersonBP/Maps/Map_Menu.Map_Menu:PersistentLevel' has LevelScriptBlueprint '/Game/FirstPersonBP/Maps/Map_Menu.Map_Menu:PersistentLevel.Map_Menu' with GeneratedClass '/Game/FirstPersonBP/Maps/Map_Menu.Map_Menu_C' with ClassGeneratedBy '/Game/FirstPersonBP/Maps/Map_Menu.Map_Menu:PersistentLevel.Map_Menu'
[2018.06.30-22.19.03:074][712]LogPlayLevel: PlayLevel: No blueprints needed recompiling
[2018.06.30-22.19.03:074][712]PIE: New page: PIE session: Map_Menu (Jul 1, 2018, 2:19:03 AM)
[2018.06.30-22.19.03:074][712]LogPlayLevel: Creating play world package: /Game/FirstPersonBP/Maps/UEDPIE_0_Map_Menu
[2018.06.30-22.19.03:075][712]LogPlayLevel: PIE: StaticDuplicateObject took: (0.000987s)
[2018.06.30-22.19.03:076][712]LogAIModule: Creating AISystem for world Map_Menu
[2018.06.30-22.19.03:076][712]LogPlayLevel: PIE: World Init took: (0.000607s)
[2018.06.30-22.19.03:076][712]LogPlayLevel: PIE: Created PIE world by copying editor world from /Game/FirstPersonBP/Maps/Map_Menu.Map_Menu to /Game/FirstPersonBP/Maps/UEDPIE_0_Map_Menu.Map_Menu (0.001819s)
[2018.06.30-22.19.03:104][712]LogInit: XAudio2 using 'Haut-parleurs (JBL Charge 2+ Stereo)' : 2 channels at 44.1 kHz using 16 bits per sample (channel mask 0x3)
[2018.06.30-22.19.03:119][712]LogInit: FAudioDevice initialized.
[2018.06.30-22.19.03:163][712]LogLoad: Game class is 'FirstPersonGameMode_C'
[2018.06.30-22.19.03:164][712]LogWorld: Bringing World /Game/FirstPersonBP/Maps/UEDPIE_0_Map_Menu.Map_Menu up for play (max tick rate 0) at 2018.07.01-00.19.03
[2018.06.30-22.19.03:164][712]LogWorld: Bringing up level for play took: 0.000886
[2018.06.30-22.19.03:165][712]LogGameMode: FindPlayerStart: PATHS NOT DEFINED or NO PLAYERSTART with positive rating
[2018.06.30-22.19.03:173][712]PIE: Play in editor start time for /Game/FirstPersonBP/Maps/UEDPIE_0_Map_Menu -0.172
[2018.06.30-22.19.03:173][712]LogBlueprintUserMessages: Late PlayInEditor Detection: Level '/Game/FirstPersonBP/Maps/Map_Menu.Map_Menu:PersistentLevel' has LevelScriptBlueprint '/Game/FirstPersonBP/Maps/Map_Menu.Map_Menu:PersistentLevel.Map_Menu' with GeneratedClass '/Game/FirstPersonBP/Maps/Map_Menu.Map_Menu_C' with ClassGeneratedBy '/Game/FirstPersonBP/Maps/Map_Menu.Map_Menu:PersistentLevel.Map_Menu'
[2018.06.30-22.19.06:897][ 92]LogNet: Browse: /Game/FirstPersonBP/Maps/Menu_Chargement
[2018.06.30-22.19.06:897][ 92]LogLoad: LoadMap: /Game/FirstPersonBP/Maps/Menu_Chargement
[2018.06.30-22.19.06:916][ 92]Cmd: MEM
[2018.06.30-22.19.06:952][ 92]LogMemory: Platform Memory Stats for Windows
[2018.06.30-22.19.06:953][ 92]LogMemory: Process Physical Memory: 1228.30 MB used, 1293.07 MB peak
[2018.06.30-22.19.06:953][ 92]LogMemory: Process Virtual Memory: 1947.03 MB used, 2087.84 MB peak
[2018.06.30-22.19.06:953][ 92]LogMemory: Physical Memory: 4675.12 MB used,  3448.92 MB free, 8124.04 MB total
[2018.06.30-22.19.06:953][ 92]LogMemory: Virtual Memory: 7085.60 MB used,  3448.92 MB free, 134217728.00 MB total
[2018.06.30-22.19.06:953][ 92]LogMemory: 
[2018.06.30-22.19.06:953][ 92]Allocator Stats for TBB: (not implemented)
[2018.06.30-22.19.08:727][ 92]LogAIModule: Creating AISystem for world Menu_Chargement
[2018.06.30-22.19.08:727][ 92]LogLoad: Game class is 'FirstPersonGameMode_C'
[2018.06.30-22.19.08:731][ 92]LogWorld: Bringing World /Game/FirstPersonBP/Maps/UEDPIE_0_Menu_Chargement.Menu_Chargement up for play (max tick rate 0) at 2018.07.01-00.19.08
[2018.06.30-22.19.08:731][ 92]LogWorld: Bringing up level for play took: 0.002238
[2018.06.30-22.19.08:732][ 92]LogGameMode: FindPlayerStart: PATHS NOT DEFINED or NO PLAYERSTART with positive rating
[2018.06.30-22.19.08:736][ 92]LogLoad: Took 1.839774 seconds to LoadMap(/Game/FirstPersonBP/Maps/Menu_Chargement)
[2018.06.30-22.19.16:360][992]LogNet: Browse: /Game/FirstPersonBP/Maps/Maison_Voleur
[2018.06.30-22.19.16:361][992]LogLoad: LoadMap: /Game/FirstPersonBP/Maps/Maison_Voleur
[2018.06.30-22.19.16:380][992]Cmd: MEM
[2018.06.30-22.19.16:401][992]LogMemory: Platform Memory Stats for Windows
[2018.06.30-22.19.16:401][992]LogMemory: Process Physical Memory: 1393.99 MB used, 1491.73 MB peak
[2018.06.30-22.19.16:401][992]LogMemory: Process Virtual Memory: 2068.66 MB used, 2272.96 MB peak
[2018.06.30-22.19.16:401][992]LogMemory: Physical Memory: 4774.39 MB used,  3349.65 MB free, 8124.04 MB total
[2018.06.30-22.19.16:401][992]LogMemory: Virtual Memory: 7243.97 MB used,  3349.65 MB free, 134217728.00 MB total
[2018.06.30-22.19.16:401][992]LogMemory: 
[2018.06.30-22.19.16:401][992]Allocator Stats for TBB: (not implemented)
[2018.06.30-22.19.30:039][992]LogAIModule: Creating AISystem for world Maison_Voleur
[2018.06.30-22.19.30:039][992]LogLoad: Game class is 'FirstPersonGameMode_C'
[2018.06.30-22.19.30:067][992]LogWorld: Bringing World /Game/FirstPersonBP/Maps/UEDPIE_0_Maison_Voleur.Maison_Voleur up for play (max tick rate 0) at 2018.07.01-00.19.30
[2018.06.30-22.19.30:068][992]LogWorld: Bringing up level for play took: 0.028014
[2018.06.30-22.19.30:090][992]LogLoad: Took 13.730297 seconds to LoadMap(/Game/FirstPersonBP/Maps/Maison_Voleur)
[2018.06.30-22.19.31:395][ 72]LogScript: Warning: Accessed None trying to read property CallFunc_GetAnimInstance_ReturnValue
	FirstPersonCharacter_C /Game/FirstPersonBP/Maps/UEDPIE_0_Maison_Voleur.Maison_Voleur:PersistentLevel.FirstPersonCharacter_C_0
	Function /Game/FirstPersonBP/Blueprints/FirstPersonCharacter.FirstPersonCharacter_C:ExecuteUbergraph_FirstPersonCharacter:0053
[2018.06.30-22.19.31:395][ 72]PIE: Error: Blueprint Runtime Error: Accessed None trying to read property CallFunc_GetAnimInstance_ReturnValue from function: 'ExecuteUbergraph_FirstPersonCharacter' from node: Montage Play in graph: EventGraph in object: FirstPersonCharacter with description: Accessed None trying to read property CallFunc_GetAnimInstance_ReturnValue
[2018.06.30-22.21.07:920][668]LogNet: Browse: /Game/FirstPersonBP/Maps/Menu_Chargement_VoleurMaison
[2018.06.30-22.21.07:934][668]LogLoad: LoadMap: /Game/FirstPersonBP/Maps/Menu_Chargement_VoleurMaison
[2018.06.30-22.21.07:960][668]Cmd: MEM
[2018.06.30-22.21.07:978][668]LogMemory: Platform Memory Stats for Windows
[2018.06.30-22.21.07:978][668]LogMemory: Process Physical Memory: 1604.61 MB used, 1653.29 MB peak
[2018.06.30-22.21.07:978][668]LogMemory: Process Virtual Memory: 2393.44 MB used, 2493.93 MB peak
[2018.06.30-22.21.07:978][668]LogMemory: Physical Memory: 5575.53 MB used,  2548.51 MB free, 8124.04 MB total
[2018.06.30-22.21.07:978][668]LogMemory: Virtual Memory: 7551.72 MB used,  2548.51 MB free, 134217728.00 MB total
[2018.06.30-22.21.07:978][668]LogMemory: 
[2018.06.30-22.21.07:978][668]Allocator Stats for TBB: (not implemented)
[2018.06.30-22.21.08:001][668]LogAIModule: Creating AISystem for world Menu_Chargement_VoleurMaison
[2018.06.30-22.21.08:001][668]LogLoad: Game class is 'FirstPersonGameMode_C'
[2018.06.30-22.21.08:003][668]LogWorld: Bringing World /Game/FirstPersonBP/Maps/UEDPIE_0_Menu_Chargement_VoleurMaison.Menu_Chargement_VoleurMaison up for play (max tick rate 0) at 2018.07.01-00.21.08
[2018.06.30-22.21.08:003][668]LogWorld: Bringing up level for play took: 0.001099
[2018.06.30-22.21.08:003][668]LogGameMode: FindPlayerStart: PATHS NOT DEFINED or NO PLAYERSTART with positive rating
[2018.06.30-22.21.08:005][668]LogLoad: Took 0.071814 seconds to LoadMap(/Game/FirstPersonBP/Maps/Menu_Chargement_VoleurMaison)
[2018.06.30-22.21.16:072][609]LogPackageName: SearchForPackageOnDisk took   0.161s to resolve Maison_Voleur_Interieur.umap.
[2018.06.30-22.21.16:240][610]LogPackageName: SearchForPackageOnDisk took   0.160s to resolve Maison_Voleur_Interieur.umap.
[2018.06.30-22.21.16:240][610]LogNet: Browse: /Game/FirstPersonBP/Maps/Maison_Voleur_Interieur
[2018.06.30-22.21.16:240][610]LogLoad: LoadMap: /Game/FirstPersonBP/Maps/Maison_Voleur_Interieur
[2018.06.30-22.21.16:260][610]Cmd: MEM
[2018.06.30-22.21.16:278][610]LogMemory: Platform Memory Stats for Windows
[2018.06.30-22.21.16:278][610]LogMemory: Process Physical Memory: 1606.60 MB used, 1653.29 MB peak
[2018.06.30-22.21.16:278][610]LogMemory: Process Virtual Memory: 2398.64 MB used, 2493.93 MB peak
[2018.06.30-22.21.16:278][610]LogMemory: Physical Memory: 5592.29 MB used,  2531.76 MB free, 8124.04 MB total
[2018.06.30-22.21.16:278][610]LogMemory: Virtual Memory: 7551.72 MB used,  2531.76 MB free, 134217728.00 MB total
[2018.06.30-22.21.16:278][610]LogMemory: 
[2018.06.30-22.21.16:278][610]Allocator Stats for TBB: (not implemented)
[2018.06.30-22.21.16:287][610]LogWindows: Windows GetLastError: L’opération a réussi. (0)
[2018.06.30-22.21.26:408][610]LogWindows: Error: === Critical error: ===
[2018.06.30-22.21.26:408][610]LogWindows: Error: 
[2018.06.30-22.21.26:408][610]LogWindows: Error: Assertion failed: NewWorld [File:D:\Build\++UE4+Release-4.17+Compile\Sync\Engine\Source\Runtime\Engine\Private\UnrealEngine.cpp] [Line: 10239] 
[2018.06.30-22.21.26:408][610]LogWindows: Error: 
[2018.06.30-22.21.26:408][610]LogWindows: Error: 
[2018.06.30-22.21.26:408][610]LogWindows: Error: 
[2018.06.30-22.21.26:408][610]LogWindows: Error: KERNELBASE.dll!0x000000009A6DA388
[2018.06.30-22.21.26:408][610]LogWindows: Error: UE4Editor-Core.dll!0x0000000059321CE4
[2018.06.30-22.21.26:408][610]LogWindows: Error: UE4Editor-Core.dll!0x000000005910AD5B
[2018.06.30-22.21.26:408][610]LogWindows: Error: UE4Editor-Core.dll!0x00000000590A0179
[2018.06.30-22.21.26:408][610]LogWindows: Error: UE4Editor-Engine.dll!0x000000005527E2EE
[2018.06.30-22.21.26:408][610]LogWindows: Error: UE4Editor-Engine.dll!0x0000000055236AE8
[2018.06.30-22.21.26:408][610]LogWindows: Error: UE4Editor-Engine.dll!0x000000005529D89D
[2018.06.30-22.21.26:408][610]LogWindows: Error: UE4Editor-UnrealEd.dll!0x000000005285BF80
[2018.06.30-22.21.26:408][610]LogWindows: Error: UE4Editor-UnrealEd.dll!0x00000000530ED646
[2018.06.30-22.21.26:408][610]LogWindows: Error: UE4Editor.exe!0x00000000CB2E534A
[2018.06.30-22.21.26:408][610]LogWindows: Error: UE4Editor.exe!0x00000000CB2F3970
[2018.06.30-22.21.26:408][610]LogWindows: Error: UE4Editor.exe!0x00000000CB2F39EA
[2018.06.30-22.21.26:408][610]LogWindows: Error: UE4Editor.exe!0x00000000CB3002D9
[2018.06.30-22.21.26:408][610]LogWindows: Error: UE4Editor.exe!0x00000000CB301C47
[2018.06.30-22.21.26:408][610]LogWindows: Error: KERNEL32.DLL!0x000000009C903034
[2018.06.30-22.21.26:408][610]LogWindows: Error: ntdll.dll!0x000000009D501431
[2018.06.30-22.21.26:408][610]LogWindows: Error: ntdll.dll!0x000000009D501431
[2018.06.30-22.21.26:408][610]LogWindows: Error: 
[2018.06.30-22.21.26:425][610]LogExit: Executing StaticShutdownAfterError
[2018.06.30-22.21.26:666][610]LogWindows: FPlatformMisc::RequestExit(1)
[2018.06.30-22.21.26:666][610]Log file closed, 07/01/18 00:21:26
