Log file open, 07/01/18 12:06:34
LogWindows: Failed to load 'aqProf.dll' (GetLastError=126)
LogWindows: File 'aqProf.dll' does not exist
LogWindows: Failed to load 'VtuneApi.dll' (GetLastError=126)
LogWindows: File 'VtuneApi.dll' does not exist
LogWindows: Failed to load 'VtuneApi32e.dll' (GetLastError=126)
LogWindows: File 'VtuneApi32e.dll' does not exist
LogInit: Display: Running engine for game: OT_Game
LogPlatformFile: Not using cached read wrapper
LogInit: Display: RandInit(964622819) SRandInit(964622819).
LogTaskGraph: Started task graph with 5 named threads and 14 total threads with 3 sets of task threads.
LogStats: Stats thread started at 0.287046
LogD3D11RHI: Aftermath initialized
LogPluginManager: Mounting plugin Paper2D
LogPluginManager: Mounting plugin LightPropagationVolume
LogPluginManager: Mounting plugin CodeLiteSourceCodeAccess
LogPluginManager: Mounting plugin GitSourceControl
LogPluginManager: Mounting plugin KDevelopSourceCodeAccess
LogPluginManager: Mounting plugin NullSourceCodeAccess
LogPluginManager: Mounting plugin PerforceSourceControl
LogPluginManager: Mounting plugin SubversionSourceControl
LogPluginManager: Mounting plugin UObjectPlugin
LogPluginManager: Mounting plugin VisualStudioSourceCodeAccess
LogPluginManager: Mounting plugin XCodeSourceCodeAccess
LogPluginManager: Mounting plugin AssetManagerEditor
LogPluginManager: Mounting plugin AudioCapture
LogPluginManager: Mounting plugin FacialAnimation
LogPluginManager: Mounting plugin GameplayTagsEditor
LogPluginManager: Mounting plugin MobileLauncherProfileWizard
LogPluginManager: Mounting plugin PluginBrowser
LogPluginManager: Mounting plugin SpeedTreeImporter
LogPluginManager: Mounting plugin AlembicImporter
LogPluginManager: Mounting plugin CharacterAI
LogPluginManager: Mounting plugin HTML5Networking
LogPluginManager: Mounting plugin AndroidMedia
LogPluginManager: Mounting plugin AvfMedia
LogPluginManager: Mounting plugin MediaPlayerEditor
LogPluginManager: Mounting plugin WmfMedia
LogPluginManager: Mounting plugin TcpMessaging
LogPluginManager: Mounting plugin UdpMessaging
LogPluginManager: Mounting plugin LevelSequenceEditor
LogPluginManager: Mounting plugin MatineeToLevelSequence
LogPluginManager: Mounting plugin OnlineSubsystemGooglePlay
LogPluginManager: Mounting plugin OnlineSubsystemIOS
LogPluginManager: Mounting plugin OnlineSubsystem
LogPluginManager: Mounting plugin OnlineSubsystemNull
LogPluginManager: Mounting plugin OnlineSubsystemUtils
LogPluginManager: Mounting plugin AndroidDeviceProfileSelector
LogPluginManager: Mounting plugin AndroidMoviePlayer
LogPluginManager: Mounting plugin AndroidPermission
LogPluginManager: Mounting plugin AppleMoviePlayer
LogPluginManager: Mounting plugin ArchVisCharacter
LogPluginManager: Mounting plugin CableComponent
LogPluginManager: Mounting plugin CustomMeshComponent
LogPluginManager: Mounting plugin ExampleDeviceProfileSelector
LogPluginManager: Mounting plugin GoogleCloudMessaging
LogPluginManager: Mounting plugin ImmediatePhysics
LogPluginManager: Mounting plugin IOSDeviceProfileSelector
LogPluginManager: Mounting plugin LinuxDeviceProfileSelector
LogPluginManager: Mounting plugin LocationServicesBPLibrary
LogPluginManager: Mounting plugin MobilePatchingUtils
LogPluginManager: Mounting plugin OculusVR
LogPluginManager: Mounting plugin PhysXVehicles
LogPluginManager: Mounting plugin ProceduralMeshComponent
LogPluginManager: Mounting plugin RuntimePhysXCooking
LogPluginManager: Mounting plugin SteamVR
LogPluginManager: Mounting plugin WindowsMoviePlayer
LogInit: Using libcurl 7.47.1
LogInit:  - built for x86_64-pc-win32
LogInit:  - supports SSL with OpenSSL/1.0.2g
LogInit:  - supports HTTP deflate (compression) using libz 1.2.8
LogInit:  - other features:
LogInit:      CURL_VERSION_SSL
LogInit:      CURL_VERSION_LIBZ
LogInit:      CURL_VERSION_IPV6
LogInit:      CURL_VERSION_ASYNCHDNS
LogInit:      CURL_VERSION_LARGEFILE
LogInit:      CURL_VERSION_IDN
LogInit:  CurlRequestOptions (configurable via config and command line):
LogInit:  - bVerifyPeer = false  - Libcurl will NOT verify peer certificate
LogInit:  - bUseHttpProxy = false  - Libcurl will NOT use HTTP proxy
LogInit:  - bDontReuseConnections = false  - Libcurl will reuse connections
LogInit:  - CertBundlePath = nullptr  - Libcurl will use whatever was configured at build time.
LogInit: Build: ++UE4+Release-4.17-CL-3658906
LogInit: Engine Version: 4.17.2-3658906+++UE4+Release-4.17
LogInit: Compatible Engine Version: 4.17.0-3573198+++UE4+Release-4.17
LogInit: Net CL: 3573198
LogDevObjectVersion: Number of dev versions registered: 16
LogDevObjectVersion:   Dev-Blueprints (B0D832E4-1F89-4F0D-ACCF-7EB736FD4AA2): 10
LogDevObjectVersion:   Dev-Build (E1C64328-A22C-4D53-A36C-8E866417BD8C): 0
LogDevObjectVersion:   Dev-Core (375EC13C-06E4-48FB-B500-84F0262A717E): 2
LogDevObjectVersion:   Dev-Editor (E4B068ED-F494-42E9-A231-DA0B2E46BB41): 20
LogDevObjectVersion:   Dev-Framework (CFFC743F-43B0-4480-9391-14DF171D2073): 28
LogDevObjectVersion:   Dev-Mobile (B02B49B5-BB20-44E9-A304-32B752E40360): 0
LogDevObjectVersion:   Dev-Networking (A4E4105C-59A1-49B5-A7C5-40C4547EDFEE): 0
LogDevObjectVersion:   Dev-Online (39C831C9-5AE6-47DC-9A44-9C173E1C8E7C): 0
LogDevObjectVersion:   Dev-Physics (78F01B33-EBEA-4F98-B9B4-84EACCB95AA2): 0
LogDevObjectVersion:   Dev-Platform (6631380F-2D4D-43E0-8009-CF276956A95A): 0
LogDevObjectVersion:   Dev-Rendering (12F88B9F-8875-4AFC-A67C-D90C383ABD29): 19
LogDevObjectVersion:   Dev-Sequencer (7B5AE74C-D270-4C10-A958-57980B212A5A): 4
LogDevObjectVersion:   Dev-VR (D7296918-1DD6-4BDD-9DE2-64A83CC13884): 0
LogDevObjectVersion:   Dev-LoadTimes (C2A15278-BFE7-4AFE-6C17-90FF531DF755): 1
LogDevObjectVersion:   Private-Geometry (6EACA3D4-40EC-4CC1-B786-8BED09428FC5): 1
LogDevObjectVersion:   Dev-AnimPhys (29E575DD-E0A3-4627-9D10-D276232CDCEA): 7
LogInit: Compiled (64-bit): Sep 22 2017 13:47:16
LogInit: Compiled with Visual C++: 19.00.24215.01
LogInit: Build Configuration: Development
LogInit: Branch Name: ++UE4+Release-4.17
LogInit: Command line:  
LogInit: Base directory: C:/Program Files/Epic Games/UE_4.17/Engine/Binaries/Win64/
LogInit: Installed Engine Build: 1
LogInit: Presizing for max 8388607 objects, including 0 objects not considered by GC, pre-allocating 0 bytes for permanent pool.
LogInit: Object subsystem initialized
[2018.07.01-10.06.37:211][  0]LogInit: Selected Device Profile: [Windows]
[2018.07.01-10.06.37:211][  0]LogInit: Applying CVar settings loaded from the selected device profile: [Windows]
[2018.07.01-10.06.37:332][  0]LogInit: Computer: LENOVO-PC
[2018.07.01-10.06.37:333][  0]LogInit: User: Christian
[2018.07.01-10.06.37:333][  0]LogInit: CPU Page size=4096, Cores=4
[2018.07.01-10.06.37:333][  0]LogInit: High frequency timer resolution =3.117798 MHz
[2018.07.01-10.06.37:366][  0]LogMemory: Memory total: Physical=7.9GB (8GB approx)
[2018.07.01-10.06.37:366][  0]LogMemory: Platform Memory Stats for Windows
[2018.07.01-10.06.37:366][  0]LogMemory: Process Physical Memory: 277.35 MB used, 277.35 MB peak
[2018.07.01-10.06.37:366][  0]LogMemory: Process Virtual Memory: 274.16 MB used, 274.16 MB peak
[2018.07.01-10.06.37:366][  0]LogMemory: Physical Memory: 4289.02 MB used,  3835.02 MB free, 8124.04 MB total
[2018.07.01-10.06.37:366][  0]LogMemory: Virtual Memory: 4784.08 MB used,  3835.02 MB free, 134217728.00 MB total
[2018.07.01-10.06.38:895][  0]LogInit: Using OS detected language (fr-FR).
[2018.07.01-10.06.38:895][  0]LogInit: Using OS detected locale (fr-FR).
[2018.07.01-10.06.39:013][  0]LogTextLocalizationManager: No localization for 'fr-FR' exists, so 'en' will be used for the language.
[2018.07.01-10.06.39:016][  0]LogTextLocalizationManager: No localization for 'fr-FR' exists, so 'en' will be used for the locale.
[2018.07.01-10.06.42:067][  0]LogD3D11RHI: D3D11 adapters:
[2018.07.01-10.06.42:150][  0]LogD3D11RHI:    0. 'NVIDIA GeForce GTX 745' (Feature Level 11_0)
[2018.07.01-10.06.42:150][  0]LogD3D11RHI:       2007/0/4062 MB DedicatedVideo/DedicatedSystem/SharedSystem, Outputs:1, VendorId:0x10de
[2018.07.01-10.06.42:153][  0]LogD3D11RHI:    1. 'Microsoft Basic Render Driver' (Feature Level 11_0)
[2018.07.01-10.06.42:153][  0]LogD3D11RHI:       0/0/4062 MB DedicatedVideo/DedicatedSystem/SharedSystem, Outputs:0, VendorId:0x1414
[2018.07.01-10.06.42:153][  0]LogD3D11RHI: Chosen D3D11 Adapter: 0
[2018.07.01-10.06.42:170][  0]LogD3D11RHI: Creating new Direct3DDevice
[2018.07.01-10.06.42:170][  0]LogD3D11RHI:     GPU DeviceId: 0x1382 (for the marketing name, search the web for "GPU Device Id")
[2018.07.01-10.06.42:170][  0]LogWindows: EnumDisplayDevices:
[2018.07.01-10.06.42:170][  0]LogWindows:    0. 'NVIDIA GeForce GTX 745' (P:1 D:1)
[2018.07.01-10.06.42:170][  0]LogWindows:    1. 'NVIDIA GeForce GTX 745' (P:0 D:0)
[2018.07.01-10.06.42:171][  0]LogWindows:    2. 'LMIMIRR' (P:0 D:0)
[2018.07.01-10.06.42:171][  0]LogWindows: DebugString: GetVideoDriverDetailsInvalid PrimaryIsNotTheChoosenAdapter GetVideoDriverDetailsInvalid PrimaryIsNotTheChoosenAdapter GetVideoDriverDetailsInvalid PrimaryIsNotTheChoosenAdapter FoundDriverCount:0 
[2018.07.01-10.06.42:171][  0]LogD3D11RHI:     Adapter Name: NVIDIA GeForce GTX 745
[2018.07.01-10.06.42:171][  0]LogD3D11RHI:   Driver Version: Unknown (internal:Unknown, unified:Unknown)
[2018.07.01-10.06.42:171][  0]LogD3D11RHI:      Driver Date: Unknown
[2018.07.01-10.06.42:171][  0]LogRHI: Texture pool is 1361 MB (70% of 1945 MB)
[2018.07.01-10.06.42:303][  0]LogD3D11RHI: Async texture creation enabled
[2018.07.01-10.06.43:124][  0]LogD3D11RHI: GPU Timing Frequency: 1000.000000 (Debug: 2 2)
[2018.07.01-10.06.43:311][  0]LogShaderCompilers: Guid format shader working directory is -18 characters bigger than the processId version (../../../../../../Users/Christian/Documents/Unreal Projects/OT_Game/Intermediate/Shaders/WorkingDirectory/16296/).
[2018.07.01-10.06.43:312][  0]LogShaderCompilers: Cleaned the shader compiler working directory 'C:/Users/Christian/AppData/Local/Temp/UnrealShaderWorkingDir/3666466F4E7E7810A5D042B5B8D831FE/'.
[2018.07.01-10.06.43:319][  0]LogShaderCompilers: Display: Using Local Shader Compiler.
[2018.07.01-10.06.47:294][  0]LogTemp: Display: Loaded TP AllDesktopTargetPlatform
[2018.07.01-10.06.47:399][  0]LogTemp: Display: Loaded TP MacClientTargetPlatform
[2018.07.01-10.06.47:468][  0]LogTemp: Display: Loaded TP MacNoEditorTargetPlatform
[2018.07.01-10.06.47:538][  0]LogTemp: Display: Loaded TP MacServerTargetPlatform
[2018.07.01-10.06.47:620][  0]LogTemp: Display: Loaded TP MacTargetPlatform
[2018.07.01-10.06.47:691][  0]LogTemp: Display: Loaded TP WindowsClientTargetPlatform
[2018.07.01-10.06.47:760][  0]LogTemp: Display: Loaded TP WindowsNoEditorTargetPlatform
[2018.07.01-10.06.47:828][  0]LogTemp: Display: Loaded TP WindowsServerTargetPlatform
[2018.07.01-10.06.47:912][  0]LogTemp: Display: Loaded TP WindowsTargetPlatform
[2018.07.01-10.06.48:002][  0]LogTemp: Display: Loaded TP AndroidTargetPlatform
[2018.07.01-10.06.48:072][  0]LogTemp: Display: Loaded TP Android_ASTCTargetPlatform
[2018.07.01-10.06.48:149][  0]LogTemp: Display: Loaded TP Android_ATCTargetPlatform
[2018.07.01-10.06.48:227][  0]LogTemp: Display: Loaded TP Android_DXTTargetPlatform
[2018.07.01-10.06.48:313][  0]LogTemp: Display: Loaded TP Android_ETC1TargetPlatform
[2018.07.01-10.06.48:409][  0]LogTemp: Display: Loaded TP Android_ETC2TargetPlatform
[2018.07.01-10.06.48:580][  0]LogTemp: Display: Loaded TP Android_MultiTargetPlatform
[2018.07.01-10.06.48:581][  0]LogTemp: Display: Loaded TP Android_PVRTCTargetPlatform
[2018.07.01-10.06.48:637][  0]LogTemp: Display: Loaded TP HTML5TargetPlatform
[2018.07.01-10.06.48:924][  0]LogTemp: Display: Loaded TP IOSTargetPlatform
[2018.07.01-10.06.48:966][  0]LogTemp: Display: Loaded TP TVOSTargetPlatform
[2018.07.01-10.06.49:036][  0]LogTemp: Display: Loaded TP LinuxClientTargetPlatform
[2018.07.01-10.06.49:110][  0]LogTemp: Display: Loaded TP LinuxNoEditorTargetPlatform
[2018.07.01-10.06.49:178][  0]LogTemp: Display: Loaded TP LinuxServerTargetPlatform
[2018.07.01-10.06.49:251][  0]LogTemp: Display: Loaded TP LinuxTargetPlatform
[2018.07.01-10.06.49:251][  0]LogTargetPlatformManager: Display: Building Assets For Windows
[2018.07.01-10.06.51:976][  0]LogDerivedDataCache: Display: Max Cache Size: 512 MB
[2018.07.01-10.07.01:196][  0]LogDerivedDataCache: Loaded boot cache 9.22s 93MB C:/Users/Christian/AppData/Local/UnrealEngine/4.17/DerivedDataCache/Boot.ddc.
[2018.07.01-10.07.01:196][  0]LogDerivedDataCache: Display: Loaded Boot cache: C:/Users/Christian/AppData/Local/UnrealEngine/4.17/DerivedDataCache/Boot.ddc
[2018.07.01-10.07.01:197][  0]LogDerivedDataCache: FDerivedDataBackendGraph:  Pak pak cache file ../../../../../../Users/Christian/Documents/Unreal Projects/OT_Game/DerivedDataCache/DDC.ddp not found, will not use a pak cache.
[2018.07.01-10.07.01:197][  0]LogDerivedDataCache: Unable to find inner node Pak for hierarchical cache Hierarchy.
[2018.07.01-10.07.01:197][  0]LogDerivedDataCache: FDerivedDataBackendGraph:  CompressedPak pak cache file ../../../../../../Users/Christian/Documents/Unreal Projects/OT_Game/DerivedDataCache/Compressed.ddp not found, will not use a pak cache.
[2018.07.01-10.07.01:197][  0]LogDerivedDataCache: Unable to find inner node CompressedPak for hierarchical cache Hierarchy.
[2018.07.01-10.07.01:254][  0]LogDerivedDataCache: Display: Pak cache opened for reading ../../../Engine/DerivedDataCache/Compressed.ddp.
[2018.07.01-10.07.01:267][  0]LogDerivedDataCache: Using Local data cache path C:/Users/Christian/AppData/Local/UnrealEngine/Common/DerivedDataCache: Writable
[2018.07.01-10.07.01:299][  0]LogMaterial: Verifying Global Shaders for PCD3D_SM5
[2018.07.01-10.07.01:310][  0]LogSlate: Using Freetype 2.6.0
[2018.07.01-10.07.01:317][  0]LogSlate: SlateFontCache - WITH_FREETYPE: 1, WITH_HARFBUZZ: 1
[2018.07.01-10.07.01:318][  0]LogSlate: SlateFontCache - WITH_FREETYPE: 1, WITH_HARFBUZZ: 1
[2018.07.01-10.07.10:902][  0]LogAssetRegistry: FAssetRegistry took 0.0336 seconds to start up
[2018.07.01-10.07.11:395][  0]LogInit: Selected Device Profile: [Windows]
[2018.07.01-10.07.12:922][  0]LogContentStreaming: Texture pool size is 0.00 MB
[2018.07.01-10.07.13:903][  0]LogSimplygon: Simplygon DLL not present - disabling.
[2018.07.01-10.07.13:966][  0]LogMeshReduction: Using SimplygonSwarm for distributed automatic mesh merging
[2018.07.01-10.07.13:967][  0]LogMeshReduction: Using QuadricMeshReduction for automatic static mesh reduction
[2018.07.01-10.07.13:967][  0]LogMeshReduction: No automatic skeletal mesh reduction module available
[2018.07.01-10.07.13:967][  0]LogMeshReduction: No automatic mesh merging module available
[2018.07.01-10.07.13:967][  0]LogMeshMerging: No automatic mesh merging module available
[2018.07.01-10.07.15:270][  0]LogNetVersion: OT_Game , NetCL: 3573198, EngineNetVer: 2, GameNetVer: 0 (Checksum: 2452558151)
[2018.07.01-10.07.16:075][  0]LogPackageLocalizationCache: Processed 5 localized package path(s) for 1 prioritized culture(s) in 0.037096 seconds
[2018.07.01-10.07.16:084][  0]LogUObjectArray: 35825 objects as part of root set at end of initial load.
[2018.07.01-10.07.16:084][  0]LogUObjectAllocator: 7529112 out of 0 bytes used by permanent object pool.
[2018.07.01-10.07.16:084][  0]LogUObjectArray: CloseDisregardForGC: 0/0 objects in disregard for GC pool
[2018.07.01-10.07.16:186][  0]LogInit: WinSock: version 1.1 (2.2), MaxSocks=32767, MaxUdp=65467
[2018.07.01-10.07.23:043][  0]LogTcpMessaging: Initializing TcpMessaging bridge
[2018.07.01-10.07.23:190][  0]LogUdpMessaging: Initializing bridge on interface 0.0.0.0:0 to multicast group 230.0.0.1:6666.
[2018.07.01-10.07.24:885][  0]LogMaterial: Uniform references updated for custom material expression Custom.
[2018.07.01-10.07.26:016][  0]SourceControl: Source control is disabled
[2018.07.01-10.07.26:016][  0]SourceControl: Source control is disabled
[2018.07.01-10.07.26:127][  0]SourceControl: Source control is disabled
[2018.07.01-10.07.26:242][  0]SourceControl: Source control is disabled
[2018.07.01-10.07.27:635][  0]LogAndroidPermission: UAndroidPermissionCallbackProxy::GetInstance
[2018.07.01-10.07.28:028][  0]LogOcInput: OculusInput pre-init called
[2018.07.01-10.07.28:959][  0]LogEngine: Initializing Engine...
[2018.07.01-10.07.29:007][  0]LogHMD: Failed to initialize OpenVR with code 110
[2018.07.01-10.07.29:761][  0]LogStats: UGameplayTagsManager::ConstructGameplayTagTree: Construct from data asset -  0.000 s
[2018.07.01-10.07.29:763][  0]LogStats: UGameplayTagsManager::ConstructGameplayTagTree: GameplayTagTreeChangedEvent.Broadcast -  0.000 s
[2018.07.01-10.07.30:285][  0]LogAIModule: Creating AISystem for world Untitled
[2018.07.01-10.07.30:330][  0]LogInit: XAudio2 using 'Haut-parleurs (USB PnP Sound Device)' : 2 channels at 44.1 kHz using 16 bits per sample (channel mask 0x3)
[2018.07.01-10.07.30:370][  0]LogInit: FAudioDevice initialized.
[2018.07.01-10.07.30:502][  0]LogDerivedDataCache: Saved boot cache 0.13s 93MB C:/Users/Christian/AppData/Local/UnrealEngine/4.17/DerivedDataCache/Boot.ddc.
[2018.07.01-10.07.30:513][  0]LogInit: Texture streaming: Enabled
[2018.07.01-10.07.30:992][  0]LogEngineSessionManager: EngineSessionManager initialized
[2018.07.01-10.07.31:850][  0]LogInit: Transaction tracking system initialized
[2018.07.01-10.07.32:492][  0]BlueprintLog: New page: Editor Load
[2018.07.01-10.07.34:593][  0]LocalizationService: Localization service is disabled
[2018.07.01-10.07.36:478][  0]LogConsoleResponse: Display: 
[2018.07.01-10.07.38:474][  0]LogCook: Display: Max memory allowance for cook 16384mb min free memory 0mb
[2018.07.01-10.07.38:474][  0]LogCook: Display: Mobile HDR setting 1
[2018.07.01-10.07.38:478][  0]LogGameplayTags: Display: UGameplayTagsManager::DoneAddingNativeTags. DelegateIsBound: 0
[2018.07.01-10.07.38:927][  0]LogFileCache: Scanning file cache for directory 'C:/Users/Christian/Documents/Unreal Projects/OT_Game/Content/' took 0.04s
[2018.07.01-10.07.41:447][  0]SourceControl: Source control is disabled
[2018.07.01-10.07.41:468][  0]Cmd: MAP LOAD FILE="../../../../../../Users/Christian/Documents/Unreal Projects/OT_Game/Content/FirstPersonBP/Maps/Map_Menu.umap" TEMPLATE=0 SHOWPROGRESS=1 FEATURELEVEL=3
[2018.07.01-10.07.41:494][  0]LightingResults: New page: Lighting Build
[2018.07.01-10.07.41:615][  0]MapCheck: New page: Map Check
[2018.07.01-10.07.41:615][  0]LightingResults: New page: Lighting Build
[2018.07.01-10.07.41:975][  0]LogAIModule: Creating AISystem for world Map_Menu
[2018.07.01-10.07.42:024][  0]LogEditorServer: Finished looking for orphan Actors (0.000 secs)
[2018.07.01-10.07.42:135][  0]Cmd: MAP CHECKDEP NOCLEARLOG
[2018.07.01-10.07.42:263][  0]MapCheck: Map check complete: 0 Error(s), 0 Warning(s), took 128.179ms to complete.
[2018.07.01-10.07.42:263][  0]LogFileHelpers: Loading map 'Map_Menu' took 0.809
[2018.07.01-10.07.43:200][  0]LogCollectionManager: Loaded 0 collections in 0.003160 seconds
[2018.07.01-10.07.43:411][  0]LogFileCache: Scanning file cache for directory 'C:/Users/Christian/Documents/Unreal Projects/OT_Game/Saved/Collections/' took 0.01s
[2018.07.01-10.07.43:411][  0]LogFileCache: Scanning file cache for directory 'C:/Users/Christian/Documents/Unreal Projects/OT_Game/Content/Developers/Christian/Collections/' took 0.01s
[2018.07.01-10.07.43:411][  0]LogFileCache: Scanning file cache for directory 'C:/Users/Christian/Documents/Unreal Projects/OT_Game/Content/Collections/' took 0.01s
[2018.07.01-10.07.43:411][  0]LogCollectionManager: Rebuilt the GUID cache for 0 collections in 0.000001 seconds
[2018.07.01-10.07.43:423][  0]LogContentBrowser: Native class hierarchy populated in 0.0102 seconds. Added 2386 classes and 500 folders.
[2018.07.01-10.07.43:543][  0]LogContentBrowser: Native class hierarchy updated for 'WidgetCarousel' in 0.0009 seconds. Added 0 classes and 0 folders.
[2018.07.01-10.07.43:875][  0]LogContentBrowser: Native class hierarchy updated for 'AddContentDialog' in 0.0007 seconds. Added 0 classes and 0 folders.
[2018.07.01-10.07.44:008][  0]LogContentBrowser: Native class hierarchy updated for 'SceneOutliner' in 0.0008 seconds. Added 1 classes and 2 folders.
[2018.07.01-10.07.44:666][  0]LogSlate: Took 0.018873 seconds to synchronously load lazily loaded font '../../../Engine/Content/Slate/Fonts/Roboto-Regular.ttf' (155K)
[2018.07.01-10.07.44:672][  0]LogSlate: Took 0.001991 seconds to synchronously load lazily loaded font '../../../Engine/Content/Slate/Fonts/Roboto-Bold.ttf' (160K)
[2018.07.01-10.07.44:706][  0]LogSlate: Took 0.002280 seconds to synchronously load lazily loaded font '../../../Engine/Content/Editor/Slate/Fonts/FontAwesome.ttf' (139K)
[2018.07.01-10.07.45:142][  0]LogRenderer: Reallocating scene render targets to support 384x376 Format 10 NumSamples 1 (Frame:1).
[2018.07.01-10.07.45:689][  0]LogContentBrowser: Native class hierarchy updated for 'HierarchicalLODOutliner' in 0.0008 seconds. Added 1 classes and 2 folders.
[2018.07.01-10.07.45:690][  0]LogLoad: (Engine Initialization) Total time: 73.15 seconds
[2018.07.01-10.07.45:690][  0]LogLoad: (Engine Initialization) Total Blueprint compile time: 0.00 seconds
[2018.07.01-10.07.45:701][  0]LogExternalProfiler: Found external profiler: VSPerf
[2018.07.01-10.07.45:701][  0]LogExternalProfiler: Using external profiler: VSPerf
[2018.07.01-10.07.46:140][  0]LogContentStreaming: Texture pool size now 1000 MB
[2018.07.01-10.07.46:326][  0]LogSlate: Took 0.002381 seconds to synchronously load lazily loaded font '../../../Engine/Content/Slate/Fonts/Roboto-Light.ttf' (159K)
[2018.07.01-10.07.46:393][  1]LogAssetRegistry: Asset discovery search completed in 35.5150 seconds
[2018.07.01-10.07.46:395][  1]LogCollectionManager: Rebuilt the object cache for 0 collections in 0.000001 seconds (found 0 objects)
[2018.07.01-10.07.46:395][  1]LogCollectionManager: Fixed up redirectors for 0 collections in 0.000038 seconds (updated 0 objects)
[2018.07.01-10.09.11:380][899]LogTemp: Repeating last play command: Selected Viewport
[2018.07.01-10.09.11:620][899]LogBlueprintUserMessages: Early PlayInEditor Detection: Level '/Game/FirstPersonBP/Maps/Map_Menu.Map_Menu:PersistentLevel' has LevelScriptBlueprint '/Game/FirstPersonBP/Maps/Map_Menu.Map_Menu:PersistentLevel.Map_Menu' with GeneratedClass '/Game/FirstPersonBP/Maps/Map_Menu.Map_Menu_C' with ClassGeneratedBy '/Game/FirstPersonBP/Maps/Map_Menu.Map_Menu:PersistentLevel.Map_Menu'
[2018.07.01-10.09.11:620][899]LogPlayLevel: PlayLevel: No blueprints needed recompiling
[2018.07.01-10.09.11:651][899]PIE: New page: PIE session: Map_Menu (Jul 1, 2018, 2:09:11 PM)
[2018.07.01-10.09.11:651][899]LogPlayLevel: Creating play world package: /Game/FirstPersonBP/Maps/UEDPIE_0_Map_Menu
[2018.07.01-10.09.11:659][899]LogPlayLevel: PIE: StaticDuplicateObject took: (0.008224s)
[2018.07.01-10.09.11:660][899]LogAIModule: Creating AISystem for world Map_Menu
[2018.07.01-10.09.11:660][899]LogPlayLevel: PIE: World Init took: (0.000859s)
[2018.07.01-10.09.11:660][899]LogPlayLevel: PIE: Created PIE world by copying editor world from /Game/FirstPersonBP/Maps/Map_Menu.Map_Menu to /Game/FirstPersonBP/Maps/UEDPIE_0_Map_Menu.Map_Menu (0.009376s)
[2018.07.01-10.09.11:677][899]LogInit: XAudio2 using 'Haut-parleurs (USB PnP Sound Device)' : 2 channels at 44.1 kHz using 16 bits per sample (channel mask 0x3)
[2018.07.01-10.09.11:689][899]LogInit: FAudioDevice initialized.
[2018.07.01-10.09.13:942][899]LogLoad: Game class is 'FirstPersonGameMode_C'
[2018.07.01-10.09.13:948][899]LogWorld: Bringing World /Game/FirstPersonBP/Maps/UEDPIE_0_Map_Menu.Map_Menu up for play (max tick rate 0) at 2018.07.01-12.09.13
[2018.07.01-10.09.13:949][899]LogWorld: Bringing up level for play took: 0.002337
[2018.07.01-10.09.14:067][899]LogContentBrowser: Native class hierarchy updated for 'MovieSceneCapture' in 0.0009 seconds. Added 11 classes and 0 folders.
[2018.07.01-10.09.14:171][899]PIE: Play in editor start time for /Game/FirstPersonBP/Maps/UEDPIE_0_Map_Menu 2.014
[2018.07.01-10.09.14:172][899]LogBlueprintUserMessages: Late PlayInEditor Detection: Level '/Game/FirstPersonBP/Maps/Map_Menu.Map_Menu:PersistentLevel' has LevelScriptBlueprint '/Game/FirstPersonBP/Maps/Map_Menu.Map_Menu:PersistentLevel.Map_Menu' with GeneratedClass '/Game/FirstPersonBP/Maps/Map_Menu.Map_Menu_C' with ClassGeneratedBy '/Game/FirstPersonBP/Maps/Map_Menu.Map_Menu:PersistentLevel.Map_Menu'
[2018.07.01-10.09.33:385][183]LogNet: Browse: /Game/FirstPersonBP/Maps/Menu_Chargement
[2018.07.01-10.09.33:385][183]LogLoad: LoadMap: /Game/FirstPersonBP/Maps/Menu_Chargement
[2018.07.01-10.09.33:413][183]Cmd: MEM
[2018.07.01-10.09.33:448][183]LogMemory: Platform Memory Stats for Windows
[2018.07.01-10.09.33:448][183]LogMemory: Process Physical Memory: 1002.64 MB used, 1178.76 MB peak
[2018.07.01-10.09.33:448][183]LogMemory: Process Virtual Memory: 1274.30 MB used, 1455.04 MB peak
[2018.07.01-10.09.33:448][183]LogMemory: Physical Memory: 4989.39 MB used,  3134.65 MB free, 8124.04 MB total
[2018.07.01-10.09.33:448][183]LogMemory: Virtual Memory: 6284.82 MB used,  3134.65 MB free, 134217728.00 MB total
[2018.07.01-10.09.33:448][183]LogMemory: 
[2018.07.01-10.09.33:448][183]Allocator Stats for TBB: (not implemented)
[2018.07.01-10.09.35:259][183]LogAIModule: Creating AISystem for world Menu_Chargement
[2018.07.01-10.09.35:259][183]LogLoad: Game class is 'FirstPersonGameMode_C'
[2018.07.01-10.09.35:261][183]LogWorld: Bringing World /Game/FirstPersonBP/Maps/UEDPIE_0_Menu_Chargement.Menu_Chargement up for play (max tick rate 0) at 2018.07.01-12.09.35
[2018.07.01-10.09.35:261][183]LogWorld: Bringing up level for play took: 0.001274
[2018.07.01-10.09.35:261][183]LogGameMode: FindPlayerStart: PATHS NOT DEFINED or NO PLAYERSTART with positive rating
[2018.07.01-10.09.35:264][183]LogLevel: Warning: Failed to find streaming level object associated with 'Maison_Voleur'
[2018.07.01-10.09.35:264][183]LogLoad: Took 1.878345 seconds to LoadMap(/Game/FirstPersonBP/Maps/Menu_Chargement)
[2018.07.01-10.09.42:906][ 93]LogNet: Browse: /Game/FirstPersonBP/Maps/Maison_Voleur
[2018.07.01-10.09.42:906][ 93]LogLoad: LoadMap: /Game/FirstPersonBP/Maps/Maison_Voleur
[2018.07.01-10.09.42:949][ 93]Cmd: MEM
[2018.07.01-10.09.42:959][ 93]LogMemory: Platform Memory Stats for Windows
[2018.07.01-10.09.42:959][ 93]LogMemory: Process Physical Memory: 1166.65 MB used, 1240.79 MB peak
[2018.07.01-10.09.42:959][ 93]LogMemory: Process Virtual Memory: 1439.25 MB used, 1556.16 MB peak
[2018.07.01-10.09.42:959][ 93]LogMemory: Physical Memory: 5090.22 MB used,  3033.82 MB free, 8124.04 MB total
[2018.07.01-10.09.42:959][ 93]LogMemory: Virtual Memory: 6474.13 MB used,  3033.82 MB free, 134217728.00 MB total
[2018.07.01-10.09.42:959][ 93]LogMemory: 
[2018.07.01-10.09.42:959][ 93]Allocator Stats for TBB: (not implemented)
[2018.07.01-10.09.55:732][ 93]LogAIModule: Creating AISystem for world Maison_Voleur
[2018.07.01-10.09.55:733][ 93]LogLoad: Game class is 'FirstPersonGameMode_C'
[2018.07.01-10.09.55:775][ 93]LogWorld: Bringing World /Game/FirstPersonBP/Maps/UEDPIE_0_Maison_Voleur.Maison_Voleur up for play (max tick rate 0) at 2018.07.01-12.09.55
[2018.07.01-10.09.55:776][ 93]LogWorld: Bringing up level for play took: 0.042605
[2018.07.01-10.09.55:830][ 93]LogLoad: Took 12.923326 seconds to LoadMap(/Game/FirstPersonBP/Maps/Maison_Voleur)
[2018.07.01-10.09.57:113][212]LogScript: Warning: Accessed None trying to read property CallFunc_GetAnimInstance_ReturnValue
	FirstPersonCharacter_C /Game/FirstPersonBP/Maps/UEDPIE_0_Maison_Voleur.Maison_Voleur:PersistentLevel.FirstPersonCharacter_C_0
	Function /Game/FirstPersonBP/Blueprints/FirstPersonCharacter.FirstPersonCharacter_C:ExecuteUbergraph_FirstPersonCharacter:0053
[2018.07.01-10.09.57:113][212]PIE: Error: Blueprint Runtime Error: Accessed None trying to read property CallFunc_GetAnimInstance_ReturnValue from function: 'ExecuteUbergraph_FirstPersonCharacter' from node: Montage Play in graph: EventGraph in object: FirstPersonCharacter with description: Accessed None trying to read property CallFunc_GetAnimInstance_ReturnValue
[2018.07.01-10.10.05:508][146]LogNet: Browse: /Game/FirstPersonBP/Maps/Menu_Chargement_VoleurMaison
[2018.07.01-10.10.05:508][146]LogLoad: LoadMap: /Game/FirstPersonBP/Maps/Menu_Chargement_VoleurMaison
[2018.07.01-10.10.05:527][146]Cmd: MEM
[2018.07.01-10.10.05:537][146]LogMemory: Platform Memory Stats for Windows
[2018.07.01-10.10.05:537][146]LogMemory: Process Physical Memory: 1392.68 MB used, 1429.69 MB peak
[2018.07.01-10.10.05:537][146]LogMemory: Process Virtual Memory: 1781.13 MB used, 1879.11 MB peak
[2018.07.01-10.10.05:537][146]LogMemory: Physical Memory: 5237.96 MB used,  2886.08 MB free, 8124.04 MB total
[2018.07.01-10.10.05:537][146]LogMemory: Virtual Memory: 6809.88 MB used,  2886.08 MB free, 134217728.00 MB total
[2018.07.01-10.10.05:537][146]LogMemory: 
[2018.07.01-10.10.05:537][146]Allocator Stats for TBB: (not implemented)
[2018.07.01-10.10.05:559][146]LogAIModule: Creating AISystem for world Menu_Chargement_VoleurMaison
[2018.07.01-10.10.05:560][146]LogLoad: Game class is 'FirstPersonGameMode_C'
[2018.07.01-10.10.05:561][146]LogWorld: Bringing World /Game/FirstPersonBP/Maps/UEDPIE_0_Menu_Chargement_VoleurMaison.Menu_Chargement_VoleurMaison up for play (max tick rate 0) at 2018.07.01-12.10.05
[2018.07.01-10.10.05:561][146]LogWorld: Bringing up level for play took: 0.001144
[2018.07.01-10.10.05:562][146]LogGameMode: FindPlayerStart: PATHS NOT DEFINED or NO PLAYERSTART with positive rating
[2018.07.01-10.10.05:564][146]LogLevel: Warning: Failed to find streaming level object associated with 'Maison_Voleur_Intérieur'
[2018.07.01-10.10.05:564][146]LogLoad: Took 0.054726 seconds to LoadMap(/Game/FirstPersonBP/Maps/Menu_Chargement_VoleurMaison)
[2018.07.01-10.10.13:524][101]LogNet: Browse: /Game/FirstPersonBP/Maps/Maison_Voleur_Intérieur
[2018.07.01-10.10.13:524][101]LogLoad: LoadMap: /Game/FirstPersonBP/Maps/Maison_Voleur_Intérieur
[2018.07.01-10.10.13:536][101]Cmd: MEM
[2018.07.01-10.10.13:546][101]LogMemory: Platform Memory Stats for Windows
[2018.07.01-10.10.13:546][101]LogMemory: Process Physical Memory: 1392.26 MB used, 1429.69 MB peak
[2018.07.01-10.10.13:546][101]LogMemory: Process Virtual Memory: 1780.21 MB used, 1879.11 MB peak
[2018.07.01-10.10.13:546][101]LogMemory: Physical Memory: 5228.15 MB used,  2895.89 MB free, 8124.04 MB total
[2018.07.01-10.10.13:546][101]LogMemory: Virtual Memory: 6817.88 MB used,  2895.89 MB free, 134217728.00 MB total
[2018.07.01-10.10.13:546][101]LogMemory: 
[2018.07.01-10.10.13:546][101]Allocator Stats for TBB: (not implemented)
[2018.07.01-10.10.31:639][101]LogAIModule: Creating AISystem for world Maison_Voleur_Intérieur
[2018.07.01-10.10.31:640][101]LogLoad: Game class is 'FirstPersonGameMode_C'
[2018.07.01-10.10.31:649][101]LogWorld: Bringing World /Game/FirstPersonBP/Maps/UEDPIE_0_Maison_Voleur_Intérieur.Maison_Voleur_Intérieur up for play (max tick rate 0) at 2018.07.01-12.10.31
[2018.07.01-10.10.31:649][101]LogWorld: Bringing up level for play took: 0.008292
[2018.07.01-10.10.31:651][101]LogLoad: Took 18.127637 seconds to LoadMap(/Game/FirstPersonBP/Maps/Maison_Voleur_Intérieur)
[2018.07.01-10.10.43:146][417]LogBlueprintUserMessages: Early EndPlayMap Detection: Level '/Game/FirstPersonBP/Maps/Map_Menu.Map_Menu:PersistentLevel' has LevelScriptBlueprint '/Game/FirstPersonBP/Maps/Map_Menu.Map_Menu:PersistentLevel.Map_Menu' with GeneratedClass '/Game/FirstPersonBP/Maps/Map_Menu.Map_Menu_C' with ClassGeneratedBy '/Game/FirstPersonBP/Maps/Map_Menu.Map_Menu:PersistentLevel.Map_Menu'
[2018.07.01-10.10.43:217][417]LogBlueprintUserMessages: Late EndPlayMap Detection: Level '/Game/FirstPersonBP/Maps/Map_Menu.Map_Menu:PersistentLevel' has LevelScriptBlueprint '/Game/FirstPersonBP/Maps/Map_Menu.Map_Menu:PersistentLevel.Map_Menu' with GeneratedClass '/Game/FirstPersonBP/Maps/Map_Menu.Map_Menu_C' with ClassGeneratedBy '/Game/FirstPersonBP/Maps/Map_Menu.Map_Menu:PersistentLevel.Map_Menu'
[2018.07.01-10.10.49:847][165]LogWindowsTextInputMethodSystem: Display: IME system now deactivated.
[2018.07.01-10.10.50:163][166]Cmd: QUIT_EDITOR
[2018.07.01-10.10.50:936][166]LogExit: Preparing to exit.
[2018.07.01-10.10.51:456][166]LogDirectoryWatcher: A directory notification for 'C:/Users/Christian/Documents/Unreal Projects/OT_Game/Content/' was aborted.
[2018.07.01-10.10.51:511][166]LogExit: Editor shut down
[2018.07.01-10.10.51:516][166]LogExit: Transaction tracking system shut down
[2018.07.01-10.10.51:728][166]LogDirectoryWatcher: A directory notification for '../../../Engine/Content/' was aborted.
[2018.07.01-10.10.51:728][166]LogDirectoryWatcher: A directory notification for '../../../../../../Users/Christian/Documents/Unreal Projects/OT_Game/Content/' was aborted.
[2018.07.01-10.10.51:729][166]LogDirectoryWatcher: A directory notification for '../../../Engine/Plugins/2D/Paper2D/Content/' was aborted.
[2018.07.01-10.10.51:729][166]LogDirectoryWatcher: A directory notification for '../../../Engine/Plugins/Runtime/Oculus/OculusVR/Content/' was aborted.
[2018.07.01-10.10.51:729][166]LogDirectoryWatcher: A directory notification for '../../../Engine/Plugins/Runtime/Steam/SteamVR/Content/' was aborted.
[2018.07.01-10.10.52:077][166]LogExit: Object subsystem successfully closed.
[2018.07.01-10.10.52:128][166]LogD3D11RHI: Shutdown
[2018.07.01-10.10.52:128][166]LogD3D11RHI: CleanupD3DDevice
[2018.07.01-10.10.52:222][166]LogD3D11RHI: ~FD3D11DynamicRHI
[2018.07.01-10.10.52:313][166]LogModuleManager: Shutting down and abandoning module MovieSceneCapture (532)
[2018.07.01-10.10.52:313][166]LogModuleManager: Shutting down and abandoning module HierarchicalLODOutliner (530)
[2018.07.01-10.10.52:313][166]LogModuleManager: Shutting down and abandoning module SceneOutliner (528)
[2018.07.01-10.10.52:314][166]LogModuleManager: Shutting down and abandoning module AddContentDialog (526)
[2018.07.01-10.10.52:318][166]LogDirectoryWatcher: A directory notification for 'C:/Program Files/Epic Games/UE_4.17/FeaturePacks/' was aborted.
[2018.07.01-10.10.52:321][166]LogModuleManager: Shutting down and abandoning module WidgetCarousel (525)
[2018.07.01-10.10.52:321][166]LogModuleManager: Shutting down and abandoning module EditorWidgets (522)
[2018.07.01-10.10.52:321][166]LogModuleManager: Shutting down and abandoning module CollectionManager (520)
[2018.07.01-10.10.52:321][166]LogDirectoryWatcher: A directory notification for 'C:/Users/Christian/Documents/Unreal Projects/OT_Game/Content/Collections/' was aborted.
[2018.07.01-10.10.52:321][166]LogDirectoryWatcher: A directory notification for 'C:/Users/Christian/Documents/Unreal Projects/OT_Game/Content/Developers/Christian/Collections/' was aborted.
[2018.07.01-10.10.52:321][166]LogDirectoryWatcher: A directory notification for 'C:/Users/Christian/Documents/Unreal Projects/OT_Game/Saved/Collections/' was aborted.
[2018.07.01-10.10.52:321][166]LogModuleManager: Shutting down and abandoning module StatsViewer (518)
[2018.07.01-10.10.52:322][166]LogModuleManager: Shutting down and abandoning module FoliageEdit (516)
[2018.07.01-10.10.52:322][166]LogModuleManager: Shutting down and abandoning module LandscapeEditor (514)
[2018.07.01-10.10.52:336][166]LogModuleManager: Shutting down and abandoning module MeshPaintMode (512)
[2018.07.01-10.10.52:336][166]LogModuleManager: Shutting down and abandoning module SceneDepthPickerMode (510)
[2018.07.01-10.10.52:336][166]LogModuleManager: Shutting down and abandoning module ActorPickerMode (508)
[2018.07.01-10.10.52:336][166]LogModuleManager: Shutting down and abandoning module GeometryMode (506)
[2018.07.01-10.10.52:336][166]LogModuleManager: Shutting down and abandoning module TextureAlignMode (504)
[2018.07.01-10.10.52:336][166]LogModuleManager: Shutting down and abandoning module BspMode (502)
[2018.07.01-10.10.52:337][166]LogModuleManager: Shutting down and abandoning module PIEPreviewDeviceProfileSelector (500)
[2018.07.01-10.10.52:337][166]LogModuleManager: Shutting down and abandoning module HardwareSurvey (498)
[2018.07.01-10.10.52:337][166]LogModuleManager: Shutting down and abandoning module SequenceRecorderSections (496)
[2018.07.01-10.10.52:337][166]LogModuleManager: Shutting down and abandoning module AutomationWorker (494)
[2018.07.01-10.10.52:338][166]LogModuleManager: Shutting down and abandoning module MatineeToLevelSequence (492)
[2018.07.01-10.10.52:339][166]LogModuleManager: Shutting down and abandoning module LevelSequenceEditor (490)
[2018.07.01-10.10.52:343][166]LogModuleManager: Shutting down and abandoning module PlacementMode (489)
[2018.07.01-10.10.52:343][166]LogModuleManager: Shutting down and abandoning module WmfMediaFactory (486)
[2018.07.01-10.10.52:343][166]LogModuleManager: Shutting down and abandoning module WmfMediaEditor (484)
[2018.07.01-10.10.52:343][166]LogModuleManager: Shutting down and abandoning module AvfMediaFactory (482)
[2018.07.01-10.10.52:343][166]LogModuleManager: Shutting down and abandoning module AvfMediaEditor (480)
[2018.07.01-10.10.52:343][166]LogModuleManager: Shutting down and abandoning module AndroidMediaFactory (478)
[2018.07.01-10.10.52:343][166]LogModuleManager: Shutting down and abandoning module Media (477)
[2018.07.01-10.10.52:343][166]LogModuleManager: Shutting down and abandoning module AndroidMediaEditor (474)
[2018.07.01-10.10.52:343][166]LogModuleManager: Shutting down and abandoning module CharacterAI (472)
[2018.07.01-10.10.52:343][166]LogModuleManager: Shutting down and abandoning module AudioCapture (470)
[2018.07.01-10.10.52:343][166]LogModuleManager: Shutting down and abandoning module SequenceRecorder (469)
[2018.07.01-10.10.52:344][166]LogModuleManager: Shutting down and abandoning module SmartSnapping (466)
[2018.07.01-10.10.52:344][166]LogModuleManager: Shutting down and abandoning module SessionServices (464)
[2018.07.01-10.10.52:344][166]LogModuleManager: Shutting down and abandoning module ViewportSnapping (462)
[2018.07.01-10.10.52:344][166]LogModuleManager: Shutting down and abandoning module ViewportInteraction (460)
[2018.07.01-10.10.52:344][166]LogModuleManager: Shutting down and abandoning module ClothPainter (458)
[2018.07.01-10.10.52:347][166]LogModuleManager: Shutting down and abandoning module LogVisualizer (456)
[2018.07.01-10.10.52:348][166]LogModuleManager: Shutting down and abandoning module IntroTutorials (454)
[2018.07.01-10.10.52:352][166]LogModuleManager: Shutting down and abandoning module GameProjectGeneration (453)
[2018.07.01-10.10.52:355][166]LogModuleManager: Shutting down and abandoning module IOSPlatformEditor (450)
[2018.07.01-10.10.52:355][166]LogModuleManager: Shutting down and abandoning module HTML5PlatformEditor (448)
[2018.07.01-10.10.52:355][166]LogModuleManager: Shutting down and abandoning module AndroidPlatformEditor (446)
[2018.07.01-10.10.52:355][166]LogModuleManager: Shutting down and abandoning module AndroidDeviceDetection (445)
[2018.07.01-10.10.52:489][166]LogModuleManager: Shutting down and abandoning module WindowsPlatformEditor (442)
[2018.07.01-10.10.52:489][166]LogModuleManager: Shutting down and abandoning module IOSRuntimeSettings (440)
[2018.07.01-10.10.52:489][166]LogModuleManager: Shutting down and abandoning module AndroidRuntimeSettings (438)
[2018.07.01-10.10.52:489][166]LogModuleManager: Shutting down and abandoning module InputBindingEditor (436)
[2018.07.01-10.10.52:490][166]LogModuleManager: Shutting down and abandoning module MergeActors (434)
[2018.07.01-10.10.52:491][166]LogModuleManager: Shutting down and abandoning module SizeMap (432)
[2018.07.01-10.10.52:491][166]LogModuleManager: Shutting down and abandoning module TreeMap (430)
[2018.07.01-10.10.52:492][166]LogModuleManager: Shutting down and abandoning module ReferenceViewer (428)
[2018.07.01-10.10.52:492][166]LogModuleManager: Shutting down and abandoning module LocalizationDashboard (426)
[2018.07.01-10.10.52:493][166]LogModuleManager: Shutting down and abandoning module LocalizationService (425)
[2018.07.01-10.10.52:494][166]LogModuleManager: Shutting down and abandoning module HardwareTargeting (422)
[2018.07.01-10.10.52:494][166]LogModuleManager: Shutting down and abandoning module DeviceProfileEditor (420)
[2018.07.01-10.10.52:494][166]LogModuleManager: Shutting down and abandoning module UndoHistory (418)
[2018.07.01-10.10.52:494][166]LogModuleManager: Shutting down and abandoning module XmlParser (416)
[2018.07.01-10.10.52:495][166]LogModuleManager: Shutting down and abandoning module Blutility (414)
[2018.07.01-10.10.52:495][166]LogModuleManager: Shutting down and abandoning module ProjectSettingsViewer (412)
[2018.07.01-10.10.52:495][166]LogModuleManager: Shutting down and abandoning module ProjectTargetPlatformEditor (411)
[2018.07.01-10.10.52:495][166]LogModuleManager: Shutting down and abandoning module EditorSettingsViewer (408)
[2018.07.01-10.10.52:495][166]LogModuleManager: Shutting down and abandoning module SettingsEditor (406)
[2018.07.01-10.10.52:497][166]LogModuleManager: Shutting down and abandoning module ProjectLauncher (404)
[2018.07.01-10.10.52:497][166]LogModuleManager: Shutting down and abandoning module SessionFrontend (402)
[2018.07.01-10.10.52:498][166]LogModuleManager: Shutting down and abandoning module ProfilerClient (400)
[2018.07.01-10.10.52:498][166]LogModuleManager: Shutting down and abandoning module DeviceManager (398)
[2018.07.01-10.10.52:499][166]LogModuleManager: Shutting down and abandoning module TargetDeviceServices (397)
[2018.07.01-10.10.52:566][166]LogModuleManager: Shutting down and abandoning module AutomationController (394)
[2018.07.01-10.10.52:567][166]LogModuleManager: Shutting down and abandoning module AutomationWindow (392)
[2018.07.01-10.10.52:570][166]LogModuleManager: Shutting down and abandoning module Layers (390)
[2018.07.01-10.10.52:573][166]LogModuleManager: Shutting down and abandoning module ComponentVisualizers (388)
[2018.07.01-10.10.52:573][166]LogModuleManager: Shutting down and abandoning module DetailCustomizations (386)
[2018.07.01-10.10.52:574][166]LogModuleManager: Shutting down and abandoning module PackagesDialog (384)
[2018.07.01-10.10.52:575][166]LogModuleManager: Shutting down and abandoning module Persona (382)
[2018.07.01-10.10.52:586][166]LogModuleManager: Shutting down and abandoning module AdvancedPreviewScene (381)
[2018.07.01-10.10.52:586][166]LogModuleManager: Shutting down and abandoning module AnimGraph (379)
[2018.07.01-10.10.52:587][166]LogModuleManager: Shutting down and abandoning module Kismet (376)
[2018.07.01-10.10.52:587][166]LogModuleManager: Shutting down and abandoning module ClassViewer (374)
[2018.07.01-10.10.52:587][166]LogModuleManager: Shutting down and abandoning module Toolbox (372)
[2018.07.01-10.10.52:587][166]LogModuleManager: Shutting down and abandoning module ModuleUI (370)
[2018.07.01-10.10.52:589][166]LogModuleManager: Shutting down and abandoning module MovieSceneTools (368)
[2018.07.01-10.10.52:596][166]LogModuleManager: Shutting down and abandoning module OutputLog (366)
[2018.07.01-10.10.52:597][166]LogModuleManager: Shutting down and abandoning module GammaUI (364)
[2018.07.01-10.10.52:597][166]LogModuleManager: Shutting down and abandoning module Documentation (362)
[2018.07.01-10.10.52:597][166]LogModuleManager: Shutting down and abandoning module MovieSceneTracks (360)
[2018.07.01-10.10.52:597][166]LogModuleManager: Shutting down and abandoning module MovieScene (358)
[2018.07.01-10.10.52:598][166]LogModuleManager: Shutting down and abandoning module Niagara (356)
[2018.07.01-10.10.52:598][166]LogModuleManager: Shutting down and abandoning module NiagaraEditor (355)
[2018.07.01-10.10.52:600][166]LogModuleManager: Shutting down and abandoning module StreamingPauseRendering (352)
[2018.07.01-10.10.52:600][166]LogModuleManager: Shutting down and abandoning module LauncherPlatform (350)
[2018.07.01-10.10.52:600][166]LogModuleManager: Shutting down and abandoning module AnalyticsET (348)
[2018.07.01-10.10.52:600][166]LogModuleManager: Shutting down and abandoning module PortalServices (346)
[2018.07.01-10.10.52:600][166]LogModuleManager: Shutting down and abandoning module PortalRpc (344)
[2018.07.01-10.10.52:600][166]LogModuleManager: Shutting down and abandoning module MessagingRpc (342)
[2018.07.01-10.10.52:600][166]LogModuleManager: Shutting down and abandoning module AIModule (340)
[2018.07.01-10.10.52:600][166]LogModuleManager: Shutting down and abandoning module GameplayDebugger (339)
[2018.07.01-10.10.52:600][166]LogModuleManager: Shutting down and abandoning module AITestSuite (337)
[2018.07.01-10.10.52:601][166]LogModuleManager: Shutting down and abandoning module ProfilerService (334)
[2018.07.01-10.10.52:819][166]LogModuleManager: Shutting down and abandoning module TaskGraph (332)
[2018.07.01-10.10.52:821][166]LogModuleManager: Shutting down and abandoning module SteamVRController (330)
[2018.07.01-10.10.52:821][166]LogModuleManager: Shutting down and abandoning module ProceduralMeshComponentEditor (328)
[2018.07.01-10.10.52:821][166]LogModuleManager: Shutting down and abandoning module ProceduralMeshComponent (326)
[2018.07.01-10.10.52:821][166]LogModuleManager: Shutting down and abandoning module OculusInput (324)
[2018.07.01-10.10.52:821][166]LogModuleManager: Shutting down and abandoning module MobilePatchingUtils (322)
[2018.07.01-10.10.52:821][166]LogModuleManager: Shutting down and abandoning module CustomMeshComponent (320)
[2018.07.01-10.10.52:821][166]LogModuleManager: Shutting down and abandoning module CableComponent (318)
[2018.07.01-10.10.52:822][166]LogModuleManager: Shutting down and abandoning module ArchVisCharacter (316)
[2018.07.01-10.10.52:822][166]LogModuleManager: Shutting down and abandoning module AndroidPermission (314)
[2018.07.01-10.10.52:822][166]LogModuleManager: Shutting down and abandoning module MediaPlayerEditor (310)
[2018.07.01-10.10.52:825][166]LogModuleManager: Shutting down and abandoning module HTML5Networking (308)
[2018.07.01-10.10.52:825][166]LogModuleManager: Shutting down and abandoning module AlembicImporter (306)
[2018.07.01-10.10.52:826][166]LogModuleManager: Shutting down and abandoning module AlembicLibrary (305)
[2018.07.01-10.10.52:826][166]LogModuleManager: Shutting down and abandoning module GeometryCache (304)
[2018.07.01-10.10.52:826][166]LogModuleManager: Shutting down and abandoning module GeometryCacheEd (303)
[2018.07.01-10.10.52:826][166]LogModuleManager: Shutting down and abandoning module SpeedTreeImporter (298)
[2018.07.01-10.10.52:826][166]LogModuleManager: Shutting down and abandoning module PluginBrowser (296)
[2018.07.01-10.10.52:828][166]LogModuleManager: Shutting down and abandoning module MobileLauncherProfileWizard (294)
[2018.07.01-10.10.52:829][166]LogModuleManager: Shutting down and abandoning module VisualStudioSourceCodeAccess (292)
[2018.07.01-10.10.52:829][166]LogModuleManager: Shutting down and abandoning module DesktopPlatform (291)
[2018.07.01-10.10.52:830][166]LogModuleManager: Shutting down and abandoning module UObjectPlugin (288)
[2018.07.01-10.10.52:830][166]LogModuleManager: Shutting down and abandoning module SubversionSourceControl (286)
[2018.07.01-10.10.52:831][166]LogModuleManager: Shutting down and abandoning module PerforceSourceControl (284)
[2018.07.01-10.10.52:833][166]LogModuleManager: Shutting down and abandoning module GitSourceControl (282)
[2018.07.01-10.10.52:834][166]LogModuleManager: Shutting down and abandoning module SourceControl (281)
[2018.07.01-10.10.52:835][166]LogModuleManager: Shutting down and abandoning module LightPropagationVolumeEditor (278)
[2018.07.01-10.10.52:835][166]LogModuleManager: Shutting down and abandoning module PaperTiledImporter (276)
[2018.07.01-10.10.52:835][166]LogModuleManager: Shutting down and abandoning module PaperSpriteSheetImporter (274)
[2018.07.01-10.10.52:835][166]LogModuleManager: Shutting down and abandoning module Paper2DEditor (272)
[2018.07.01-10.10.52:836][166]LogModuleManager: Shutting down and abandoning module MeshPaint (271)
[2018.07.01-10.10.52:837][166]LogModuleManager: Shutting down and abandoning module LevelEditor (269)
[2018.07.01-10.10.52:838][166]LogModuleManager: Shutting down and abandoning module PixelInspectorModule (268)
[2018.07.01-10.10.52:839][166]LogModuleManager: Shutting down and abandoning module MainFrame (266)
[2018.07.01-10.10.52:839][166]LogModuleManager: Shutting down and abandoning module HotReload (265)
[2018.07.01-10.10.52:840][166]LogModuleManager: Shutting down and abandoning module RuntimePhysXCooking (260)
[2018.07.01-10.10.52:840][166]LogModuleManager: Shutting down and abandoning module PhysXVehiclesEditor (258)
[2018.07.01-10.10.52:840][166]LogModuleManager: Shutting down and abandoning module PhysXVehicles (256)
[2018.07.01-10.10.52:840][166]LogModuleManager: Shutting down and abandoning module OculusEditor (254)
[2018.07.01-10.10.52:840][166]LogModuleManager: Shutting down and abandoning module LocationServicesBPLibrary (252)
[2018.07.01-10.10.52:840][166]LogModuleManager: Shutting down and abandoning module ImmediatePhysicsEditor (250)
[2018.07.01-10.10.52:840][166]LogModuleManager: Shutting down and abandoning module ImmediatePhysics (248)
[2018.07.01-10.10.52:840][166]LogModuleManager: Shutting down and abandoning module UdpMessaging (246)
[2018.07.01-10.10.52:942][166]LogModuleManager: Shutting down and abandoning module TcpMessaging (244)
[2018.07.01-10.10.53:043][166]LogModuleManager: Shutting down and abandoning module GameplayTagsEditor (242)
[2018.07.01-10.10.53:045][166]LogModuleManager: Shutting down and abandoning module FacialAnimationEditor (240)
[2018.07.01-10.10.53:045][166]LogModuleManager: Shutting down and abandoning module FacialAnimation (238)
[2018.07.01-10.10.53:045][166]LogModuleManager: Shutting down and abandoning module AssetManagerEditor (236)
[2018.07.01-10.10.53:047][166]LogModuleManager: Shutting down and abandoning module GraphEditor (235)
[2018.07.01-10.10.53:053][166]LogModuleManager: Shutting down and abandoning module ContentBrowser (233)
[2018.07.01-10.10.53:054][166]LogModuleManager: Shutting down and abandoning module LightPropagationVolumeRuntime (230)
[2018.07.01-10.10.53:054][166]LogModuleManager: Shutting down and abandoning module Paper2D (228)
[2018.07.01-10.10.53:054][166]LogModuleManager: Shutting down and abandoning module WindowsMoviePlayer (226)
[2018.07.01-10.10.53:055][166]LogModuleManager: Shutting down and abandoning module WmfMedia (224)
[2018.07.01-10.10.53:057][166]LogModuleManager: Shutting down and abandoning module PacketHandler (222)
[2018.07.01-10.10.53:057][166]LogModuleManager: Shutting down and abandoning module ClothingSystemEditor (220)
[2018.07.01-10.10.53:058][166]LogModuleManager: Shutting down and abandoning module ClothingSystemRuntime (218)
[2018.07.01-10.10.53:059][166]LogModuleManager: Shutting down and abandoning module Overlay (216)
[2018.07.01-10.10.53:059][166]LogModuleManager: Shutting down and abandoning module OverlayEditor (215)
[2018.07.01-10.10.53:059][166]LogModuleManager: Shutting down and abandoning module MediaAssets (212)
[2018.07.01-10.10.53:059][166]LogModuleManager: Shutting down and abandoning module VREditor (210)
[2018.07.01-10.10.53:060][166]LogModuleManager: Shutting down and abandoning module StringTableEditor (208)
[2018.07.01-10.10.53:061][166]LogModuleManager: Shutting down and abandoning module GameplayTasksEditor (206)
[2018.07.01-10.10.53:061][166]LogModuleManager: Shutting down and abandoning module BehaviorTreeEditor (204)
[2018.07.01-10.10.53:064][166]LogModuleManager: Shutting down and abandoning module FunctionalTesting (202)
[2018.07.01-10.10.53:064][166]LogModuleManager: Shutting down and abandoning module CollisionAnalyzer (200)
[2018.07.01-10.10.53:065][166]LogModuleManager: Shutting down and abandoning module WorkspaceMenuStructure (199)
[2018.07.01-10.10.53:066][166]LogModuleManager: Shutting down and abandoning module UMG (196)
[2018.07.01-10.10.53:066][166]LogModuleManager: Shutting down and abandoning module UMGEditor (195)
[2018.07.01-10.10.53:068][166]LogModuleManager: Shutting down and abandoning module Sequencer (194)
[2018.07.01-10.10.53:069][166]LogModuleManager: Shutting down and abandoning module MessageLog (191)
[2018.07.01-10.10.53:069][166]LogModuleManager: Shutting down and abandoning module SlateReflector (186)
[2018.07.01-10.10.53:073][166]LogModuleManager: Shutting down and abandoning module Slate (184)
[2018.07.01-10.10.53:073][166]LogModuleManager: Shutting down and abandoning module EditorStyle (182)
[2018.07.01-10.10.53:077][166]LogModuleManager: Shutting down and abandoning module MRMesh (180)
[2018.07.01-10.10.53:077][166]LogModuleManager: Shutting down and abandoning module SourceCodeAccess (178)
[2018.07.01-10.10.53:077][166]LogModuleManager: Shutting down and abandoning module HeadMountedDisplay (176)
[2018.07.01-10.10.53:077][166]LogModuleManager: Shutting down and abandoning module XAudio2 (174)
[2018.07.01-10.10.53:077][166]LogModuleManager: Shutting down and abandoning module Networking (172)
[2018.07.01-10.10.53:077][166]LogModuleManager: Shutting down and abandoning module Core (168)
[2018.07.01-10.10.53:077][166]LogModuleManager: Shutting down and abandoning module KismetCompiler (164)
[2018.07.01-10.10.53:077][166]LogModuleManager: Shutting down and abandoning module LevelSequence (162)
[2018.07.01-10.10.53:077][166]LogModuleManager: Shutting down and abandoning module MeshUtilities (160)
[2018.07.01-10.10.53:079][166]LogModuleManager: Shutting down and abandoning module MeshMergeUtilities (159)
[2018.07.01-10.10.53:081][166]LogModuleManager: Shutting down and abandoning module MeshReductionInterface (158)
[2018.07.01-10.10.53:081][166]LogModuleManager: Shutting down and abandoning module SimplygonSwarm (157)
[2018.07.01-10.10.53:081][166]LogModuleManager: Shutting down and abandoning module SimplygonMeshReduction (155)
[2018.07.01-10.10.53:081][166]LogModuleManager: Shutting down and abandoning module QuadricMeshReduction (153)
[2018.07.01-10.10.53:083][166]LogModuleManager: Shutting down and abandoning module MaterialBaking (149)
[2018.07.01-10.10.53:083][166]LogModuleManager: Shutting down and abandoning module DirectoryWatcher (146)
[2018.07.01-10.10.53:085][166]LogModuleManager: Shutting down and abandoning module DerivedDataCache (144)
[2018.07.01-10.10.53:123][166]LogDerivedDataCache: Shutdown
[2018.07.01-10.10.53:124][166]LogModuleManager: Shutting down and abandoning module TargetPlatform (142)
[2018.07.01-10.10.53:124][166]LogModuleManager: Shutting down and abandoning module VulkanShaderFormat (141)
[2018.07.01-10.10.53:125][166]LogModuleManager: Shutting down and abandoning module ShaderFormatVectorVM (139)
[2018.07.01-10.10.53:125][166]LogModuleManager: Shutting down and abandoning module ShaderFormatOpenGL (137)
[2018.07.01-10.10.53:126][166]LogModuleManager: Shutting down and abandoning module ShaderFormatD3D (135)
[2018.07.01-10.10.53:127][166]LogModuleManager: Shutting down and abandoning module MetalShaderFormat (133)
[2018.07.01-10.10.53:128][166]LogModuleManager: Shutting down and abandoning module TextureFormatUncompressed (131)
[2018.07.01-10.10.53:128][166]LogModuleManager: Shutting down and abandoning module TextureFormatPVR (129)
[2018.07.01-10.10.53:128][166]LogModuleManager: Shutting down and abandoning module TextureFormatDXT (127)
[2018.07.01-10.10.53:128][166]LogModuleManager: Shutting down and abandoning module TextureFormatIntelISPCTexComp (125)
[2018.07.01-10.10.53:129][166]LogModuleManager: Shutting down and abandoning module TextureFormatASTC (123)
[2018.07.01-10.10.53:129][166]LogModuleManager: Shutting down and abandoning module ImageWrapper (122)
[2018.07.01-10.10.53:129][166]LogModuleManager: Shutting down and abandoning module TextureFormatAndroid (119)
[2018.07.01-10.10.53:129][166]LogModuleManager: Shutting down and abandoning module AudioFormatOpus (117)
[2018.07.01-10.10.53:129][166]LogModuleManager: Shutting down and abandoning module AudioFormatOgg (115)
[2018.07.01-10.10.53:129][166]LogModuleManager: Shutting down and abandoning module AudioFormatADPCM (113)
[2018.07.01-10.10.53:129][166]LogModuleManager: Shutting down and abandoning module LinuxTargetPlatform (111)
[2018.07.01-10.10.53:129][166]LogModuleManager: Shutting down and abandoning module LinuxServerTargetPlatform (109)
[2018.07.01-10.10.53:129][166]LogModuleManager: Shutting down and abandoning module LinuxNoEditorTargetPlatform (107)
[2018.07.01-10.10.53:129][166]LogModuleManager: Shutting down and abandoning module LinuxClientTargetPlatform (105)
[2018.07.01-10.10.53:129][166]LogModuleManager: Shutting down and abandoning module TVOSTargetPlatform (103)
[2018.07.01-10.10.53:129][166]LogModuleManager: Shutting down and abandoning module Messaging (101)
[2018.07.01-10.10.53:129][166]LogModuleManager: Shutting down and abandoning module IOSTargetPlatform (99)
[2018.07.01-10.10.53:129][166]LogModuleManager: Shutting down and abandoning module HTML5TargetPlatform (97)
[2018.07.01-10.10.53:129][166]LogModuleManager: Shutting down and abandoning module Android_PVRTCTargetPlatform (95)
[2018.07.01-10.10.53:129][166]LogModuleManager: Shutting down and abandoning module Android_MultiTargetPlatform (93)
[2018.07.01-10.10.53:129][166]LogModuleManager: Shutting down and abandoning module Android_ETC2TargetPlatform (91)
[2018.07.01-10.10.53:129][166]LogModuleManager: Shutting down and abandoning module Android_ETC1TargetPlatform (89)
[2018.07.01-10.10.53:129][166]LogModuleManager: Shutting down and abandoning module Android_DXTTargetPlatform (87)
[2018.07.01-10.10.53:129][166]LogModuleManager: Shutting down and abandoning module Android_ATCTargetPlatform (85)
[2018.07.01-10.10.53:129][166]LogModuleManager: Shutting down and abandoning module Android_ASTCTargetPlatform (83)
[2018.07.01-10.10.53:129][166]LogModuleManager: Shutting down and abandoning module AndroidTargetPlatform (81)
[2018.07.01-10.10.53:129][166]LogModuleManager: Shutting down and abandoning module WindowsTargetPlatform (79)
[2018.07.01-10.10.53:129][166]LogModuleManager: Shutting down and abandoning module WindowsServerTargetPlatform (77)
[2018.07.01-10.10.53:129][166]LogModuleManager: Shutting down and abandoning module WindowsNoEditorTargetPlatform (75)
[2018.07.01-10.10.53:129][166]LogModuleManager: Shutting down and abandoning module WindowsClientTargetPlatform (73)
[2018.07.01-10.10.53:130][166]LogModuleManager: Shutting down and abandoning module MacTargetPlatform (71)
[2018.07.01-10.10.53:130][166]LogModuleManager: Shutting down and abandoning module MacServerTargetPlatform (69)
[2018.07.01-10.10.53:130][166]LogModuleManager: Shutting down and abandoning module MacNoEditorTargetPlatform (67)
[2018.07.01-10.10.53:130][166]LogModuleManager: Shutting down and abandoning module MacClientTargetPlatform (65)
[2018.07.01-10.10.53:130][166]LogModuleManager: Shutting down and abandoning module AllDesktopTargetPlatform (63)
[2018.07.01-10.10.53:130][166]LogModuleManager: Shutting down and abandoning module InputCore (60)
[2018.07.01-10.10.53:130][166]LogModuleManager: Shutting down and abandoning module Settings (58)
[2018.07.01-10.10.53:130][166]LogModuleManager: Shutting down and abandoning module PhysXCooking (56)
[2018.07.01-10.10.53:130][166]LogModuleManager: Shutting down and abandoning module SteamVR (54)
[2018.07.01-10.10.53:130][166]LogModuleManager: Shutting down and abandoning module OculusHMD (52)
[2018.07.01-10.10.53:130][166]LogModuleManager: Shutting down and abandoning module ExampleDeviceProfileSelector (50)
[2018.07.01-10.10.53:130][166]LogModuleManager: Shutting down and abandoning module OnlineBlueprintSupport (48)
[2018.07.01-10.10.53:130][166]LogModuleManager: Shutting down and abandoning module OnlineSubsystem (44)
[2018.07.01-10.10.53:130][166]LogOnline: Display: Unloading online subsystem: NULL
[2018.07.01-10.10.53:132][166]LogModuleManager: Shutting down and abandoning module XMPP (43)
[2018.07.01-10.10.53:134][166]LogModuleManager: Shutting down and abandoning module HTTP (41)
[2018.07.01-10.10.53:134][166]LogHttp: Display: Http module shutting down, but needs to wait on 1 outstanding Http requests:
[2018.07.01-10.10.53:134][166]LogHttp: Display: 	verb=[POST] url=[https://datarouter.ol.epicgames.com/datarouter/api/v1/public/data?SessionID=%7B7A37AEBA-4CE9-BE7A-937B-4EA833C3D349%7D&AppID=UEEditor.Rocket.Release&AppVersion=4.17.2-3658906%2B%2B%2BUE4%2BRelease-4.17&UserID=bb82afc44070a11c70b05285674ea781%7C9dfe31981c974b5d9cf78833bf150792%7Cc14af8fa-2582-4105-82f9-ab8c7ce3cf88&AppEnvironment=datacollector-binary&UploadType=eteventstream] status=Processing
[2018.07.01-10.10.53:165][166]LogModuleManager: Shutting down and abandoning module SSL (40)
[2018.07.01-10.10.53:167][166]LogModuleManager: Shutting down and abandoning module AnimationModifiers (36)
[2018.07.01-10.10.53:168][166]LogModuleManager: Shutting down and abandoning module PropertyEditor (35)
[2018.07.01-10.10.53:168][166]LogModuleManager: Shutting down and abandoning module AudioEditor (32)
[2018.07.01-10.10.53:170][166]LogModuleManager: Shutting down and abandoning module TextureCompressor (30)
[2018.07.01-10.10.53:171][166]LogModuleManager: Shutting down and abandoning module ShaderCore (28)
[2018.07.01-10.10.53:171][166]LogModuleManager: Shutting down and abandoning module Landscape (26)
[2018.07.01-10.10.53:171][166]LogModuleManager: Shutting down and abandoning module SlateRHIRenderer (24)
[2018.07.01-10.10.53:173][166]LogModuleManager: Shutting down and abandoning module OpenGLDrv (22)
[2018.07.01-10.10.53:174][166]LogModuleManager: Shutting down and abandoning module D3D11RHI (20)
[2018.07.01-10.10.53:174][166]LogModuleManager: Shutting down and abandoning module AnimGraphRuntime (18)
[2018.07.01-10.10.53:174][166]LogModuleManager: Shutting down and abandoning module Renderer (16)
[2018.07.01-10.10.53:174][166]LogModuleManager: Shutting down and abandoning module Engine (14)
[2018.07.01-10.10.53:174][166]LogModuleManager: Shutting down and abandoning module CoreUObject (12)
[2018.07.01-10.10.53:174][166]LogModuleManager: Shutting down and abandoning module NetworkFile (10)
[2018.07.01-10.10.53:175][166]LogModuleManager: Shutting down and abandoning module CookedIterativeFile (8)
[2018.07.01-10.10.53:175][166]LogModuleManager: Shutting down and abandoning module StreamingFile (6)
[2018.07.01-10.10.53:175][166]LogModuleManager: Shutting down and abandoning module SandboxFile (4)
[2018.07.01-10.10.53:176][166]LogModuleManager: Shutting down and abandoning module PakFile (2)
[2018.07.01-10.10.53:193][166]LogExit: Exiting.
[2018.07.01-10.10.53:207][166]Log file closed, 07/01/18 12:10:53
